Log file opened on Sat May 18 11:27:52 2024
Host: its-srv045.sat.its.uu.se  pid: 125764  rank ID: 0  number of ranks:  1
                      :-) GROMACS - gmx mdrun, 2018.8 (-:

                            GROMACS is written by:
     Emile Apol      Rossen Apostolov      Paul Bauer     Herman J.C. Berendsen
    Par Bjelkmar    Aldert van Buuren   Rudi van Drunen     Anton Feenstra  
  Gerrit Groenhof    Aleksei Iupinov   Christoph Junghans   Anca Hamuraru   
 Vincent Hindriksen Dimitrios Karkoulis    Peter Kasson        Jiri Kraus    
  Carsten Kutzner      Per Larsson      Justin A. Lemkul    Viveca Lindahl  
  Magnus Lundborg   Pieter Meulenhoff    Erik Marklund      Teemu Murtola   
    Szilard Pall       Sander Pronk      Roland Schulz     Alexey Shvetsov  
   Michael Shirts     Alfons Sijbers     Peter Tieleman    Teemu Virolainen 
 Christian Wennberg    Maarten Wolf   
                           and the project leaders:
        Mark Abraham, Berk Hess, Erik Lindahl, and David van der Spoel

Copyright (c) 1991-2000, University of Groningen, The Netherlands.
Copyright (c) 2001-2017, The GROMACS development team at
Uppsala University, Stockholm University and
the Royal Institute of Technology, Sweden.
check out http://www.gromacs.org for more information.

GROMACS is free software; you can redistribute it and/or modify it
under the terms of the GNU Lesser General Public License
as published by the Free Software Foundation; either version 2.1
of the License, or (at your option) any later version.

GROMACS:      gmx mdrun, version 2018.8
Executable:   /bin/gmx
Data prefix:  /usr
Working dir:  /home/aleka155/Downloads/Part1
Command line:
  gmx mdrun -deffnm step6.3_equilibration

GROMACS version:    2018.8
Precision:          single
Memory model:       64 bit
MPI library:        thread_mpi
OpenMP support:     enabled (GMX_OPENMP_MAX_THREADS = 64)
GPU support:        OpenCL
SIMD instructions:  SSE2
FFT library:        fftw-3.3.3-sse2
RDTSCP usage:       disabled
TNG support:        enabled
Hwloc support:      hwloc-1.11.8
Tracing support:    disabled
Built on:           2019-10-05 00:30:20
Built by:           mockbuild@buildhw-06.phx2.fedoraproject.org [CMAKE]
Build OS/arch:      Linux 5.1.11-200.fc29.x86_64 x86_64
Build CPU vendor:   Unknown
Build CPU brand:    Unknown
Build CPU family:   0   Model: 0   Stepping: 0
Build CPU features: Unknown
C compiler:         /usr/bin/cc GNU 4.8.5
C compiler flags:    -msse2   -O2 -g -pipe -Wall -Wp,-D_FORTIFY_SOURCE=2 -fexceptions -fstack-protector-strong --param=ssp-buffer-size=4 -grecord-gcc-switches   -m64 -mtune=generic  -DNDEBUG -funroll-all-loops -fexcess-precision=fast  
C++ compiler:       /usr/bin/c++ GNU 4.8.5
C++ compiler flags:  -msse2   -O2 -g -pipe -Wall -Wp,-D_FORTIFY_SOURCE=2 -fexceptions -fstack-protector-strong --param=ssp-buffer-size=4 -grecord-gcc-switches   -m64 -mtune=generic -std=c++11   -DNDEBUG -funroll-all-loops -fexcess-precision=fast  
OpenCL include dir: /usr/include
OpenCL library:     /usr/lib64/libOpenCL.so
OpenCL version:     2.0

NOTE: Detection of GPUs failed. The API reported:
            GROMACS cannot run tasks on a GPU.

Running on 1 node with total 8 cores, 8 logical cores, 0 compatible GPUs
Hardware detected:
  CPU info:
    Vendor: Intel
    Brand:  Intel(R) Xeon(R) Gold 6140 CPU @ 2.30GHz
    Family: 6   Model: 26   Stepping: 4
    Features: apic clfsh cmov cx8 cx16 intel lahf mmx msr nonstop_tsc popcnt pse rdtscp sse2 sse3 sse4.1 sse4.2 ssse3 tdt x2apic
  Hardware topology: Full, with devices
    Sockets, cores, and logical processors:
      Socket  0: [   0]
      Socket  1: [   1]
      Socket  2: [   2]
      Socket  3: [   3]
      Socket  4: [   4]
      Socket  5: [   5]
      Socket  6: [   6]
      Socket  7: [   7]
    Numa nodes:
      Node  0 (67368206336 bytes mem):   0   1   2   3   4   5   6   7
      Latency:
               0
         0  1.00
    Caches:
      L1: 32768 bytes, linesize 64 bytes, assoc. 8, shared 1 ways
      L2: 1048576 bytes, linesize 64 bytes, assoc. 16, shared 1 ways
      L3: 25952256 bytes, linesize 64 bytes, assoc. 11, shared 1 ways
    PCI devices:
      0000:00:07.1  Id: 8086:7111  Class: 0x0101  Numa: 0
      0000:00:0f.0  Id: 15ad:0405  Class: 0x0300  Numa: 0
      0000:00:10.0  Id: 1000:0030  Class: 0x0100  Numa: 0
      0000:03:00.0  Id: 15ad:07b0  Class: 0x0200  Numa: 0
      0000:0b:00.0  Id: 15ad:07b0  Class: 0x0200  Numa: 0

Highest SIMD level requested by all nodes in run: SSE4.1
SIMD instructions selected at compile time:       SSE2
This program was compiled for different hardware than you are running on,
which could influence performance.

The current CPU can measure timings more accurately than the code in
gmx mdrun was configured to use. This might affect your simulation
speed as accurate timings are needed for load-balancing.
Please consider rebuilding gmx mdrun with the GMX_USE_RDTSCP=ON CMake option.

++++ PLEASE READ AND CITE THE FOLLOWING REFERENCE ++++
M. J. Abraham, T. Murtola, R. Schulz, S. Páll, J. C. Smith, B. Hess, E.
Lindahl
GROMACS: High performance molecular simulations through multi-level
parallelism from laptops to supercomputers
SoftwareX 1 (2015) pp. 19-25
-------- -------- --- Thank You --- -------- --------


++++ PLEASE READ AND CITE THE FOLLOWING REFERENCE ++++
S. Páll, M. J. Abraham, C. Kutzner, B. Hess, E. Lindahl
Tackling Exascale Software Challenges in Molecular Dynamics Simulations with
GROMACS
In S. Markidis & E. Laure (Eds.), Solving Software Challenges for Exascale 8759 (2015) pp. 3-27
-------- -------- --- Thank You --- -------- --------


++++ PLEASE READ AND CITE THE FOLLOWING REFERENCE ++++
S. Pronk, S. Páll, R. Schulz, P. Larsson, P. Bjelkmar, R. Apostolov, M. R.
Shirts, J. C. Smith, P. M. Kasson, D. van der Spoel, B. Hess, and E. Lindahl
GROMACS 4.5: a high-throughput and highly parallel open source molecular
simulation toolkit
Bioinformatics 29 (2013) pp. 845-54
-------- -------- --- Thank You --- -------- --------


++++ PLEASE READ AND CITE THE FOLLOWING REFERENCE ++++
B. Hess and C. Kutzner and D. van der Spoel and E. Lindahl
GROMACS 4: Algorithms for highly efficient, load-balanced, and scalable
molecular simulation
J. Chem. Theory Comput. 4 (2008) pp. 435-447
-------- -------- --- Thank You --- -------- --------


++++ PLEASE READ AND CITE THE FOLLOWING REFERENCE ++++
D. van der Spoel, E. Lindahl, B. Hess, G. Groenhof, A. E. Mark and H. J. C.
Berendsen
GROMACS: Fast, Flexible and Free
J. Comp. Chem. 26 (2005) pp. 1701-1719
-------- -------- --- Thank You --- -------- --------


++++ PLEASE READ AND CITE THE FOLLOWING REFERENCE ++++
E. Lindahl and B. Hess and D. van der Spoel
GROMACS 3.0: A package for molecular simulation and trajectory analysis
J. Mol. Mod. 7 (2001) pp. 306-317
-------- -------- --- Thank You --- -------- --------


++++ PLEASE READ AND CITE THE FOLLOWING REFERENCE ++++
H. J. C. Berendsen, D. van der Spoel and R. van Drunen
GROMACS: A message-passing parallel molecular dynamics implementation
Comp. Phys. Comm. 91 (1995) pp. 43-56
-------- -------- --- Thank You --- -------- --------

Input Parameters:
   integrator                     = md
   tinit                          = 0
   dt                             = 0.005
   nsteps                         = 200000
   init-step                      = 0
   simulation-part                = 1
   comm-mode                      = Linear
   nstcomm                        = 100
   bd-fric                        = 0
   ld-seed                        = 182375734
   emtol                          = 10
   emstep                         = 0.01
   niter                          = 20
   fcstep                         = 0
   nstcgsteep                     = 1000
   nbfgscorr                      = 10
   rtpi                           = 0.05
   nstxout                        = 0
   nstvout                        = 0
   nstfout                        = 0
   nstlog                         = 1000
   nstcalcenergy                  = 100
   nstenergy                      = 1000
   nstxout-compressed             = 1000
   compressed-x-precision         = 100
   cutoff-scheme                  = Verlet
   nstlist                        = 20
   ns-type                        = Grid
   pbc                            = xyz
   periodic-molecules             = false
   verlet-buffer-tolerance        = 0.005
   rlist                          = 1.11
   coulombtype                    = Reaction-Field
   coulomb-modifier               = Potential-shift
   rcoulomb-switch                = 0
   rcoulomb                       = 1.1
   epsilon-r                      = 15
   epsilon-rf                     = inf
   vdw-type                       = Cut-off
   vdw-modifier                   = Potential-shift
   rvdw-switch                    = 0
   rvdw                           = 1.1
   DispCorr                       = No
   table-extension                = 1
   fourierspacing                 = 0.12
   fourier-nx                     = 0
   fourier-ny                     = 0
   fourier-nz                     = 0
   pme-order                      = 4
   ewald-rtol                     = 1e-05
   ewald-rtol-lj                  = 0.001
   lj-pme-comb-rule               = Geometric
   ewald-geometry                 = 0
   epsilon-surface                = 0
   implicit-solvent               = No
   gb-algorithm                   = Still
   nstgbradii                     = 1
   rgbradii                       = 1
   gb-epsilon-solvent             = 80
   gb-saltconc                    = 0
   gb-obc-alpha                   = 1
   gb-obc-beta                    = 0.8
   gb-obc-gamma                   = 4.85
   gb-dielectric-offset           = 0.009
   sa-algorithm                   = Ace-approximation
   sa-surface-tension             = 2.05016
   tcoupl                         = V-rescale
   nsttcouple                     = 20
   nh-chain-length                = 0
   print-nose-hoover-chain-variables = false
   pcoupl                         = Berendsen
   pcoupltype                     = Isotropic
   nstpcouple                     = 20
   tau-p                          = 5
   compressibility (3x3):
      compressibility[    0]={ 3.00000e-04,  0.00000e+00,  0.00000e+00}
      compressibility[    1]={ 0.00000e+00,  3.00000e-04,  0.00000e+00}
      compressibility[    2]={ 0.00000e+00,  0.00000e+00,  3.00000e-04}
   ref-p (3x3):
      ref-p[    0]={ 1.00000e+00,  0.00000e+00,  0.00000e+00}
      ref-p[    1]={ 0.00000e+00,  1.00000e+00,  0.00000e+00}
      ref-p[    2]={ 0.00000e+00,  0.00000e+00,  1.00000e+00}
   refcoord-scaling               = All
   posres-com (3):
      posres-com[0]= 0.00000e+00
      posres-com[1]= 0.00000e+00
      posres-com[2]= 0.00000e+00
   posres-comB (3):
      posres-comB[0]= 0.00000e+00
      posres-comB[1]= 0.00000e+00
      posres-comB[2]= 0.00000e+00
   QMMM                           = false
   QMconstraints                  = 0
   QMMMscheme                     = 0
   MMChargeScaleFactor            = 1
qm-opts:
   ngQM                           = 0
   constraint-algorithm           = Lincs
   continuation                   = false
   Shake-SOR                      = false
   shake-tol                      = 0.0001
   lincs-order                    = 4
   lincs-iter                     = 1
   lincs-warnangle                = 30
   nwall                          = 0
   wall-type                      = 9-3
   wall-r-linpot                  = -1
   wall-atomtype[0]               = -1
   wall-atomtype[1]               = -1
   wall-density[0]                = 0
   wall-density[1]                = 0
   wall-ewald-zfac                = 3
   pull                           = false
   awh                            = false
   rotation                       = false
   interactiveMD                  = false
   disre                          = No
   disre-weighting                = Conservative
   disre-mixed                    = false
   dr-fc                          = 1000
   dr-tau                         = 0
   nstdisreout                    = 100
   orire-fc                       = 0
   orire-tau                      = 0
   nstorireout                    = 100
   free-energy                    = no
   cos-acceleration               = 0
   deform (3x3):
      deform[    0]={ 0.00000e+00,  0.00000e+00,  0.00000e+00}
      deform[    1]={ 0.00000e+00,  0.00000e+00,  0.00000e+00}
      deform[    2]={ 0.00000e+00,  0.00000e+00,  0.00000e+00}
   simulated-tempering            = false
   swapcoords                     = no
   userint1                       = 0
   userint2                       = 0
   userint3                       = 0
   userint4                       = 0
   userreal1                      = 0
   userreal2                      = 0
   userreal3                      = 0
   userreal4                      = 0
   applied-forces:
     electric-field:
       x:
         E0                       = 0
         omega                    = 0
         t0                       = 0
         sigma                    = 0
       y:
         E0                       = 0
         omega                    = 0
         t0                       = 0
         sigma                    = 0
       z:
         E0                       = 0
         omega                    = 0
         t0                       = 0
         sigma                    = 0
grpopts:
   nrdf:       13437
   ref-t:         300
   tau-t:           1
annealing:          No
annealing-npoints:           0
   acc:	           0           0           0
   nfreeze:           N           N           N
   energygrp-flags[  0]: 0

Changing nstlist from 20 to 80, rlist from 1.11 to 1.229


Using 1 MPI thread
Using 8 OpenMP threads 

Pinning threads with an auto-selected logical core stride of 1
System total charge: 0.000
Reaction-Field:
epsRF = 0, rc = 1.1, krf = 0.375657, crf = 1.36364, epsfac = 9.26236
The electrostatics potential has its minimum at r = 1.1
Potential shift: LJ r^-12: -3.186e-01 r^-6: -5.645e-01

Using SIMD 4x4 nonbonded short-range kernels

Using a dual 4x4 pair-list setup updated with dynamic pruning:
  outer list: updated every 80 steps, buffer 0.129 nm, rlist 1.229 nm
  inner list: updated every 12 steps, buffer 0.001 nm, rlist 1.101 nm
At tolerance 0.005 kJ/mol/ps per atom, equivalent classical 1x1 list would be:
  outer list: updated every 80 steps, buffer 0.217 nm, rlist 1.317 nm
  inner list: updated every 12 steps, buffer 0.016 nm, rlist 1.116 nm

Using full Lennard-Jones parameter combination matrix

Removing pbc first time

Intra-simulation communication will occur every 20 steps.
Center of mass motion removal mode is Linear
We have the following groups for center of mass motion removal:
  0:  rest

++++ PLEASE READ AND CITE THE FOLLOWING REFERENCE ++++
G. Bussi, D. Donadio and M. Parrinello
Canonical sampling through velocity rescaling
J. Chem. Phys. 126 (2007) pp. 014101
-------- -------- --- Thank You --- -------- --------

There are: 4480 Atoms
Initial temperature: 305.837 K

Started mdrun on rank 0 Sat May 18 11:27:52 2024
           Step           Time
              0        0.00000

   Energies (kJ/mol)
           Bond        LJ (SR)   Coulomb (SR)      Potential    Kinetic En.
    1.62683e+03   -1.12420e+05    0.00000e+00   -1.10794e+05    1.70921e+04
   Total Energy  Conserved En.    Temperature Pressure (bar)
   -9.37015e+04   -9.36985e+04    3.05977e+02   -3.78273e+01

           Step           Time
           1000        5.00000

   Energies (kJ/mol)
           Bond        LJ (SR)   Coulomb (SR)      Potential    Kinetic En.
    1.71256e+03   -1.12685e+05    0.00000e+00   -1.10972e+05    1.68008e+04
   Total Energy  Conserved En.    Temperature Pressure (bar)
   -9.41715e+04   -9.38175e+04    3.00763e+02    1.73432e+01

           Step           Time
           2000       10.00000

   Energies (kJ/mol)
           Bond        LJ (SR)   Coulomb (SR)      Potential    Kinetic En.
    1.71653e+03   -1.12584e+05    0.00000e+00   -1.10867e+05    1.66725e+04
   Total Energy  Conserved En.    Temperature Pressure (bar)
   -9.41947e+04   -9.39410e+04    2.98466e+02    3.36375e+01

           Step           Time
           3000       15.00000

   Energies (kJ/mol)
           Bond        LJ (SR)   Coulomb (SR)      Potential    Kinetic En.
    1.65609e+03   -1.12376e+05    0.00000e+00   -1.10720e+05    1.69160e+04
   Total Energy  Conserved En.    Temperature Pressure (bar)
   -9.38041e+04   -9.40632e+04    3.02824e+02    4.52841e+01

           Step           Time
           4000       20.00000

   Energies (kJ/mol)
           Bond        LJ (SR)   Coulomb (SR)      Potential    Kinetic En.
    1.64285e+03   -1.12852e+05    0.00000e+00   -1.11210e+05    1.70515e+04
   Total Energy  Conserved En.    Temperature Pressure (bar)
   -9.41581e+04   -9.41816e+04    3.05251e+02   -4.34398e+01

           Step           Time
           5000       25.00000

   Energies (kJ/mol)
           Bond        LJ (SR)   Coulomb (SR)      Potential    Kinetic En.
    1.67613e+03   -1.12283e+05    0.00000e+00   -1.10607e+05    1.70196e+04
   Total Energy  Conserved En.    Temperature Pressure (bar)
   -9.35876e+04   -9.43046e+04    3.04679e+02   -4.81682e+00

           Step           Time
           6000       30.00000

   Energies (kJ/mol)
           Bond        LJ (SR)   Coulomb (SR)      Potential    Kinetic En.
    1.53984e+03   -1.11953e+05    0.00000e+00   -1.10413e+05    1.69814e+04
   Total Energy  Conserved En.    Temperature Pressure (bar)
   -9.34314e+04   -9.44286e+04    3.03995e+02    2.15247e+01

           Step           Time
           7000       35.00000

   Energies (kJ/mol)
           Bond        LJ (SR)   Coulomb (SR)      Potential    Kinetic En.
    1.63798e+03   -1.12505e+05    0.00000e+00   -1.10867e+05    1.68314e+04
   Total Energy  Conserved En.    Temperature Pressure (bar)
   -9.40358e+04   -9.45485e+04    3.01310e+02   -4.61961e+01

           Step           Time
           8000       40.00000

   Energies (kJ/mol)
           Bond        LJ (SR)   Coulomb (SR)      Potential    Kinetic En.
    1.56213e+03   -1.12686e+05    0.00000e+00   -1.11124e+05    1.65823e+04
   Total Energy  Conserved En.    Temperature Pressure (bar)
   -9.45413e+04   -9.46759e+04    2.96851e+02    2.64233e+01

           Step           Time
           9000       45.00000

   Energies (kJ/mol)
           Bond        LJ (SR)   Coulomb (SR)      Potential    Kinetic En.
    1.54452e+03   -1.12856e+05    0.00000e+00   -1.11311e+05    1.67880e+04
   Total Energy  Conserved En.    Temperature Pressure (bar)
   -9.45232e+04   -9.47917e+04    3.00533e+02   -2.57332e+01

           Step           Time
          10000       50.00000

   Energies (kJ/mol)
           Bond        LJ (SR)   Coulomb (SR)      Potential    Kinetic En.
    1.59735e+03   -1.12004e+05    0.00000e+00   -1.10406e+05    1.68143e+04
   Total Energy  Conserved En.    Temperature Pressure (bar)
   -9.35919e+04   -9.49186e+04    3.01004e+02    4.22120e+01

           Step           Time
          11000       55.00000

   Energies (kJ/mol)
           Bond        LJ (SR)   Coulomb (SR)      Potential    Kinetic En.
    1.67807e+03   -1.12594e+05    0.00000e+00   -1.10916e+05    1.65670e+04
   Total Energy  Conserved En.    Temperature Pressure (bar)
   -9.43489e+04   -9.50394e+04    2.96577e+02    2.24042e+01

           Step           Time
          12000       60.00000

   Energies (kJ/mol)
           Bond        LJ (SR)   Coulomb (SR)      Potential    Kinetic En.
    1.67132e+03   -1.12616e+05    0.00000e+00   -1.10945e+05    1.66247e+04
   Total Energy  Conserved En.    Temperature Pressure (bar)
   -9.43205e+04   -9.51611e+04    2.97609e+02    7.21491e+00

           Step           Time
          13000       65.00000

   Energies (kJ/mol)
           Bond        LJ (SR)   Coulomb (SR)      Potential    Kinetic En.
    1.54704e+03   -1.12877e+05    0.00000e+00   -1.11330e+05    1.65809e+04
   Total Energy  Conserved En.    Temperature Pressure (bar)
   -9.47493e+04   -9.52805e+04    2.96825e+02    1.15992e+00

           Step           Time
          14000       70.00000

   Energies (kJ/mol)
           Bond        LJ (SR)   Coulomb (SR)      Potential    Kinetic En.
    1.64929e+03   -1.12964e+05    0.00000e+00   -1.11315e+05    1.63095e+04
   Total Energy  Conserved En.    Temperature Pressure (bar)
   -9.50055e+04   -9.54055e+04    2.91967e+02    6.41805e+01

           Step           Time
          15000       75.00000

   Energies (kJ/mol)
           Bond        LJ (SR)   Coulomb (SR)      Potential    Kinetic En.
    1.72536e+03   -1.12583e+05    0.00000e+00   -1.10858e+05    1.69470e+04
   Total Energy  Conserved En.    Temperature Pressure (bar)
   -9.39106e+04   -9.55168e+04    3.03380e+02   -2.57789e+01

           Step           Time
          16000       80.00000

   Energies (kJ/mol)
           Bond        LJ (SR)   Coulomb (SR)      Potential    Kinetic En.
    1.69015e+03   -1.12824e+05    0.00000e+00   -1.11134e+05    1.69996e+04
   Total Energy  Conserved En.    Temperature Pressure (bar)
   -9.41343e+04   -9.56348e+04    3.04321e+02   -6.30031e+01

           Step           Time
          17000       85.00000

   Energies (kJ/mol)
           Bond        LJ (SR)   Coulomb (SR)      Potential    Kinetic En.
    1.63941e+03   -1.12634e+05    0.00000e+00   -1.10994e+05    1.62342e+04
   Total Energy  Conserved En.    Temperature Pressure (bar)
   -9.47600e+04   -9.57600e+04    2.90619e+02    1.23382e+01

           Step           Time
          18000       90.00000

   Energies (kJ/mol)
           Bond        LJ (SR)   Coulomb (SR)      Potential    Kinetic En.
    1.62634e+03   -1.12714e+05    0.00000e+00   -1.11088e+05    1.64640e+04
   Total Energy  Conserved En.    Temperature Pressure (bar)
   -9.46239e+04   -9.58835e+04    2.94732e+02    2.69892e+01

           Step           Time
          19000       95.00000

   Energies (kJ/mol)
           Bond        LJ (SR)   Coulomb (SR)      Potential    Kinetic En.
    1.55479e+03   -1.12460e+05    0.00000e+00   -1.10905e+05    1.65655e+04
   Total Energy  Conserved En.    Temperature Pressure (bar)
   -9.43394e+04   -9.60028e+04    2.96551e+02    3.88303e+01

           Step           Time
          20000      100.00000

   Energies (kJ/mol)
           Bond        LJ (SR)   Coulomb (SR)      Potential    Kinetic En.
    1.67051e+03   -1.12445e+05    0.00000e+00   -1.10775e+05    1.67571e+04
   Total Energy  Conserved En.    Temperature Pressure (bar)
   -9.40176e+04   -9.61217e+04    2.99981e+02   -3.93795e+01

           Step           Time
          21000      105.00000

   Energies (kJ/mol)
           Bond        LJ (SR)   Coulomb (SR)      Potential    Kinetic En.
    1.58323e+03   -1.13454e+05    0.00000e+00   -1.11870e+05    1.64004e+04
   Total Energy  Conserved En.    Temperature Pressure (bar)
   -9.54699e+04   -9.62420e+04    2.93595e+02   -1.38078e+00

           Step           Time
          22000      110.00000

   Energies (kJ/mol)
           Bond        LJ (SR)   Coulomb (SR)      Potential    Kinetic En.
    1.56909e+03   -1.13299e+05    0.00000e+00   -1.11730e+05    1.66755e+04
   Total Energy  Conserved En.    Temperature Pressure (bar)
   -9.50542e+04   -9.63592e+04    2.98519e+02   -7.77621e+00

           Step           Time
          23000      115.00000

   Energies (kJ/mol)
           Bond        LJ (SR)   Coulomb (SR)      Potential    Kinetic En.
    1.61933e+03   -1.12631e+05    0.00000e+00   -1.11011e+05    1.68676e+04
   Total Energy  Conserved En.    Temperature Pressure (bar)
   -9.41438e+04   -9.64797e+04    3.01959e+02    1.24940e+00

           Step           Time
          24000      120.00000

   Energies (kJ/mol)
           Bond        LJ (SR)   Coulomb (SR)      Potential    Kinetic En.
    1.69573e+03   -1.12522e+05    0.00000e+00   -1.10827e+05    1.68390e+04
   Total Energy  Conserved En.    Temperature Pressure (bar)
   -9.39876e+04   -9.65996e+04    3.01446e+02    1.36170e+00

           Step           Time
          25000      125.00000

   Energies (kJ/mol)
           Bond        LJ (SR)   Coulomb (SR)      Potential    Kinetic En.
    1.58627e+03   -1.12575e+05    0.00000e+00   -1.10989e+05    1.67411e+04
   Total Energy  Conserved En.    Temperature Pressure (bar)
   -9.42475e+04   -9.67218e+04    2.99693e+02    1.81015e+01

           Step           Time
          26000      130.00000

   Energies (kJ/mol)
           Bond        LJ (SR)   Coulomb (SR)      Potential    Kinetic En.
    1.56743e+03   -1.12715e+05    0.00000e+00   -1.11148e+05    1.66075e+04
   Total Energy  Conserved En.    Temperature Pressure (bar)
   -9.45401e+04   -9.68451e+04    2.97302e+02    5.95401e+01

           Step           Time
          27000      135.00000

   Energies (kJ/mol)
           Bond        LJ (SR)   Coulomb (SR)      Potential    Kinetic En.
    1.68891e+03   -1.12007e+05    0.00000e+00   -1.10318e+05    1.66861e+04
   Total Energy  Conserved En.    Temperature Pressure (bar)
   -9.36318e+04   -9.69696e+04    2.98709e+02    7.42347e+01

           Step           Time
          28000      140.00000

   Energies (kJ/mol)
           Bond        LJ (SR)   Coulomb (SR)      Potential    Kinetic En.
    1.67214e+03   -1.12525e+05    0.00000e+00   -1.10853e+05    1.69920e+04
   Total Energy  Conserved En.    Temperature Pressure (bar)
   -9.38613e+04   -9.70919e+04    3.04185e+02    7.15872e+01

           Step           Time
          29000      145.00000

   Energies (kJ/mol)
           Bond        LJ (SR)   Coulomb (SR)      Potential    Kinetic En.
    1.67906e+03   -1.12809e+05    0.00000e+00   -1.11130e+05    1.67779e+04
   Total Energy  Conserved En.    Temperature Pressure (bar)
   -9.43519e+04   -9.72027e+04    3.00352e+02   -8.77923e+01

           Step           Time
          30000      150.00000

   Energies (kJ/mol)
           Bond        LJ (SR)   Coulomb (SR)      Potential    Kinetic En.
    1.68063e+03   -1.12211e+05    0.00000e+00   -1.10530e+05    1.65892e+04
   Total Energy  Conserved En.    Temperature Pressure (bar)
   -9.39411e+04   -9.73272e+04    2.96975e+02    2.58724e+01

           Step           Time
          31000      155.00000

   Energies (kJ/mol)
           Bond        LJ (SR)   Coulomb (SR)      Potential    Kinetic En.
    1.61304e+03   -1.12975e+05    0.00000e+00   -1.11362e+05    1.66926e+04
   Total Energy  Conserved En.    Temperature Pressure (bar)
   -9.46694e+04   -9.74486e+04    2.98826e+02    3.34093e+01

           Step           Time
          32000      160.00000

   Energies (kJ/mol)
           Bond        LJ (SR)   Coulomb (SR)      Potential    Kinetic En.
    1.70390e+03   -1.12711e+05    0.00000e+00   -1.11007e+05    1.68760e+04
   Total Energy  Conserved En.    Temperature Pressure (bar)
   -9.41307e+04   -9.75685e+04    3.02108e+02    3.56165e+01

           Step           Time
          33000      165.00000

   Energies (kJ/mol)
           Bond        LJ (SR)   Coulomb (SR)      Potential    Kinetic En.
    1.69690e+03   -1.12659e+05    0.00000e+00   -1.10963e+05    1.66255e+04
   Total Energy  Conserved En.    Temperature Pressure (bar)
   -9.43370e+04   -9.76863e+04    2.97625e+02   -2.16984e+01

           Step           Time
          34000      170.00000

   Energies (kJ/mol)
           Bond        LJ (SR)   Coulomb (SR)      Potential    Kinetic En.
    1.75194e+03   -1.12290e+05    0.00000e+00   -1.10538e+05    1.69252e+04
   Total Energy  Conserved En.    Temperature Pressure (bar)
   -9.36124e+04   -9.78131e+04    3.02990e+02   -8.23716e+00

           Step           Time
          35000      175.00000

   Energies (kJ/mol)
           Bond        LJ (SR)   Coulomb (SR)      Potential    Kinetic En.
    1.67169e+03   -1.12178e+05    0.00000e+00   -1.10506e+05    1.66663e+04
   Total Energy  Conserved En.    Temperature Pressure (bar)
   -9.38398e+04   -9.79350e+04    2.98355e+02    1.61484e+01

           Step           Time
          36000      180.00000

   Energies (kJ/mol)
           Bond        LJ (SR)   Coulomb (SR)      Potential    Kinetic En.
    1.68205e+03   -1.12212e+05    0.00000e+00   -1.10530e+05    1.67970e+04
   Total Energy  Conserved En.    Temperature Pressure (bar)
   -9.37330e+04   -9.80571e+04    3.00694e+02   -2.16855e+01

           Step           Time
          37000      185.00000

   Energies (kJ/mol)
           Bond        LJ (SR)   Coulomb (SR)      Potential    Kinetic En.
    1.66861e+03   -1.12419e+05    0.00000e+00   -1.10750e+05    1.68888e+04
   Total Energy  Conserved En.    Temperature Pressure (bar)
   -9.38612e+04   -9.81743e+04    3.02337e+02   -7.23767e+01

           Step           Time
          38000      190.00000

   Energies (kJ/mol)
           Bond        LJ (SR)   Coulomb (SR)      Potential    Kinetic En.
    1.67526e+03   -1.12911e+05    0.00000e+00   -1.11236e+05    1.68238e+04
   Total Energy  Conserved En.    Temperature Pressure (bar)
   -9.44122e+04   -9.82967e+04    3.01173e+02   -6.98242e+01

           Step           Time
          39000      195.00000

   Energies (kJ/mol)
           Bond        LJ (SR)   Coulomb (SR)      Potential    Kinetic En.
    1.70812e+03   -1.12492e+05    0.00000e+00   -1.10784e+05    1.64885e+04
   Total Energy  Conserved En.    Temperature Pressure (bar)
   -9.42954e+04   -9.84252e+04    2.95171e+02    4.83512e+01

           Step           Time
          40000      200.00000

   Energies (kJ/mol)
           Bond        LJ (SR)   Coulomb (SR)      Potential    Kinetic En.
    1.70263e+03   -1.12742e+05    0.00000e+00   -1.11040e+05    1.69868e+04
   Total Energy  Conserved En.    Temperature Pressure (bar)
   -9.40527e+04   -9.85396e+04    3.04093e+02   -5.47514e+01

           Step           Time
          41000      205.00000

   Energies (kJ/mol)
           Bond        LJ (SR)   Coulomb (SR)      Potential    Kinetic En.
    1.62396e+03   -1.12624e+05    0.00000e+00   -1.11001e+05    1.65445e+04
   Total Energy  Conserved En.    Temperature Pressure (bar)
   -9.44560e+04   -9.86640e+04    2.96175e+02    9.25930e+00

           Step           Time
          42000      210.00000

   Energies (kJ/mol)
           Bond        LJ (SR)   Coulomb (SR)      Potential    Kinetic En.
    1.64471e+03   -1.13040e+05    0.00000e+00   -1.11395e+05    1.66067e+04
   Total Energy  Conserved En.    Temperature Pressure (bar)
   -9.47885e+04   -9.87820e+04    2.97287e+02   -1.05039e+01

           Step           Time
          43000      215.00000

   Energies (kJ/mol)
           Bond        LJ (SR)   Coulomb (SR)      Potential    Kinetic En.
    1.68453e+03   -1.12626e+05    0.00000e+00   -1.10942e+05    1.66112e+04
   Total Energy  Conserved En.    Temperature Pressure (bar)
   -9.43306e+04   -9.89010e+04    2.97368e+02    1.93917e+01

           Step           Time
          44000      220.00000

   Energies (kJ/mol)
           Bond        LJ (SR)   Coulomb (SR)      Potential    Kinetic En.
    1.71672e+03   -1.13013e+05    0.00000e+00   -1.11296e+05    1.65534e+04
   Total Energy  Conserved En.    Temperature Pressure (bar)
   -9.47426e+04   -9.90187e+04    2.96333e+02   -1.26778e+01

           Step           Time
          45000      225.00000

   Energies (kJ/mol)
           Bond        LJ (SR)   Coulomb (SR)      Potential    Kinetic En.
    1.65617e+03   -1.12796e+05    0.00000e+00   -1.11140e+05    1.65610e+04
   Total Energy  Conserved En.    Temperature Pressure (bar)
   -9.45787e+04   -9.91373e+04    2.96470e+02   -1.38552e+01

           Step           Time
          46000      230.00000

   Energies (kJ/mol)
           Bond        LJ (SR)   Coulomb (SR)      Potential    Kinetic En.
    1.70394e+03   -1.12739e+05    0.00000e+00   -1.11035e+05    1.66315e+04
   Total Energy  Conserved En.    Temperature Pressure (bar)
   -9.44031e+04   -9.92606e+04    2.97731e+02   -2.51403e+00

           Step           Time
          47000      235.00000

   Energies (kJ/mol)
           Bond        LJ (SR)   Coulomb (SR)      Potential    Kinetic En.
    1.60506e+03   -1.12740e+05    0.00000e+00   -1.11135e+05    1.69144e+04
   Total Energy  Conserved En.    Temperature Pressure (bar)
   -9.42204e+04   -9.93823e+04    3.02795e+02   -1.36991e+01

           Step           Time
          48000      240.00000

   Energies (kJ/mol)
           Bond        LJ (SR)   Coulomb (SR)      Potential    Kinetic En.
    1.73097e+03   -1.12949e+05    0.00000e+00   -1.11218e+05    1.71943e+04
   Total Energy  Conserved En.    Temperature Pressure (bar)
   -9.40234e+04   -9.94994e+04    3.07806e+02   -8.21740e+01

           Step           Time
          49000      245.00000

   Energies (kJ/mol)
           Bond        LJ (SR)   Coulomb (SR)      Potential    Kinetic En.
    1.60358e+03   -1.12726e+05    0.00000e+00   -1.11122e+05    1.68734e+04
   Total Energy  Conserved En.    Temperature Pressure (bar)
   -9.42489e+04   -9.96303e+04    3.02062e+02    2.04284e+00

           Step           Time
          50000      250.00000

   Energies (kJ/mol)
           Bond        LJ (SR)   Coulomb (SR)      Potential    Kinetic En.
    1.61134e+03   -1.12520e+05    0.00000e+00   -1.10908e+05    1.66223e+04
   Total Energy  Conserved En.    Temperature Pressure (bar)
   -9.42862e+04   -9.97543e+04    2.97567e+02    3.75362e+01

           Step           Time
          51000      255.00000

   Energies (kJ/mol)
           Bond        LJ (SR)   Coulomb (SR)      Potential    Kinetic En.
    1.69651e+03   -1.12732e+05    0.00000e+00   -1.11035e+05    1.66691e+04
   Total Energy  Conserved En.    Temperature Pressure (bar)
   -9.43661e+04   -9.98735e+04    2.98405e+02    1.00428e+01

           Step           Time
          52000      260.00000

   Energies (kJ/mol)
           Bond        LJ (SR)   Coulomb (SR)      Potential    Kinetic En.
    1.66126e+03   -1.13033e+05    0.00000e+00   -1.11372e+05    1.65442e+04
   Total Energy  Conserved En.    Temperature Pressure (bar)
   -9.48275e+04   -9.99918e+04    2.96168e+02   -4.53863e+01

           Step           Time
          53000      265.00000

   Energies (kJ/mol)
           Bond        LJ (SR)   Coulomb (SR)      Potential    Kinetic En.
    1.47043e+03   -1.12629e+05    0.00000e+00   -1.11159e+05    1.70030e+04
   Total Energy  Conserved En.    Temperature Pressure (bar)
   -9.41556e+04   -1.00118e+05    3.04381e+02    1.41415e+01

           Step           Time
          54000      270.00000

   Energies (kJ/mol)
           Bond        LJ (SR)   Coulomb (SR)      Potential    Kinetic En.
    1.64164e+03   -1.12577e+05    0.00000e+00   -1.10935e+05    1.67385e+04
   Total Energy  Conserved En.    Temperature Pressure (bar)
   -9.41968e+04   -1.00240e+05    2.99647e+02    3.41852e+01

           Step           Time
          55000      275.00000

   Energies (kJ/mol)
           Bond        LJ (SR)   Coulomb (SR)      Potential    Kinetic En.
    1.64412e+03   -1.12209e+05    0.00000e+00   -1.10565e+05    1.69210e+04
   Total Energy  Conserved En.    Temperature Pressure (bar)
   -9.36441e+04   -1.00362e+05    3.02914e+02    5.58957e+01

           Step           Time
          56000      280.00000

   Energies (kJ/mol)
           Bond        LJ (SR)   Coulomb (SR)      Potential    Kinetic En.
    1.69650e+03   -1.12837e+05    0.00000e+00   -1.11140e+05    1.64919e+04
   Total Energy  Conserved En.    Temperature Pressure (bar)
   -9.46485e+04   -1.00478e+05    2.95232e+02   -2.22021e+01

           Step           Time
          57000      285.00000

   Energies (kJ/mol)
           Bond        LJ (SR)   Coulomb (SR)      Potential    Kinetic En.
    1.58959e+03   -1.12646e+05    0.00000e+00   -1.11056e+05    1.65513e+04
   Total Energy  Conserved En.    Temperature Pressure (bar)
   -9.45047e+04   -1.00601e+05    2.96296e+02    3.73485e+01

           Step           Time
          58000      290.00000

   Energies (kJ/mol)
           Bond        LJ (SR)   Coulomb (SR)      Potential    Kinetic En.
    1.57995e+03   -1.12442e+05    0.00000e+00   -1.10862e+05    1.68518e+04
   Total Energy  Conserved En.    Temperature Pressure (bar)
   -9.40102e+04   -1.00723e+05    3.01674e+02    3.08801e+01

           Step           Time
          59000      295.00000

   Energies (kJ/mol)
           Bond        LJ (SR)   Coulomb (SR)      Potential    Kinetic En.
    1.65785e+03   -1.12804e+05    0.00000e+00   -1.11146e+05    1.69916e+04
   Total Energy  Conserved En.    Temperature Pressure (bar)
   -9.41548e+04   -1.00839e+05    3.04177e+02   -1.24032e+01

           Step           Time
          60000      300.00000

   Energies (kJ/mol)
           Bond        LJ (SR)   Coulomb (SR)      Potential    Kinetic En.
    1.72024e+03   -1.12324e+05    0.00000e+00   -1.10604e+05    1.64852e+04
   Total Energy  Conserved En.    Temperature Pressure (bar)
   -9.41189e+04   -1.00962e+05    2.95112e+02    2.09595e+01

           Step           Time
          61000      305.00000

   Energies (kJ/mol)
           Bond        LJ (SR)   Coulomb (SR)      Potential    Kinetic En.
    1.65658e+03   -1.12951e+05    0.00000e+00   -1.11294e+05    1.64255e+04
   Total Energy  Conserved En.    Temperature Pressure (bar)
   -9.48685e+04   -1.01079e+05    2.94044e+02   -1.58595e+01

           Step           Time
          62000      310.00000

   Energies (kJ/mol)
           Bond        LJ (SR)   Coulomb (SR)      Potential    Kinetic En.
    1.58584e+03   -1.12829e+05    0.00000e+00   -1.11244e+05    1.65397e+04
   Total Energy  Conserved En.    Temperature Pressure (bar)
   -9.47039e+04   -1.01199e+05    2.96088e+02   -8.09138e+00

           Step           Time
          63000      315.00000

   Energies (kJ/mol)
           Bond        LJ (SR)   Coulomb (SR)      Potential    Kinetic En.
    1.57570e+03   -1.12587e+05    0.00000e+00   -1.11012e+05    1.68676e+04
   Total Energy  Conserved En.    Temperature Pressure (bar)
   -9.41441e+04   -1.01319e+05    3.01958e+02   -7.36030e+00

           Step           Time
          64000      320.00000

   Energies (kJ/mol)
           Bond        LJ (SR)   Coulomb (SR)      Potential    Kinetic En.
    1.78109e+03   -1.12731e+05    0.00000e+00   -1.10950e+05    1.66291e+04
   Total Energy  Conserved En.    Temperature Pressure (bar)
   -9.43205e+04   -1.01441e+05    2.97689e+02    1.72183e+00

           Step           Time
          65000      325.00000

   Energies (kJ/mol)
           Bond        LJ (SR)   Coulomb (SR)      Potential    Kinetic En.
    1.73451e+03   -1.13025e+05    0.00000e+00   -1.11290e+05    1.66838e+04
   Total Energy  Conserved En.    Temperature Pressure (bar)
   -9.46066e+04   -1.01557e+05    2.98667e+02   -1.74853e+01

           Step           Time
          66000      330.00000

   Energies (kJ/mol)
           Bond        LJ (SR)   Coulomb (SR)      Potential    Kinetic En.
    1.60622e+03   -1.12730e+05    0.00000e+00   -1.11124e+05    1.67427e+04
   Total Energy  Conserved En.    Temperature Pressure (bar)
   -9.43814e+04   -1.01679e+05    2.99723e+02    8.85984e+00

           Step           Time
          67000      335.00000

   Energies (kJ/mol)
           Bond        LJ (SR)   Coulomb (SR)      Potential    Kinetic En.
    1.69137e+03   -1.13079e+05    0.00000e+00   -1.11388e+05    1.67515e+04
   Total Energy  Conserved En.    Temperature Pressure (bar)
   -9.46365e+04   -1.01796e+05    2.99879e+02   -2.42226e+01

           Step           Time
          68000      340.00000

   Energies (kJ/mol)
           Bond        LJ (SR)   Coulomb (SR)      Potential    Kinetic En.
    1.65094e+03   -1.12748e+05    0.00000e+00   -1.11097e+05    1.69483e+04
   Total Energy  Conserved En.    Temperature Pressure (bar)
   -9.41488e+04   -1.01919e+05    3.03404e+02   -4.18680e+00

           Step           Time
          69000      345.00000

   Energies (kJ/mol)
           Bond        LJ (SR)   Coulomb (SR)      Potential    Kinetic En.
    1.65158e+03   -1.12860e+05    0.00000e+00   -1.11209e+05    1.66665e+04
   Total Energy  Conserved En.    Temperature Pressure (bar)
   -9.45422e+04   -1.02034e+05    2.98358e+02   -2.19774e+01

           Step           Time
          70000      350.00000

   Energies (kJ/mol)
           Bond        LJ (SR)   Coulomb (SR)      Potential    Kinetic En.
    1.71102e+03   -1.12966e+05    0.00000e+00   -1.11255e+05    1.64534e+04
   Total Energy  Conserved En.    Temperature Pressure (bar)
   -9.48020e+04   -1.02152e+05    2.94543e+02   -3.27845e+01

           Step           Time
          71000      355.00000

   Energies (kJ/mol)
           Bond        LJ (SR)   Coulomb (SR)      Potential    Kinetic En.
    1.79358e+03   -1.12356e+05    0.00000e+00   -1.10563e+05    1.64567e+04
   Total Energy  Conserved En.    Temperature Pressure (bar)
   -9.41062e+04   -1.02275e+05    2.94602e+02    7.20449e+01

           Step           Time
          72000      360.00000

   Energies (kJ/mol)
           Bond        LJ (SR)   Coulomb (SR)      Potential    Kinetic En.
    1.69667e+03   -1.12920e+05    0.00000e+00   -1.11223e+05    1.69793e+04
   Total Energy  Conserved En.    Temperature Pressure (bar)
   -9.42440e+04   -1.02394e+05    3.03959e+02   -2.16655e+01

           Step           Time
          73000      365.00000

   Energies (kJ/mol)
           Bond        LJ (SR)   Coulomb (SR)      Potential    Kinetic En.
    1.61632e+03   -1.12403e+05    0.00000e+00   -1.10787e+05    1.65027e+04
   Total Energy  Conserved En.    Temperature Pressure (bar)
   -9.42844e+04   -1.02513e+05    2.95425e+02    1.83238e+01

           Step           Time
          74000      370.00000

   Energies (kJ/mol)
           Bond        LJ (SR)   Coulomb (SR)      Potential    Kinetic En.
    1.65005e+03   -1.12671e+05    0.00000e+00   -1.11021e+05    1.65075e+04
   Total Energy  Conserved En.    Temperature Pressure (bar)
   -9.45130e+04   -1.02636e+05    2.95512e+02    3.27939e+01

           Step           Time
          75000      375.00000

   Energies (kJ/mol)
           Bond        LJ (SR)   Coulomb (SR)      Potential    Kinetic En.
    1.67981e+03   -1.12735e+05    0.00000e+00   -1.11055e+05    1.69378e+04
   Total Energy  Conserved En.    Temperature Pressure (bar)
   -9.41170e+04   -1.02749e+05    3.03214e+02   -4.71727e+01

           Step           Time
          76000      380.00000

   Energies (kJ/mol)
           Bond        LJ (SR)   Coulomb (SR)      Potential    Kinetic En.
    1.56088e+03   -1.12252e+05    0.00000e+00   -1.10691e+05    1.67500e+04
   Total Energy  Conserved En.    Temperature Pressure (bar)
   -9.39410e+04   -1.02876e+05    2.99854e+02    3.55471e+01

           Step           Time
          77000      385.00000

   Energies (kJ/mol)
           Bond        LJ (SR)   Coulomb (SR)      Potential    Kinetic En.
    1.64987e+03   -1.12577e+05    0.00000e+00   -1.10927e+05    1.67698e+04
   Total Energy  Conserved En.    Temperature Pressure (bar)
   -9.41576e+04   -1.02993e+05    3.00207e+02   -1.23106e+01

           Step           Time
          78000      390.00000

   Energies (kJ/mol)
           Bond        LJ (SR)   Coulomb (SR)      Potential    Kinetic En.
    1.67964e+03   -1.12831e+05    0.00000e+00   -1.11152e+05    1.66937e+04
   Total Energy  Conserved En.    Temperature Pressure (bar)
   -9.44578e+04   -1.03112e+05    2.98845e+02   -1.27173e+01

           Step           Time
          79000      395.00000

   Energies (kJ/mol)
           Bond        LJ (SR)   Coulomb (SR)      Potential    Kinetic En.
    1.58738e+03   -1.12582e+05    0.00000e+00   -1.10994e+05    1.64836e+04
   Total Energy  Conserved En.    Temperature Pressure (bar)
   -9.45106e+04   -1.03233e+05    2.95084e+02    3.59355e+01

           Step           Time
          80000      400.00000

   Energies (kJ/mol)
           Bond        LJ (SR)   Coulomb (SR)      Potential    Kinetic En.
    1.66868e+03   -1.12896e+05    0.00000e+00   -1.11227e+05    1.68161e+04
   Total Energy  Conserved En.    Temperature Pressure (bar)
   -9.44109e+04   -1.03351e+05    3.01036e+02   -8.43497e+00

           Step           Time
          81000      405.00000

   Energies (kJ/mol)
           Bond        LJ (SR)   Coulomb (SR)      Potential    Kinetic En.
    1.60964e+03   -1.12942e+05    0.00000e+00   -1.11333e+05    1.67904e+04
   Total Energy  Conserved En.    Temperature Pressure (bar)
   -9.45424e+04   -1.03472e+05    3.00576e+02    7.87875e+00

           Step           Time
          82000      410.00000

   Energies (kJ/mol)
           Bond        LJ (SR)   Coulomb (SR)      Potential    Kinetic En.
    1.53765e+03   -1.12502e+05    0.00000e+00   -1.10964e+05    1.67815e+04
   Total Energy  Conserved En.    Temperature Pressure (bar)
   -9.41829e+04   -1.03594e+05    3.00417e+02    3.35757e+01

           Step           Time
          83000      415.00000

   Energies (kJ/mol)
           Bond        LJ (SR)   Coulomb (SR)      Potential    Kinetic En.
    1.65058e+03   -1.12696e+05    0.00000e+00   -1.11046e+05    1.65378e+04
   Total Energy  Conserved En.    Temperature Pressure (bar)
   -9.45078e+04   -1.03715e+05    2.96055e+02    4.23636e+01

           Step           Time
          84000      420.00000

   Energies (kJ/mol)
           Bond        LJ (SR)   Coulomb (SR)      Potential    Kinetic En.
    1.69567e+03   -1.12549e+05    0.00000e+00   -1.10854e+05    1.67951e+04
   Total Energy  Conserved En.    Temperature Pressure (bar)
   -9.40585e+04   -1.03833e+05    3.00661e+02   -7.65306e+00

           Step           Time
          85000      425.00000

   Energies (kJ/mol)
           Bond        LJ (SR)   Coulomb (SR)      Potential    Kinetic En.
    1.55158e+03   -1.12959e+05    0.00000e+00   -1.11408e+05    1.70277e+04
   Total Energy  Conserved En.    Temperature Pressure (bar)
   -9.43800e+04   -1.03949e+05    3.04824e+02   -5.42492e+01

           Step           Time
          86000      430.00000

   Energies (kJ/mol)
           Bond        LJ (SR)   Coulomb (SR)      Potential    Kinetic En.
    1.64057e+03   -1.12411e+05    0.00000e+00   -1.10770e+05    1.66773e+04
   Total Energy  Conserved En.    Temperature Pressure (bar)
   -9.40930e+04   -1.04077e+05    2.98552e+02    4.14550e+01

           Step           Time
          87000      435.00000

   Energies (kJ/mol)
           Bond        LJ (SR)   Coulomb (SR)      Potential    Kinetic En.
    1.61275e+03   -1.12570e+05    0.00000e+00   -1.10957e+05    1.65720e+04
   Total Energy  Conserved En.    Temperature Pressure (bar)
   -9.43850e+04   -1.04199e+05    2.96666e+02    4.79440e+01

           Step           Time
          88000      440.00000

   Energies (kJ/mol)
           Bond        LJ (SR)   Coulomb (SR)      Potential    Kinetic En.
    1.59937e+03   -1.13345e+05    0.00000e+00   -1.11745e+05    1.64742e+04
   Total Energy  Conserved En.    Temperature Pressure (bar)
   -9.52710e+04   -1.04313e+05    2.94916e+02   -4.66582e+01

           Step           Time
          89000      445.00000

   Energies (kJ/mol)
           Bond        LJ (SR)   Coulomb (SR)      Potential    Kinetic En.
    1.71470e+03   -1.13064e+05    0.00000e+00   -1.11350e+05    1.62482e+04
   Total Energy  Conserved En.    Temperature Pressure (bar)
   -9.51013e+04   -1.04433e+05    2.90871e+02   -7.20639e+00

           Step           Time
          90000      450.00000

   Energies (kJ/mol)
           Bond        LJ (SR)   Coulomb (SR)      Potential    Kinetic En.
    1.70403e+03   -1.13319e+05    0.00000e+00   -1.11615e+05    1.69511e+04
   Total Energy  Conserved En.    Temperature Pressure (bar)
   -9.46641e+04   -1.04548e+05    3.03452e+02   -5.54977e+01

           Step           Time
          91000      455.00000

   Energies (kJ/mol)
           Bond        LJ (SR)   Coulomb (SR)      Potential    Kinetic En.
    1.73796e+03   -1.12774e+05    0.00000e+00   -1.11036e+05    1.69170e+04
   Total Energy  Conserved En.    Temperature Pressure (bar)
   -9.41194e+04   -1.04673e+05    3.02843e+02    4.91906e+01

           Step           Time
          92000      460.00000

   Energies (kJ/mol)
           Bond        LJ (SR)   Coulomb (SR)      Potential    Kinetic En.
    1.63555e+03   -1.13159e+05    0.00000e+00   -1.11523e+05    1.67732e+04
   Total Energy  Conserved En.    Temperature Pressure (bar)
   -9.47498e+04   -1.04792e+05    3.00268e+02   -1.07517e+01

           Step           Time
          93000      465.00000

   Energies (kJ/mol)
           Bond        LJ (SR)   Coulomb (SR)      Potential    Kinetic En.
    1.74089e+03   -1.12874e+05    0.00000e+00   -1.11133e+05    1.65707e+04
   Total Energy  Conserved En.    Temperature Pressure (bar)
   -9.45625e+04   -1.04909e+05    2.96643e+02   -1.49261e+01

           Step           Time
          94000      470.00000

   Energies (kJ/mol)
           Bond        LJ (SR)   Coulomb (SR)      Potential    Kinetic En.
    1.71488e+03   -1.13094e+05    0.00000e+00   -1.11380e+05    1.68968e+04
   Total Energy  Conserved En.    Temperature Pressure (bar)
   -9.44827e+04   -1.05026e+05    3.02481e+02   -6.40780e+01

           Step           Time
          95000      475.00000

   Energies (kJ/mol)
           Bond        LJ (SR)   Coulomb (SR)      Potential    Kinetic En.
    1.67280e+03   -1.13236e+05    0.00000e+00   -1.11563e+05    1.66165e+04
   Total Energy  Conserved En.    Temperature Pressure (bar)
   -9.49462e+04   -1.05145e+05    2.97463e+02   -4.73270e+01

           Step           Time
          96000      480.00000

   Energies (kJ/mol)
           Bond        LJ (SR)   Coulomb (SR)      Potential    Kinetic En.
    1.64123e+03   -1.13056e+05    0.00000e+00   -1.11415e+05    1.71326e+04
   Total Energy  Conserved En.    Temperature Pressure (bar)
   -9.42825e+04   -1.05268e+05    3.06702e+02    1.92213e+01

           Step           Time
          97000      485.00000

   Energies (kJ/mol)
           Bond        LJ (SR)   Coulomb (SR)      Potential    Kinetic En.
    1.73347e+03   -1.12733e+05    0.00000e+00   -1.10999e+05    1.70455e+04
   Total Energy  Conserved En.    Temperature Pressure (bar)
   -9.39537e+04   -1.05386e+05    3.05142e+02   -1.59373e+01

           Step           Time
          98000      490.00000

   Energies (kJ/mol)
           Bond        LJ (SR)   Coulomb (SR)      Potential    Kinetic En.
    1.71411e+03   -1.12739e+05    0.00000e+00   -1.11025e+05    1.63766e+04
   Total Energy  Conserved En.    Temperature Pressure (bar)
   -9.46487e+04   -1.05508e+05    2.93168e+02    3.69769e+01

           Step           Time
          99000      495.00000

   Energies (kJ/mol)
           Bond        LJ (SR)   Coulomb (SR)      Potential    Kinetic En.
    1.63897e+03   -1.12910e+05    0.00000e+00   -1.11271e+05    1.67064e+04
   Total Energy  Conserved En.    Temperature Pressure (bar)
   -9.45646e+04   -1.05625e+05    2.99073e+02    5.07981e+01

           Step           Time
         100000      500.00000

   Energies (kJ/mol)
           Bond        LJ (SR)   Coulomb (SR)      Potential    Kinetic En.
    1.80000e+03   -1.12351e+05    0.00000e+00   -1.10551e+05    1.67457e+04
   Total Energy  Conserved En.    Temperature Pressure (bar)
   -9.38052e+04   -1.05745e+05    2.99775e+02    5.06802e+01

           Step           Time
         101000      505.00000

   Energies (kJ/mol)
           Bond        LJ (SR)   Coulomb (SR)      Potential    Kinetic En.
    1.52110e+03   -1.12699e+05    0.00000e+00   -1.11178e+05    1.67439e+04
   Total Energy  Conserved En.    Temperature Pressure (bar)
   -9.44341e+04   -1.05856e+05    2.99744e+02   -5.23581e+01

           Step           Time
         102000      510.00000

   Energies (kJ/mol)
           Bond        LJ (SR)   Coulomb (SR)      Potential    Kinetic En.
    1.56114e+03   -1.12768e+05    0.00000e+00   -1.11207e+05    1.66680e+04
   Total Energy  Conserved En.    Temperature Pressure (bar)
   -9.45390e+04   -1.05981e+05    2.98385e+02   -6.76113e+00

           Step           Time
         103000      515.00000

   Energies (kJ/mol)
           Bond        LJ (SR)   Coulomb (SR)      Potential    Kinetic En.
    1.75227e+03   -1.12539e+05    0.00000e+00   -1.10786e+05    1.70282e+04
   Total Energy  Conserved En.    Temperature Pressure (bar)
   -9.37583e+04   -1.06103e+05    3.04834e+02    2.32893e+01

           Step           Time
         104000      520.00000

   Energies (kJ/mol)
           Bond        LJ (SR)   Coulomb (SR)      Potential    Kinetic En.
    1.61955e+03   -1.13006e+05    0.00000e+00   -1.11386e+05    1.67082e+04
   Total Energy  Conserved En.    Temperature Pressure (bar)
   -9.46783e+04   -1.06221e+05    2.99105e+02   -3.96191e+01

           Step           Time
         105000      525.00000

   Energies (kJ/mol)
           Bond        LJ (SR)   Coulomb (SR)      Potential    Kinetic En.
    1.61705e+03   -1.12758e+05    0.00000e+00   -1.11141e+05    1.67467e+04
   Total Energy  Conserved En.    Temperature Pressure (bar)
   -9.43940e+04   -1.06343e+05    2.99793e+02   -6.14968e+00

           Step           Time
         106000      530.00000

   Energies (kJ/mol)
           Bond        LJ (SR)   Coulomb (SR)      Potential    Kinetic En.
    1.80978e+03   -1.12535e+05    0.00000e+00   -1.10725e+05    1.65622e+04
   Total Energy  Conserved En.    Temperature Pressure (bar)
   -9.41626e+04   -1.06469e+05    2.96491e+02    5.36837e+01

           Step           Time
         107000      535.00000

   Energies (kJ/mol)
           Bond        LJ (SR)   Coulomb (SR)      Potential    Kinetic En.
    1.61442e+03   -1.12370e+05    0.00000e+00   -1.10756e+05    1.65111e+04
   Total Energy  Conserved En.    Temperature Pressure (bar)
   -9.42446e+04   -1.06585e+05    2.95576e+02    3.67797e+01

           Step           Time
         108000      540.00000

   Energies (kJ/mol)
           Bond        LJ (SR)   Coulomb (SR)      Potential    Kinetic En.
    1.69095e+03   -1.12514e+05    0.00000e+00   -1.10823e+05    1.65937e+04
   Total Energy  Conserved En.    Temperature Pressure (bar)
   -9.42291e+04   -1.06707e+05    2.97055e+02    4.39125e+01

           Step           Time
         109000      545.00000

   Energies (kJ/mol)
           Bond        LJ (SR)   Coulomb (SR)      Potential    Kinetic En.
    1.64260e+03   -1.12864e+05    0.00000e+00   -1.11222e+05    1.69019e+04
   Total Energy  Conserved En.    Temperature Pressure (bar)
   -9.43197e+04   -1.06826e+05    3.02572e+02   -2.35523e+01

           Step           Time
         110000      550.00000

   Energies (kJ/mol)
           Bond        LJ (SR)   Coulomb (SR)      Potential    Kinetic En.
    1.65552e+03   -1.12739e+05    0.00000e+00   -1.11083e+05    1.64771e+04
   Total Energy  Conserved En.    Temperature Pressure (bar)
   -9.46064e+04   -1.06943e+05    2.94967e+02   -4.87281e+00

           Step           Time
         111000      555.00000

   Energies (kJ/mol)
           Bond        LJ (SR)   Coulomb (SR)      Potential    Kinetic En.
    1.52333e+03   -1.12846e+05    0.00000e+00   -1.11323e+05    1.64638e+04
   Total Energy  Conserved En.    Temperature Pressure (bar)
   -9.48588e+04   -1.07067e+05    2.94729e+02    7.10345e+01

           Step           Time
         112000      560.00000

   Energies (kJ/mol)
           Bond        LJ (SR)   Coulomb (SR)      Potential    Kinetic En.
    1.55588e+03   -1.12749e+05    0.00000e+00   -1.11193e+05    1.64928e+04
   Total Energy  Conserved En.    Temperature Pressure (bar)
   -9.47004e+04   -1.07180e+05    2.95248e+02   -1.20430e+01

           Step           Time
         113000      565.00000

   Energies (kJ/mol)
           Bond        LJ (SR)   Coulomb (SR)      Potential    Kinetic En.
    1.62256e+03   -1.12534e+05    0.00000e+00   -1.10911e+05    1.66708e+04
   Total Energy  Conserved En.    Temperature Pressure (bar)
   -9.42405e+04   -1.07307e+05    2.98435e+02    5.78938e+01

           Step           Time
         114000      570.00000

   Energies (kJ/mol)
           Bond        LJ (SR)   Coulomb (SR)      Potential    Kinetic En.
    1.70848e+03   -1.12765e+05    0.00000e+00   -1.11056e+05    1.69023e+04
   Total Energy  Conserved En.    Temperature Pressure (bar)
   -9.41542e+04   -1.07424e+05    3.02579e+02   -3.27775e+01

           Step           Time
         115000      575.00000

   Energies (kJ/mol)
           Bond        LJ (SR)   Coulomb (SR)      Potential    Kinetic En.
    1.64424e+03   -1.12849e+05    0.00000e+00   -1.11205e+05    1.67705e+04
   Total Energy  Conserved En.    Temperature Pressure (bar)
   -9.44340e+04   -1.07549e+05    3.00220e+02    6.79492e+00

           Step           Time
         116000      580.00000

   Energies (kJ/mol)
           Bond        LJ (SR)   Coulomb (SR)      Potential    Kinetic En.
    1.65693e+03   -1.12645e+05    0.00000e+00   -1.10988e+05    1.65249e+04
   Total Energy  Conserved En.    Temperature Pressure (bar)
   -9.44629e+04   -1.07671e+05    2.95823e+02    7.38674e+01

           Step           Time
         117000      585.00000

   Energies (kJ/mol)
           Bond        LJ (SR)   Coulomb (SR)      Potential    Kinetic En.
    1.51899e+03   -1.12261e+05    0.00000e+00   -1.10742e+05    1.73019e+04
   Total Energy  Conserved En.    Temperature Pressure (bar)
   -9.34399e+04   -1.07790e+05    3.09733e+02    1.66550e-01

           Step           Time
         118000      590.00000

   Energies (kJ/mol)
           Bond        LJ (SR)   Coulomb (SR)      Potential    Kinetic En.
    1.65782e+03   -1.12212e+05    0.00000e+00   -1.10554e+05    1.63737e+04
   Total Energy  Conserved En.    Temperature Pressure (bar)
   -9.41801e+04   -1.07918e+05    2.93116e+02    3.76143e+01

           Step           Time
         119000      595.00000

   Energies (kJ/mol)
           Bond        LJ (SR)   Coulomb (SR)      Potential    Kinetic En.
    1.67690e+03   -1.12579e+05    0.00000e+00   -1.10902e+05    1.66860e+04
   Total Energy  Conserved En.    Temperature Pressure (bar)
   -9.42165e+04   -1.08033e+05    2.98708e+02   -2.33569e+01

           Step           Time
         120000      600.00000

   Energies (kJ/mol)
           Bond        LJ (SR)   Coulomb (SR)      Potential    Kinetic En.
    1.59775e+03   -1.12266e+05    0.00000e+00   -1.10668e+05    1.66974e+04
   Total Energy  Conserved En.    Temperature Pressure (bar)
   -9.39707e+04   -1.08159e+05    2.98911e+02    1.95142e+01

           Step           Time
         121000      605.00000

   Energies (kJ/mol)
           Bond        LJ (SR)   Coulomb (SR)      Potential    Kinetic En.
    1.77256e+03   -1.12455e+05    0.00000e+00   -1.10683e+05    1.66974e+04
   Total Energy  Conserved En.    Temperature Pressure (bar)
   -9.39851e+04   -1.08279e+05    2.98912e+02    2.43626e+01

           Step           Time
         122000      610.00000

   Energies (kJ/mol)
           Bond        LJ (SR)   Coulomb (SR)      Potential    Kinetic En.
    1.61552e+03   -1.12490e+05    0.00000e+00   -1.10874e+05    1.68173e+04
   Total Energy  Conserved En.    Temperature Pressure (bar)
   -9.40570e+04   -1.08399e+05    3.01057e+02    4.84161e-02

           Step           Time
         123000      615.00000

   Energies (kJ/mol)
           Bond        LJ (SR)   Coulomb (SR)      Potential    Kinetic En.
    1.56831e+03   -1.12375e+05    0.00000e+00   -1.10807e+05    1.69688e+04
   Total Energy  Conserved En.    Temperature Pressure (bar)
   -9.38383e+04   -1.08521e+05    3.03770e+02   -1.47411e+00

           Step           Time
         124000      620.00000

   Energies (kJ/mol)
           Bond        LJ (SR)   Coulomb (SR)      Potential    Kinetic En.
    1.60300e+03   -1.12466e+05    0.00000e+00   -1.10863e+05    1.70701e+04
   Total Energy  Conserved En.    Temperature Pressure (bar)
   -9.37930e+04   -1.08647e+05    3.05583e+02   -2.73123e+01

           Step           Time
         125000      625.00000

   Energies (kJ/mol)
           Bond        LJ (SR)   Coulomb (SR)      Potential    Kinetic En.
    1.61225e+03   -1.12574e+05    0.00000e+00   -1.10961e+05    1.67679e+04
   Total Energy  Conserved En.    Temperature Pressure (bar)
   -9.41934e+04   -1.08767e+05    3.00173e+02    1.23201e+01

           Step           Time
         126000      630.00000

   Energies (kJ/mol)
           Bond        LJ (SR)   Coulomb (SR)      Potential    Kinetic En.
    1.58291e+03   -1.12894e+05    0.00000e+00   -1.11311e+05    1.69790e+04
   Total Energy  Conserved En.    Temperature Pressure (bar)
   -9.43325e+04   -1.08885e+05    3.03952e+02   -6.24348e+01

           Step           Time
         127000      635.00000

   Energies (kJ/mol)
           Bond        LJ (SR)   Coulomb (SR)      Potential    Kinetic En.
    1.69960e+03   -1.12630e+05    0.00000e+00   -1.10930e+05    1.67865e+04
   Total Energy  Conserved En.    Temperature Pressure (bar)
   -9.41435e+04   -1.09009e+05    3.00506e+02    2.25448e+01

           Step           Time
         128000      640.00000

   Energies (kJ/mol)
           Bond        LJ (SR)   Coulomb (SR)      Potential    Kinetic En.
    1.69036e+03   -1.12920e+05    0.00000e+00   -1.11229e+05    1.64922e+04
   Total Energy  Conserved En.    Temperature Pressure (bar)
   -9.47372e+04   -1.09128e+05    2.95239e+02   -3.40892e+00

           Step           Time
         129000      645.00000

   Energies (kJ/mol)
           Bond        LJ (SR)   Coulomb (SR)      Potential    Kinetic En.
    1.63274e+03   -1.12867e+05    0.00000e+00   -1.11234e+05    1.71596e+04
   Total Energy  Conserved En.    Temperature Pressure (bar)
   -9.40744e+04   -1.09249e+05    3.07186e+02    5.15769e+00

           Step           Time
         130000      650.00000

   Energies (kJ/mol)
           Bond        LJ (SR)   Coulomb (SR)      Potential    Kinetic En.
    1.66405e+03   -1.12927e+05    0.00000e+00   -1.11263e+05    1.63380e+04
   Total Energy  Conserved En.    Temperature Pressure (bar)
   -9.49248e+04   -1.09369e+05    2.92477e+02    3.84188e+01

           Step           Time
         131000      655.00000

   Energies (kJ/mol)
           Bond        LJ (SR)   Coulomb (SR)      Potential    Kinetic En.
    1.71098e+03   -1.12944e+05    0.00000e+00   -1.11233e+05    1.62403e+04
   Total Energy  Conserved En.    Temperature Pressure (bar)
   -9.49925e+04   -1.09484e+05    2.90728e+02    2.35588e+00

           Step           Time
         132000      660.00000

   Energies (kJ/mol)
           Bond        LJ (SR)   Coulomb (SR)      Potential    Kinetic En.
    1.63226e+03   -1.12873e+05    0.00000e+00   -1.11241e+05    1.70618e+04
   Total Energy  Conserved En.    Temperature Pressure (bar)
   -9.41788e+04   -1.09605e+05    3.05434e+02    3.59400e+00

           Step           Time
         133000      665.00000

   Energies (kJ/mol)
           Bond        LJ (SR)   Coulomb (SR)      Potential    Kinetic En.
    1.72074e+03   -1.12574e+05    0.00000e+00   -1.10853e+05    1.67233e+04
   Total Energy  Conserved En.    Temperature Pressure (bar)
   -9.41296e+04   -1.09724e+05    2.99374e+02   -1.64292e+00

           Step           Time
         134000      670.00000

   Energies (kJ/mol)
           Bond        LJ (SR)   Coulomb (SR)      Potential    Kinetic En.
    1.54122e+03   -1.12380e+05    0.00000e+00   -1.10839e+05    1.68476e+04
   Total Energy  Conserved En.    Temperature Pressure (bar)
   -9.39914e+04   -1.09845e+05    3.01601e+02   -4.67974e+01

           Step           Time
         135000      675.00000

   Energies (kJ/mol)
           Bond        LJ (SR)   Coulomb (SR)      Potential    Kinetic En.
    1.62564e+03   -1.12156e+05    0.00000e+00   -1.10531e+05    1.67624e+04
   Total Energy  Conserved En.    Temperature Pressure (bar)
   -9.37684e+04   -1.09973e+05    3.00074e+02    4.59179e+01

           Step           Time
         136000      680.00000

   Energies (kJ/mol)
           Bond        LJ (SR)   Coulomb (SR)      Potential    Kinetic En.
    1.68397e+03   -1.12708e+05    0.00000e+00   -1.11024e+05    1.68621e+04
   Total Energy  Conserved En.    Temperature Pressure (bar)
   -9.41622e+04   -1.10089e+05    3.01859e+02    8.78479e+00

           Step           Time
         137000      685.00000

   Energies (kJ/mol)
           Bond        LJ (SR)   Coulomb (SR)      Potential    Kinetic En.
    1.66815e+03   -1.12644e+05    0.00000e+00   -1.10976e+05    1.69079e+04
   Total Energy  Conserved En.    Temperature Pressure (bar)
   -9.40680e+04   -1.10206e+05    3.02680e+02   -6.18727e+01

           Step           Time
         138000      690.00000

   Energies (kJ/mol)
           Bond        LJ (SR)   Coulomb (SR)      Potential    Kinetic En.
    1.74170e+03   -1.12591e+05    0.00000e+00   -1.10849e+05    1.69698e+04
   Total Energy  Conserved En.    Temperature Pressure (bar)
   -9.38791e+04   -1.10329e+05    3.03788e+02   -1.98021e+01

           Step           Time
         139000      695.00000

   Energies (kJ/mol)
           Bond        LJ (SR)   Coulomb (SR)      Potential    Kinetic En.
    1.58062e+03   -1.12278e+05    0.00000e+00   -1.10697e+05    1.68176e+04
   Total Energy  Conserved En.    Temperature Pressure (bar)
   -9.38797e+04   -1.10454e+05    3.01063e+02    9.17170e+01

           Step           Time
         140000      700.00000

   Energies (kJ/mol)
           Bond        LJ (SR)   Coulomb (SR)      Potential    Kinetic En.
    1.68422e+03   -1.12500e+05    0.00000e+00   -1.10816e+05    1.67289e+04
   Total Energy  Conserved En.    Temperature Pressure (bar)
   -9.40873e+04   -1.10575e+05    2.99476e+02    5.13261e+01

           Step           Time
         141000      705.00000

   Energies (kJ/mol)
           Bond        LJ (SR)   Coulomb (SR)      Potential    Kinetic En.
    1.58234e+03   -1.12786e+05    0.00000e+00   -1.11204e+05    1.70506e+04
   Total Energy  Conserved En.    Temperature Pressure (bar)
   -9.41532e+04   -1.10697e+05    3.05235e+02    4.06113e+01

           Step           Time
         142000      710.00000

   Energies (kJ/mol)
           Bond        LJ (SR)   Coulomb (SR)      Potential    Kinetic En.
    1.66232e+03   -1.12696e+05    0.00000e+00   -1.11034e+05    1.67533e+04
   Total Energy  Conserved En.    Temperature Pressure (bar)
   -9.42807e+04   -1.10817e+05    2.99912e+02   -1.58829e+01

           Step           Time
         143000      715.00000

   Energies (kJ/mol)
           Bond        LJ (SR)   Coulomb (SR)      Potential    Kinetic En.
    1.65643e+03   -1.12705e+05    0.00000e+00   -1.11049e+05    1.66950e+04
   Total Energy  Conserved En.    Temperature Pressure (bar)
   -9.43540e+04   -1.10940e+05    2.98869e+02    8.01987e+01

           Step           Time
         144000      720.00000

   Energies (kJ/mol)
           Bond        LJ (SR)   Coulomb (SR)      Potential    Kinetic En.
    1.67281e+03   -1.13044e+05    0.00000e+00   -1.11371e+05    1.64622e+04
   Total Energy  Conserved En.    Temperature Pressure (bar)
   -9.49092e+04   -1.11059e+05    2.94700e+02    4.75532e+01

           Step           Time
         145000      725.00000

   Energies (kJ/mol)
           Bond        LJ (SR)   Coulomb (SR)      Potential    Kinetic En.
    1.59918e+03   -1.12751e+05    0.00000e+00   -1.11152e+05    1.65829e+04
   Total Energy  Conserved En.    Temperature Pressure (bar)
   -9.45690e+04   -1.11176e+05    2.96862e+02    1.82815e+01

           Step           Time
         146000      730.00000

   Energies (kJ/mol)
           Bond        LJ (SR)   Coulomb (SR)      Potential    Kinetic En.
    1.69518e+03   -1.12378e+05    0.00000e+00   -1.10683e+05    1.69940e+04
   Total Energy  Conserved En.    Temperature Pressure (bar)
   -9.36886e+04   -1.11296e+05    3.04220e+02    1.02712e+01

           Step           Time
         147000      735.00000

   Energies (kJ/mol)
           Bond        LJ (SR)   Coulomb (SR)      Potential    Kinetic En.
    1.59599e+03   -1.12846e+05    0.00000e+00   -1.11250e+05    1.68153e+04
   Total Energy  Conserved En.    Temperature Pressure (bar)
   -9.44343e+04   -1.11411e+05    3.01022e+02   -6.40240e+01

           Step           Time
         148000      740.00000

   Energies (kJ/mol)
           Bond        LJ (SR)   Coulomb (SR)      Potential    Kinetic En.
    1.62695e+03   -1.12276e+05    0.00000e+00   -1.10649e+05    1.68256e+04
   Total Energy  Conserved En.    Temperature Pressure (bar)
   -9.38231e+04   -1.11539e+05    3.01207e+02    2.62189e+01

           Step           Time
         149000      745.00000

   Energies (kJ/mol)
           Bond        LJ (SR)   Coulomb (SR)      Potential    Kinetic En.
    1.59889e+03   -1.12751e+05    0.00000e+00   -1.11152e+05    1.68107e+04
   Total Energy  Conserved En.    Temperature Pressure (bar)
   -9.43418e+04   -1.11658e+05    3.00939e+02   -2.35040e+01

           Step           Time
         150000      750.00000

   Energies (kJ/mol)
           Bond        LJ (SR)   Coulomb (SR)      Potential    Kinetic En.
    1.70811e+03   -1.12152e+05    0.00000e+00   -1.10444e+05    1.71600e+04
   Total Energy  Conserved En.    Temperature Pressure (bar)
   -9.32842e+04   -1.11782e+05    3.07193e+02    6.26382e+00

           Step           Time
         151000      755.00000

   Energies (kJ/mol)
           Bond        LJ (SR)   Coulomb (SR)      Potential    Kinetic En.
    1.66301e+03   -1.12451e+05    0.00000e+00   -1.10788e+05    1.69387e+04
   Total Energy  Conserved En.    Temperature Pressure (bar)
   -9.38490e+04   -1.11899e+05    3.03231e+02   -3.08607e+01

           Step           Time
         152000      760.00000

   Energies (kJ/mol)
           Bond        LJ (SR)   Coulomb (SR)      Potential    Kinetic En.
    1.60390e+03   -1.12769e+05    0.00000e+00   -1.11165e+05    1.65379e+04
   Total Energy  Conserved En.    Temperature Pressure (bar)
   -9.46270e+04   -1.12023e+05    2.96056e+02    1.85290e+01

           Step           Time
         153000      765.00000

   Energies (kJ/mol)
           Bond        LJ (SR)   Coulomb (SR)      Potential    Kinetic En.
    1.61769e+03   -1.12360e+05    0.00000e+00   -1.10742e+05    1.70288e+04
   Total Energy  Conserved En.    Temperature Pressure (bar)
   -9.37133e+04   -1.12146e+05    3.04845e+02    1.72632e+01

           Step           Time
         154000      770.00000

   Energies (kJ/mol)
           Bond        LJ (SR)   Coulomb (SR)      Potential    Kinetic En.
    1.60977e+03   -1.12715e+05    0.00000e+00   -1.11105e+05    1.64010e+04
   Total Energy  Conserved En.    Temperature Pressure (bar)
   -9.47042e+04   -1.12266e+05    2.93605e+02   -1.73558e+01

           Step           Time
         155000      775.00000

   Energies (kJ/mol)
           Bond        LJ (SR)   Coulomb (SR)      Potential    Kinetic En.
    1.66213e+03   -1.13315e+05    0.00000e+00   -1.11653e+05    1.63887e+04
   Total Energy  Conserved En.    Temperature Pressure (bar)
   -9.52642e+04   -1.12388e+05    2.93386e+02    1.61692e+01

           Step           Time
         156000      780.00000

   Energies (kJ/mol)
           Bond        LJ (SR)   Coulomb (SR)      Potential    Kinetic En.
    1.62980e+03   -1.12767e+05    0.00000e+00   -1.11137e+05    1.67950e+04
   Total Energy  Conserved En.    Temperature Pressure (bar)
   -9.43420e+04   -1.12511e+05    3.00659e+02    4.82922e+01

           Step           Time
         157000      785.00000

   Energies (kJ/mol)
           Bond        LJ (SR)   Coulomb (SR)      Potential    Kinetic En.
    1.58318e+03   -1.12750e+05    0.00000e+00   -1.11167e+05    1.69986e+04
   Total Energy  Conserved En.    Temperature Pressure (bar)
   -9.41679e+04   -1.12631e+05    3.04304e+02    7.04790e+00

           Step           Time
         158000      790.00000

   Energies (kJ/mol)
           Bond        LJ (SR)   Coulomb (SR)      Potential    Kinetic En.
    1.69264e+03   -1.12654e+05    0.00000e+00   -1.10962e+05    1.64550e+04
   Total Energy  Conserved En.    Temperature Pressure (bar)
   -9.45067e+04   -1.12756e+05    2.94572e+02    4.88585e+01

           Step           Time
         159000      795.00000

   Energies (kJ/mol)
           Bond        LJ (SR)   Coulomb (SR)      Potential    Kinetic En.
    1.52202e+03   -1.12350e+05    0.00000e+00   -1.10828e+05    1.66589e+04
   Total Energy  Conserved En.    Temperature Pressure (bar)
   -9.41694e+04   -1.12874e+05    2.98222e+02    4.26654e+01

           Step           Time
         160000      800.00000

   Energies (kJ/mol)
           Bond        LJ (SR)   Coulomb (SR)      Potential    Kinetic En.
    1.58886e+03   -1.13010e+05    0.00000e+00   -1.11421e+05    1.69445e+04
   Total Energy  Conserved En.    Temperature Pressure (bar)
   -9.44763e+04   -1.12990e+05    3.03334e+02   -5.41635e+01

           Step           Time
         161000      805.00000

   Energies (kJ/mol)
           Bond        LJ (SR)   Coulomb (SR)      Potential    Kinetic En.
    1.69828e+03   -1.12944e+05    0.00000e+00   -1.11246e+05    1.65172e+04
   Total Energy  Conserved En.    Temperature Pressure (bar)
   -9.47287e+04   -1.13110e+05    2.95685e+02   -4.24081e+01

           Step           Time
         162000      810.00000

   Energies (kJ/mol)
           Bond        LJ (SR)   Coulomb (SR)      Potential    Kinetic En.
    1.70573e+03   -1.13357e+05    0.00000e+00   -1.11651e+05    1.67341e+04
   Total Energy  Conserved En.    Temperature Pressure (bar)
   -9.49172e+04   -1.13234e+05    2.99569e+02    2.59308e+00

           Step           Time
         163000      815.00000

   Energies (kJ/mol)
           Bond        LJ (SR)   Coulomb (SR)      Potential    Kinetic En.
    1.50932e+03   -1.13104e+05    0.00000e+00   -1.11594e+05    1.66924e+04
   Total Energy  Conserved En.    Temperature Pressure (bar)
   -9.49020e+04   -1.13354e+05    2.98822e+02    5.00109e+01

           Step           Time
         164000      820.00000

   Energies (kJ/mol)
           Bond        LJ (SR)   Coulomb (SR)      Potential    Kinetic En.
    1.61615e+03   -1.12647e+05    0.00000e+00   -1.11031e+05    1.66800e+04
   Total Energy  Conserved En.    Temperature Pressure (bar)
   -9.43511e+04   -1.13475e+05    2.98600e+02    1.04429e+02

           Step           Time
         165000      825.00000

   Energies (kJ/mol)
           Bond        LJ (SR)   Coulomb (SR)      Potential    Kinetic En.
    1.49894e+03   -1.12390e+05    0.00000e+00   -1.10891e+05    1.66891e+04
   Total Energy  Conserved En.    Temperature Pressure (bar)
   -9.42022e+04   -1.13591e+05    2.98763e+02    5.07852e+00

           Step           Time
         166000      830.00000

   Energies (kJ/mol)
           Bond        LJ (SR)   Coulomb (SR)      Potential    Kinetic En.
    1.79427e+03   -1.12823e+05    0.00000e+00   -1.11029e+05    1.68994e+04
   Total Energy  Conserved En.    Temperature Pressure (bar)
   -9.41295e+04   -1.13707e+05    3.02527e+02   -2.17172e+01

           Step           Time
         167000      835.00000

   Energies (kJ/mol)
           Bond        LJ (SR)   Coulomb (SR)      Potential    Kinetic En.
    1.73033e+03   -1.12678e+05    0.00000e+00   -1.10948e+05    1.66992e+04
   Total Energy  Conserved En.    Temperature Pressure (bar)
   -9.42486e+04   -1.13828e+05    2.98944e+02    2.02837e+01

           Step           Time
         168000      840.00000

   Energies (kJ/mol)
           Bond        LJ (SR)   Coulomb (SR)      Potential    Kinetic En.
    1.72515e+03   -1.13148e+05    0.00000e+00   -1.11423e+05    1.67977e+04
   Total Energy  Conserved En.    Temperature Pressure (bar)
   -9.46255e+04   -1.13945e+05    3.00706e+02   -4.11651e+01

           Step           Time
         169000      845.00000

   Energies (kJ/mol)
           Bond        LJ (SR)   Coulomb (SR)      Potential    Kinetic En.
    1.61720e+03   -1.12754e+05    0.00000e+00   -1.11137e+05    1.71627e+04
   Total Energy  Conserved En.    Temperature Pressure (bar)
   -9.39739e+04   -1.14067e+05    3.07241e+02   -3.22956e+01

           Step           Time
         170000      850.00000

   Energies (kJ/mol)
           Bond        LJ (SR)   Coulomb (SR)      Potential    Kinetic En.
    1.73784e+03   -1.12878e+05    0.00000e+00   -1.11140e+05    1.68492e+04
   Total Energy  Conserved En.    Temperature Pressure (bar)
   -9.42909e+04   -1.14189e+05    3.01628e+02    5.65380e+00

           Step           Time
         171000      855.00000

   Energies (kJ/mol)
           Bond        LJ (SR)   Coulomb (SR)      Potential    Kinetic En.
    1.59107e+03   -1.12523e+05    0.00000e+00   -1.10932e+05    1.65587e+04
   Total Energy  Conserved En.    Temperature Pressure (bar)
   -9.43730e+04   -1.14309e+05    2.96428e+02    5.37127e+01

           Step           Time
         172000      860.00000

   Energies (kJ/mol)
           Bond        LJ (SR)   Coulomb (SR)      Potential    Kinetic En.
    1.60358e+03   -1.12637e+05    0.00000e+00   -1.11033e+05    1.71213e+04
   Total Energy  Conserved En.    Temperature Pressure (bar)
   -9.39121e+04   -1.14427e+05    3.06500e+02   -4.68037e+01

           Step           Time
         173000      865.00000

   Energies (kJ/mol)
           Bond        LJ (SR)   Coulomb (SR)      Potential    Kinetic En.
    1.68563e+03   -1.12187e+05    0.00000e+00   -1.10502e+05    1.69202e+04
   Total Energy  Conserved En.    Temperature Pressure (bar)
   -9.35816e+04   -1.14550e+05    3.02900e+02   -2.05432e+01

           Step           Time
         174000      870.00000

   Energies (kJ/mol)
           Bond        LJ (SR)   Coulomb (SR)      Potential    Kinetic En.
    1.60574e+03   -1.12658e+05    0.00000e+00   -1.11053e+05    1.67657e+04
   Total Energy  Conserved En.    Temperature Pressure (bar)
   -9.42869e+04   -1.14673e+05    3.00134e+02   -3.23204e+01

           Step           Time
         175000      875.00000

   Energies (kJ/mol)
           Bond        LJ (SR)   Coulomb (SR)      Potential    Kinetic En.
    1.67063e+03   -1.12941e+05    0.00000e+00   -1.11270e+05    1.69542e+04
   Total Energy  Conserved En.    Temperature Pressure (bar)
   -9.43159e+04   -1.14795e+05    3.03509e+02    6.08330e+00

           Step           Time
         176000      880.00000

   Energies (kJ/mol)
           Bond        LJ (SR)   Coulomb (SR)      Potential    Kinetic En.
    1.60256e+03   -1.12861e+05    0.00000e+00   -1.11258e+05    1.65270e+04
   Total Energy  Conserved En.    Temperature Pressure (bar)
   -9.47312e+04   -1.14917e+05    2.95862e+02    3.24477e+01

           Step           Time
         177000      885.00000

   Energies (kJ/mol)
           Bond        LJ (SR)   Coulomb (SR)      Potential    Kinetic En.
    1.67415e+03   -1.13119e+05    0.00000e+00   -1.11445e+05    1.66680e+04
   Total Energy  Conserved En.    Temperature Pressure (bar)
   -9.47770e+04   -1.15034e+05    2.98386e+02   -1.72451e+00

           Step           Time
         178000      890.00000

   Energies (kJ/mol)
           Bond        LJ (SR)   Coulomb (SR)      Potential    Kinetic En.
    1.59495e+03   -1.12910e+05    0.00000e+00   -1.11315e+05    1.68811e+04
   Total Energy  Conserved En.    Temperature Pressure (bar)
   -9.44341e+04   -1.15155e+05    3.02201e+02   -3.91372e+01

           Step           Time
         179000      895.00000

   Energies (kJ/mol)
           Bond        LJ (SR)   Coulomb (SR)      Potential    Kinetic En.
    1.66694e+03   -1.12648e+05    0.00000e+00   -1.10981e+05    1.70548e+04
   Total Energy  Conserved En.    Temperature Pressure (bar)
   -9.39259e+04   -1.15275e+05    3.05309e+02   -5.85929e+01

           Step           Time
         180000      900.00000

   Energies (kJ/mol)
           Bond        LJ (SR)   Coulomb (SR)      Potential    Kinetic En.
    1.73249e+03   -1.12842e+05    0.00000e+00   -1.11110e+05    1.65745e+04
   Total Energy  Conserved En.    Temperature Pressure (bar)
   -9.45353e+04   -1.15401e+05    2.96711e+02    8.23073e+00

           Step           Time
         181000      905.00000

   Energies (kJ/mol)
           Bond        LJ (SR)   Coulomb (SR)      Potential    Kinetic En.
    1.67106e+03   -1.12637e+05    0.00000e+00   -1.10966e+05    1.66780e+04
   Total Energy  Conserved En.    Temperature Pressure (bar)
   -9.42882e+04   -1.15521e+05    2.98564e+02    1.74513e+01

           Step           Time
         182000      910.00000

   Energies (kJ/mol)
           Bond        LJ (SR)   Coulomb (SR)      Potential    Kinetic En.
    1.52646e+03   -1.12682e+05    0.00000e+00   -1.11156e+05    1.65348e+04
   Total Energy  Conserved En.    Temperature Pressure (bar)
   -9.46211e+04   -1.15641e+05    2.96000e+02    3.83235e+01

           Step           Time
         183000      915.00000

   Energies (kJ/mol)
           Bond        LJ (SR)   Coulomb (SR)      Potential    Kinetic En.
    1.62856e+03   -1.12645e+05    0.00000e+00   -1.11016e+05    1.68561e+04
   Total Energy  Conserved En.    Temperature Pressure (bar)
   -9.41600e+04   -1.15762e+05    3.01753e+02    3.53880e+01

           Step           Time
         184000      920.00000

   Energies (kJ/mol)
           Bond        LJ (SR)   Coulomb (SR)      Potential    Kinetic En.
    1.67786e+03   -1.13177e+05    0.00000e+00   -1.11499e+05    1.66407e+04
   Total Energy  Conserved En.    Temperature Pressure (bar)
   -9.48585e+04   -1.15875e+05    2.97896e+02   -5.02664e+01

           Step           Time
         185000      925.00000

   Energies (kJ/mol)
           Bond        LJ (SR)   Coulomb (SR)      Potential    Kinetic En.
    1.72572e+03   -1.12941e+05    0.00000e+00   -1.11215e+05    1.68388e+04
   Total Energy  Conserved En.    Temperature Pressure (bar)
   -9.43760e+04   -1.15995e+05    3.01442e+02   -3.92102e+01

           Step           Time
         186000      930.00000

   Energies (kJ/mol)
           Bond        LJ (SR)   Coulomb (SR)      Potential    Kinetic En.
    1.68023e+03   -1.12506e+05    0.00000e+00   -1.10826e+05    1.68031e+04
   Total Energy  Conserved En.    Temperature Pressure (bar)
   -9.40230e+04   -1.16120e+05    3.00803e+02    3.04286e+01

           Step           Time
         187000      935.00000

   Energies (kJ/mol)
           Bond        LJ (SR)   Coulomb (SR)      Potential    Kinetic En.
    1.74421e+03   -1.12306e+05    0.00000e+00   -1.10562e+05    1.66917e+04
   Total Energy  Conserved En.    Temperature Pressure (bar)
   -9.38701e+04   -1.16238e+05    2.98809e+02    1.01887e+01

           Step           Time
         188000      940.00000

   Energies (kJ/mol)
           Bond        LJ (SR)   Coulomb (SR)      Potential    Kinetic En.
    1.64217e+03   -1.12609e+05    0.00000e+00   -1.10967e+05    1.66441e+04
   Total Energy  Conserved En.    Temperature Pressure (bar)
   -9.43231e+04   -1.16361e+05    2.97957e+02    2.73430e+01

           Step           Time
         189000      945.00000

   Energies (kJ/mol)
           Bond        LJ (SR)   Coulomb (SR)      Potential    Kinetic En.
    1.80236e+03   -1.12980e+05    0.00000e+00   -1.11177e+05    1.62358e+04
   Total Energy  Conserved En.    Temperature Pressure (bar)
   -9.49416e+04   -1.16479e+05    2.90648e+02    1.23609e+01

           Step           Time
         190000      950.00000

   Energies (kJ/mol)
           Bond        LJ (SR)   Coulomb (SR)      Potential    Kinetic En.
    1.70305e+03   -1.13179e+05    0.00000e+00   -1.11476e+05    1.68795e+04
   Total Energy  Conserved En.    Temperature Pressure (bar)
   -9.45961e+04   -1.16603e+05    3.02170e+02    3.36317e+01

           Step           Time
         191000      955.00000

   Energies (kJ/mol)
           Bond        LJ (SR)   Coulomb (SR)      Potential    Kinetic En.
    1.66410e+03   -1.12771e+05    0.00000e+00   -1.11107e+05    1.67339e+04
   Total Energy  Conserved En.    Temperature Pressure (bar)
   -9.43730e+04   -1.16718e+05    2.99566e+02   -1.36358e+01

           Step           Time
         192000      960.00000

   Energies (kJ/mol)
           Bond        LJ (SR)   Coulomb (SR)      Potential    Kinetic En.
    1.62281e+03   -1.12613e+05    0.00000e+00   -1.10991e+05    1.69923e+04
   Total Energy  Conserved En.    Temperature Pressure (bar)
   -9.39983e+04   -1.16839e+05    3.04191e+02   -3.77162e+01

           Step           Time
         193000      965.00000

   Energies (kJ/mol)
           Bond        LJ (SR)   Coulomb (SR)      Potential    Kinetic En.
    1.62540e+03   -1.12443e+05    0.00000e+00   -1.10817e+05    1.63494e+04
   Total Energy  Conserved En.    Temperature Pressure (bar)
   -9.44680e+04   -1.16964e+05    2.92682e+02    7.51461e+01

           Step           Time
         194000      970.00000

   Energies (kJ/mol)
           Bond        LJ (SR)   Coulomb (SR)      Potential    Kinetic En.
    1.51130e+03   -1.13216e+05    0.00000e+00   -1.11705e+05    1.68433e+04
   Total Energy  Conserved En.    Temperature Pressure (bar)
   -9.48618e+04   -1.17079e+05    3.01524e+02   -6.80025e+01

           Step           Time
         195000      975.00000

   Energies (kJ/mol)
           Bond        LJ (SR)   Coulomb (SR)      Potential    Kinetic En.
    1.55758e+03   -1.12751e+05    0.00000e+00   -1.11193e+05    1.65536e+04
   Total Energy  Conserved En.    Temperature Pressure (bar)
   -9.46398e+04   -1.17206e+05    2.96336e+02    3.87166e+01

           Step           Time
         196000      980.00000

   Energies (kJ/mol)
           Bond        LJ (SR)   Coulomb (SR)      Potential    Kinetic En.
    1.56544e+03   -1.12776e+05    0.00000e+00   -1.11210e+05    1.67103e+04
   Total Energy  Conserved En.    Temperature Pressure (bar)
   -9.45002e+04   -1.17325e+05    2.99142e+02   -1.25646e+01

           Step           Time
         197000      985.00000

   Energies (kJ/mol)
           Bond        LJ (SR)   Coulomb (SR)      Potential    Kinetic En.
    1.60654e+03   -1.12963e+05    0.00000e+00   -1.11356e+05    1.65919e+04
   Total Energy  Conserved En.    Temperature Pressure (bar)
   -9.47644e+04   -1.17443e+05    2.97022e+02   -2.90653e+01

           Step           Time
         198000      990.00000

   Energies (kJ/mol)
           Bond        LJ (SR)   Coulomb (SR)      Potential    Kinetic En.
    1.53805e+03   -1.13335e+05    0.00000e+00   -1.11796e+05    1.68181e+04
   Total Energy  Conserved En.    Temperature Pressure (bar)
   -9.49785e+04   -1.17564e+05    3.01071e+02   -1.01307e+01

           Step           Time
         199000      995.00000

   Energies (kJ/mol)
           Bond        LJ (SR)   Coulomb (SR)      Potential    Kinetic En.
    1.56034e+03   -1.12995e+05    0.00000e+00   -1.11435e+05    1.67628e+04
   Total Energy  Conserved En.    Temperature Pressure (bar)
   -9.46721e+04   -1.17686e+05    3.00083e+02   -6.90137e+00

           Step           Time
         200000     1000.00000

Writing checkpoint, step 200000 at Sat May 18 11:30:09 2024


   Energies (kJ/mol)
           Bond        LJ (SR)   Coulomb (SR)      Potential    Kinetic En.
    1.62964e+03   -1.12869e+05    0.00000e+00   -1.11239e+05    1.65709e+04
   Total Energy  Conserved En.    Temperature Pressure (bar)
   -9.46681e+04   -1.17808e+05    2.96647e+02    1.36140e+01

	<======  ###############  ==>
	<====  A V E R A G E S  ====>
	<==  ###############  ======>

	Statistics over 200001 steps using 2001 frames

   Energies (kJ/mol)
           Bond        LJ (SR)   Coulomb (SR)      Potential    Kinetic En.
    1.64469e+03   -1.12700e+05    0.00000e+00   -1.11055e+05    1.67454e+04
   Total Energy  Conserved En.    Temperature Pressure (bar)
   -9.43096e+04   -1.05758e+05    2.99771e+02    2.50628e-01

          Box-X          Box-Y          Box-Z
    7.93594e+00    7.94835e+00    7.93619e+00

   Total Virial (kJ/mol)
    5.60511e+03    1.82113e+01   -1.39063e+01
    1.82111e+01    5.56738e+03   -1.90460e+01
   -1.39063e+01   -1.90460e+01    5.56174e+03

   Pressure (bar)
   -1.33383e+00   -1.11126e+00    1.01075e+00
   -1.11125e+00    6.79943e-01    1.23379e+00
    1.01076e+00    1.23379e+00    1.40577e+00


	M E G A - F L O P S   A C C O U N T I N G

 NB=Group-cutoff nonbonded kernels    NxN=N-by-N cluster Verlet kernels
 RF=Reaction-Field  VdW=Van der Waals  QSTab=quadratic-spline table
 W3=SPC/TIP3p  W4=TIP4p (single or pairs)
 V&F=Potential and force  V=Potential only  F=Force only

 Computing:                               M-Number         M-Flops  % Flops
-----------------------------------------------------------------------------
 Pair Search distance check            1318.699122       11868.292     0.4
 NxN LJ [F]                           88448.814112     2918810.866    96.8
 NxN LJ [V&F]                           893.853184       38435.687     1.3
 Shift-X                                 11.204480          67.227     0.0
 Bonds                                  720.003600       42480.212     1.4
 Virial                                  45.254525         814.581     0.0
 Stop-CM                                  8.968960          89.690     0.0
 P-Coupling                              44.804480         268.827     0.0
 Calc-Ekin                               89.608960        2419.442     0.1
-----------------------------------------------------------------------------
 Total                                                 3015254.824   100.0
-----------------------------------------------------------------------------


     R E A L   C Y C L E   A N D   T I M E   A C C O U N T I N G

On 1 MPI rank, each using 8 OpenMP threads

 Computing:          Num   Num      Call    Wall time         Giga-Cycles
                     Ranks Threads  Count      (s)         total sum    %
-----------------------------------------------------------------------------
 Neighbor search        1    8       2501       3.652         67.032   2.7
 Force                  1    8     200001      80.783       1482.892  58.8
 NB X/F buffer ops.     1    8     397501      38.597        708.512  28.1
 Write traj.            1    8        201       0.137          2.508   0.1
 Update                 1    8     200001      11.742        215.543   8.5
 Rest                                           2.553         46.856   1.9
-----------------------------------------------------------------------------
 Total                                        137.463       2523.343 100.0
-----------------------------------------------------------------------------

               Core t (s)   Wall t (s)        (%)
       Time:     1099.705      137.463      800.0
                 (ns/day)    (hour/ns)
Performance:      628.535        0.038
Finished mdrun on rank 0 Sat May 18 11:30:09 2024
