Log file opened on Sat May 18 11:31:20 2024
Host: its-srv045.sat.its.uu.se  pid: 126542  rank ID: 0  number of ranks:  1
                      :-) GROMACS - gmx mdrun, 2018.8 (-:

                            GROMACS is written by:
     Emile Apol      Rossen Apostolov      Paul Bauer     Herman J.C. Berendsen
    Par Bjelkmar    Aldert van Buuren   Rudi van Drunen     Anton Feenstra  
  Gerrit Groenhof    Aleksei Iupinov   Christoph Junghans   Anca Hamuraru   
 Vincent Hindriksen Dimitrios Karkoulis    Peter Kasson        Jiri Kraus    
  Carsten Kutzner      Per Larsson      Justin A. Lemkul    Viveca Lindahl  
  Magnus Lundborg   Pieter Meulenhoff    Erik Marklund      Teemu Murtola   
    Szilard Pall       Sander Pronk      Roland Schulz     Alexey Shvetsov  
   Michael Shirts     Alfons Sijbers     Peter Tieleman    Teemu Virolainen 
 Christian Wennberg    Maarten Wolf   
                           and the project leaders:
        Mark Abraham, Berk Hess, Erik Lindahl, and David van der Spoel

Copyright (c) 1991-2000, University of Groningen, The Netherlands.
Copyright (c) 2001-2017, The GROMACS development team at
Uppsala University, Stockholm University and
the Royal Institute of Technology, Sweden.
check out http://www.gromacs.org for more information.

GROMACS is free software; you can redistribute it and/or modify it
under the terms of the GNU Lesser General Public License
as published by the Free Software Foundation; either version 2.1
of the License, or (at your option) any later version.

GROMACS:      gmx mdrun, version 2018.8
Executable:   /bin/gmx
Data prefix:  /usr
Working dir:  /home/aleka155/Downloads/Part1
Command line:
  gmx mdrun -deffnm step6.5_equilibration

GROMACS version:    2018.8
Precision:          single
Memory model:       64 bit
MPI library:        thread_mpi
OpenMP support:     enabled (GMX_OPENMP_MAX_THREADS = 64)
GPU support:        OpenCL
SIMD instructions:  SSE2
FFT library:        fftw-3.3.3-sse2
RDTSCP usage:       disabled
TNG support:        enabled
Hwloc support:      hwloc-1.11.8
Tracing support:    disabled
Built on:           2019-10-05 00:30:20
Built by:           mockbuild@buildhw-06.phx2.fedoraproject.org [CMAKE]
Build OS/arch:      Linux 5.1.11-200.fc29.x86_64 x86_64
Build CPU vendor:   Unknown
Build CPU brand:    Unknown
Build CPU family:   0   Model: 0   Stepping: 0
Build CPU features: Unknown
C compiler:         /usr/bin/cc GNU 4.8.5
C compiler flags:    -msse2   -O2 -g -pipe -Wall -Wp,-D_FORTIFY_SOURCE=2 -fexceptions -fstack-protector-strong --param=ssp-buffer-size=4 -grecord-gcc-switches   -m64 -mtune=generic  -DNDEBUG -funroll-all-loops -fexcess-precision=fast  
C++ compiler:       /usr/bin/c++ GNU 4.8.5
C++ compiler flags:  -msse2   -O2 -g -pipe -Wall -Wp,-D_FORTIFY_SOURCE=2 -fexceptions -fstack-protector-strong --param=ssp-buffer-size=4 -grecord-gcc-switches   -m64 -mtune=generic -std=c++11   -DNDEBUG -funroll-all-loops -fexcess-precision=fast  
OpenCL include dir: /usr/include
OpenCL library:     /usr/lib64/libOpenCL.so
OpenCL version:     2.0

NOTE: Detection of GPUs failed. The API reported:
            GROMACS cannot run tasks on a GPU.

Running on 1 node with total 8 cores, 8 logical cores, 0 compatible GPUs
Hardware detected:
  CPU info:
    Vendor: Intel
    Brand:  Intel(R) Xeon(R) Gold 6140 CPU @ 2.30GHz
    Family: 6   Model: 26   Stepping: 4
    Features: apic clfsh cmov cx8 cx16 intel lahf mmx msr nonstop_tsc popcnt pse rdtscp sse2 sse3 sse4.1 sse4.2 ssse3 tdt x2apic
  Hardware topology: Full, with devices
    Sockets, cores, and logical processors:
      Socket  0: [   0]
      Socket  1: [   1]
      Socket  2: [   2]
      Socket  3: [   3]
      Socket  4: [   4]
      Socket  5: [   5]
      Socket  6: [   6]
      Socket  7: [   7]
    Numa nodes:
      Node  0 (67368206336 bytes mem):   0   1   2   3   4   5   6   7
      Latency:
               0
         0  1.00
    Caches:
      L1: 32768 bytes, linesize 64 bytes, assoc. 8, shared 1 ways
      L2: 1048576 bytes, linesize 64 bytes, assoc. 16, shared 1 ways
      L3: 25952256 bytes, linesize 64 bytes, assoc. 11, shared 1 ways
    PCI devices:
      0000:00:07.1  Id: 8086:7111  Class: 0x0101  Numa: 0
      0000:00:0f.0  Id: 15ad:0405  Class: 0x0300  Numa: 0
      0000:00:10.0  Id: 1000:0030  Class: 0x0100  Numa: 0
      0000:03:00.0  Id: 15ad:07b0  Class: 0x0200  Numa: 0
      0000:0b:00.0  Id: 15ad:07b0  Class: 0x0200  Numa: 0

Highest SIMD level requested by all nodes in run: SSE4.1
SIMD instructions selected at compile time:       SSE2
This program was compiled for different hardware than you are running on,
which could influence performance.

The current CPU can measure timings more accurately than the code in
gmx mdrun was configured to use. This might affect your simulation
speed as accurate timings are needed for load-balancing.
Please consider rebuilding gmx mdrun with the GMX_USE_RDTSCP=ON CMake option.

++++ PLEASE READ AND CITE THE FOLLOWING REFERENCE ++++
M. J. Abraham, T. Murtola, R. Schulz, S. Páll, J. C. Smith, B. Hess, E.
Lindahl
GROMACS: High performance molecular simulations through multi-level
parallelism from laptops to supercomputers
SoftwareX 1 (2015) pp. 19-25
-------- -------- --- Thank You --- -------- --------


++++ PLEASE READ AND CITE THE FOLLOWING REFERENCE ++++
S. Páll, M. J. Abraham, C. Kutzner, B. Hess, E. Lindahl
Tackling Exascale Software Challenges in Molecular Dynamics Simulations with
GROMACS
In S. Markidis & E. Laure (Eds.), Solving Software Challenges for Exascale 8759 (2015) pp. 3-27
-------- -------- --- Thank You --- -------- --------


++++ PLEASE READ AND CITE THE FOLLOWING REFERENCE ++++
S. Pronk, S. Páll, R. Schulz, P. Larsson, P. Bjelkmar, R. Apostolov, M. R.
Shirts, J. C. Smith, P. M. Kasson, D. van der Spoel, B. Hess, and E. Lindahl
GROMACS 4.5: a high-throughput and highly parallel open source molecular
simulation toolkit
Bioinformatics 29 (2013) pp. 845-54
-------- -------- --- Thank You --- -------- --------


++++ PLEASE READ AND CITE THE FOLLOWING REFERENCE ++++
B. Hess and C. Kutzner and D. van der Spoel and E. Lindahl
GROMACS 4: Algorithms for highly efficient, load-balanced, and scalable
molecular simulation
J. Chem. Theory Comput. 4 (2008) pp. 435-447
-------- -------- --- Thank You --- -------- --------


++++ PLEASE READ AND CITE THE FOLLOWING REFERENCE ++++
D. van der Spoel, E. Lindahl, B. Hess, G. Groenhof, A. E. Mark and H. J. C.
Berendsen
GROMACS: Fast, Flexible and Free
J. Comp. Chem. 26 (2005) pp. 1701-1719
-------- -------- --- Thank You --- -------- --------


++++ PLEASE READ AND CITE THE FOLLOWING REFERENCE ++++
E. Lindahl and B. Hess and D. van der Spoel
GROMACS 3.0: A package for molecular simulation and trajectory analysis
J. Mol. Mod. 7 (2001) pp. 306-317
-------- -------- --- Thank You --- -------- --------


++++ PLEASE READ AND CITE THE FOLLOWING REFERENCE ++++
H. J. C. Berendsen, D. van der Spoel and R. van Drunen
GROMACS: A message-passing parallel molecular dynamics implementation
Comp. Phys. Comm. 91 (1995) pp. 43-56
-------- -------- --- Thank You --- -------- --------

Input Parameters:
   integrator                     = md
   tinit                          = 0
   dt                             = 0.015
   nsteps                         = 50000
   init-step                      = 0
   simulation-part                = 1
   comm-mode                      = Linear
   nstcomm                        = 100
   bd-fric                        = 0
   ld-seed                        = -941710870
   emtol                          = 10
   emstep                         = 0.01
   niter                          = 20
   fcstep                         = 0
   nstcgsteep                     = 1000
   nbfgscorr                      = 10
   rtpi                           = 0.05
   nstxout                        = 0
   nstvout                        = 0
   nstfout                        = 0
   nstlog                         = 1000
   nstcalcenergy                  = 100
   nstenergy                      = 1000
   nstxout-compressed             = 1000
   compressed-x-precision         = 100
   cutoff-scheme                  = Verlet
   nstlist                        = 20
   ns-type                        = Grid
   pbc                            = xyz
   periodic-molecules             = false
   verlet-buffer-tolerance        = 0.005
   rlist                          = 1.177
   coulombtype                    = Reaction-Field
   coulomb-modifier               = Potential-shift
   rcoulomb-switch                = 0
   rcoulomb                       = 1.1
   epsilon-r                      = 15
   epsilon-rf                     = inf
   vdw-type                       = Cut-off
   vdw-modifier                   = Potential-shift
   rvdw-switch                    = 0
   rvdw                           = 1.1
   DispCorr                       = No
   table-extension                = 1
   fourierspacing                 = 0.12
   fourier-nx                     = 0
   fourier-ny                     = 0
   fourier-nz                     = 0
   pme-order                      = 4
   ewald-rtol                     = 1e-05
   ewald-rtol-lj                  = 0.001
   lj-pme-comb-rule               = Geometric
   ewald-geometry                 = 0
   epsilon-surface                = 0
   implicit-solvent               = No
   gb-algorithm                   = Still
   nstgbradii                     = 1
   rgbradii                       = 1
   gb-epsilon-solvent             = 80
   gb-saltconc                    = 0
   gb-obc-alpha                   = 1
   gb-obc-beta                    = 0.8
   gb-obc-gamma                   = 4.85
   gb-dielectric-offset           = 0.009
   sa-algorithm                   = Ace-approximation
   sa-surface-tension             = 2.05016
   tcoupl                         = V-rescale
   nsttcouple                     = 20
   nh-chain-length                = 0
   print-nose-hoover-chain-variables = false
   pcoupl                         = Berendsen
   pcoupltype                     = Isotropic
   nstpcouple                     = 20
   tau-p                          = 5
   compressibility (3x3):
      compressibility[    0]={ 3.00000e-04,  0.00000e+00,  0.00000e+00}
      compressibility[    1]={ 0.00000e+00,  3.00000e-04,  0.00000e+00}
      compressibility[    2]={ 0.00000e+00,  0.00000e+00,  3.00000e-04}
   ref-p (3x3):
      ref-p[    0]={ 1.00000e+00,  0.00000e+00,  0.00000e+00}
      ref-p[    1]={ 0.00000e+00,  1.00000e+00,  0.00000e+00}
      ref-p[    2]={ 0.00000e+00,  0.00000e+00,  1.00000e+00}
   refcoord-scaling               = All
   posres-com (3):
      posres-com[0]= 0.00000e+00
      posres-com[1]= 0.00000e+00
      posres-com[2]= 0.00000e+00
   posres-comB (3):
      posres-comB[0]= 0.00000e+00
      posres-comB[1]= 0.00000e+00
      posres-comB[2]= 0.00000e+00
   QMMM                           = false
   QMconstraints                  = 0
   QMMMscheme                     = 0
   MMChargeScaleFactor            = 1
qm-opts:
   ngQM                           = 0
   constraint-algorithm           = Lincs
   continuation                   = false
   Shake-SOR                      = false
   shake-tol                      = 0.0001
   lincs-order                    = 4
   lincs-iter                     = 1
   lincs-warnangle                = 30
   nwall                          = 0
   wall-type                      = 9-3
   wall-r-linpot                  = -1
   wall-atomtype[0]               = -1
   wall-atomtype[1]               = -1
   wall-density[0]                = 0
   wall-density[1]                = 0
   wall-ewald-zfac                = 3
   pull                           = false
   awh                            = false
   rotation                       = false
   interactiveMD                  = false
   disre                          = No
   disre-weighting                = Conservative
   disre-mixed                    = false
   dr-fc                          = 1000
   dr-tau                         = 0
   nstdisreout                    = 100
   orire-fc                       = 0
   orire-tau                      = 0
   nstorireout                    = 100
   free-energy                    = no
   cos-acceleration               = 0
   deform (3x3):
      deform[    0]={ 0.00000e+00,  0.00000e+00,  0.00000e+00}
      deform[    1]={ 0.00000e+00,  0.00000e+00,  0.00000e+00}
      deform[    2]={ 0.00000e+00,  0.00000e+00,  0.00000e+00}
   simulated-tempering            = false
   swapcoords                     = no
   userint1                       = 0
   userint2                       = 0
   userint3                       = 0
   userint4                       = 0
   userreal1                      = 0
   userreal2                      = 0
   userreal3                      = 0
   userreal4                      = 0
   applied-forces:
     electric-field:
       x:
         E0                       = 0
         omega                    = 0
         t0                       = 0
         sigma                    = 0
       y:
         E0                       = 0
         omega                    = 0
         t0                       = 0
         sigma                    = 0
       z:
         E0                       = 0
         omega                    = 0
         t0                       = 0
         sigma                    = 0
grpopts:
   nrdf:       13437
   ref-t:         300
   tau-t:           1
annealing:          No
annealing-npoints:           0
   acc:	           0           0           0
   nfreeze:           N           N           N
   energygrp-flags[  0]: 0

Changing nstlist from 20 to 25, rlist from 1.177 to 1.211


Using 1 MPI thread
Using 8 OpenMP threads 

Pinning threads with an auto-selected logical core stride of 1
System total charge: 0.000
Reaction-Field:
epsRF = 0, rc = 1.1, krf = 0.375657, crf = 1.36364, epsfac = 9.26236
The electrostatics potential has its minimum at r = 1.1
Potential shift: LJ r^-12: -3.186e-01 r^-6: -5.645e-01

Using SIMD 4x4 nonbonded short-range kernels

Using a dual 4x4 pair-list setup updated with dynamic pruning:
  outer list: updated every 25 steps, buffer 0.111 nm, rlist 1.211 nm
  inner list: updated every  6 steps, buffer 0.004 nm, rlist 1.104 nm
At tolerance 0.005 kJ/mol/ps per atom, equivalent classical 1x1 list would be:
  outer list: updated every 25 steps, buffer 0.192 nm, rlist 1.292 nm
  inner list: updated every  6 steps, buffer 0.024 nm, rlist 1.124 nm

Using full Lennard-Jones parameter combination matrix

Removing pbc first time

Intra-simulation communication will occur every 5 steps.
Center of mass motion removal mode is Linear
We have the following groups for center of mass motion removal:
  0:  rest

++++ PLEASE READ AND CITE THE FOLLOWING REFERENCE ++++
G. Bussi, D. Donadio and M. Parrinello
Canonical sampling through velocity rescaling
J. Chem. Phys. 126 (2007) pp. 014101
-------- -------- --- Thank You --- -------- --------

There are: 4480 Atoms
Initial temperature: 300.651 K

Started mdrun on rank 0 Sat May 18 11:31:20 2024
           Step           Time
              0        0.00000

   Energies (kJ/mol)
           Bond        LJ (SR)   Coulomb (SR)      Potential    Kinetic En.
    1.57430e+03   -1.13149e+05    0.00000e+00   -1.11575e+05    1.68406e+04
   Total Energy  Conserved En.    Temperature Pressure (bar)
   -9.47342e+04   -9.47427e+04    3.01475e+02    4.95257e+01

           Step           Time
           1000       15.00000

   Energies (kJ/mol)
           Bond        LJ (SR)   Coulomb (SR)      Potential    Kinetic En.
    1.61240e+03   -1.12832e+05    0.00000e+00   -1.11219e+05    1.69940e+04
   Total Energy  Conserved En.    Temperature Pressure (bar)
   -9.42255e+04   -9.51418e+04    3.04221e+02    3.02860e+01

           Step           Time
           2000       30.00000

   Energies (kJ/mol)
           Bond        LJ (SR)   Coulomb (SR)      Potential    Kinetic En.
    1.53019e+03   -1.12722e+05    0.00000e+00   -1.11191e+05    1.68543e+04
   Total Energy  Conserved En.    Temperature Pressure (bar)
   -9.43371e+04   -9.55495e+04    3.01721e+02    2.90029e+01

           Step           Time
           3000       45.00000

   Energies (kJ/mol)
           Bond        LJ (SR)   Coulomb (SR)      Potential    Kinetic En.
    1.56560e+03   -1.13147e+05    0.00000e+00   -1.11582e+05    1.69084e+04
   Total Energy  Conserved En.    Temperature Pressure (bar)
   -9.46732e+04   -9.59608e+04    3.02688e+02    4.37018e+01

           Step           Time
           4000       60.00000

   Energies (kJ/mol)
           Bond        LJ (SR)   Coulomb (SR)      Potential    Kinetic En.
    1.61290e+03   -1.12435e+05    0.00000e+00   -1.10822e+05    1.69014e+04
   Total Energy  Conserved En.    Temperature Pressure (bar)
   -9.39203e+04   -9.63626e+04    3.02564e+02   -3.72789e+00

           Step           Time
           5000       75.00000

   Energies (kJ/mol)
           Bond        LJ (SR)   Coulomb (SR)      Potential    Kinetic En.
    1.79754e+03   -1.13052e+05    0.00000e+00   -1.11254e+05    1.69264e+04
   Total Energy  Conserved En.    Temperature Pressure (bar)
   -9.43278e+04   -9.67643e+04    3.03011e+02   -3.00924e+01

           Step           Time
           6000       90.00000

   Energies (kJ/mol)
           Bond        LJ (SR)   Coulomb (SR)      Potential    Kinetic En.
    1.65542e+03   -1.12884e+05    0.00000e+00   -1.11228e+05    1.64234e+04
   Total Energy  Conserved En.    Temperature Pressure (bar)
   -9.48050e+04   -9.71829e+04    2.94007e+02    3.91514e+01

           Step           Time
           7000      105.00000

   Energies (kJ/mol)
           Bond        LJ (SR)   Coulomb (SR)      Potential    Kinetic En.
    1.67457e+03   -1.13340e+05    0.00000e+00   -1.11666e+05    1.62116e+04
   Total Energy  Conserved En.    Temperature Pressure (bar)
   -9.54540e+04   -9.75820e+04    2.90215e+02    3.30505e+01

           Step           Time
           8000      120.00000

   Energies (kJ/mol)
           Bond        LJ (SR)   Coulomb (SR)      Potential    Kinetic En.
    1.68712e+03   -1.13562e+05    0.00000e+00   -1.11874e+05    1.65630e+04
   Total Energy  Conserved En.    Temperature Pressure (bar)
   -9.53114e+04   -9.79674e+04    2.96505e+02   -3.34686e+00

           Step           Time
           9000      135.00000

   Energies (kJ/mol)
           Bond        LJ (SR)   Coulomb (SR)      Potential    Kinetic En.
    1.62346e+03   -1.13343e+05    0.00000e+00   -1.11719e+05    1.66843e+04
   Total Energy  Conserved En.    Temperature Pressure (bar)
   -9.50350e+04   -9.83774e+04    2.98676e+02   -8.96830e+00

           Step           Time
          10000      150.00000

   Energies (kJ/mol)
           Bond        LJ (SR)   Coulomb (SR)      Potential    Kinetic En.
    1.59672e+03   -1.12767e+05    0.00000e+00   -1.11171e+05    1.66588e+04
   Total Energy  Conserved En.    Temperature Pressure (bar)
   -9.45118e+04   -9.87886e+04    2.98221e+02    3.43823e+01

           Step           Time
          11000      165.00000

   Energies (kJ/mol)
           Bond        LJ (SR)   Coulomb (SR)      Potential    Kinetic En.
    1.64911e+03   -1.12649e+05    0.00000e+00   -1.11000e+05    1.68608e+04
   Total Energy  Conserved En.    Temperature Pressure (bar)
   -9.41388e+04   -9.91787e+04    3.01836e+02   -3.33286e+01

           Step           Time
          12000      180.00000

   Energies (kJ/mol)
           Bond        LJ (SR)   Coulomb (SR)      Potential    Kinetic En.
    1.59952e+03   -1.12860e+05    0.00000e+00   -1.11261e+05    1.65305e+04
   Total Energy  Conserved En.    Temperature Pressure (bar)
   -9.47301e+04   -9.95940e+04    2.95924e+02    2.02251e+01

           Step           Time
          13000      195.00000

   Energies (kJ/mol)
           Bond        LJ (SR)   Coulomb (SR)      Potential    Kinetic En.
    1.61854e+03   -1.13520e+05    0.00000e+00   -1.11901e+05    1.69591e+04
   Total Energy  Conserved En.    Temperature Pressure (bar)
   -9.49423e+04   -9.99948e+04    3.03597e+02   -2.94817e+01

           Step           Time
          14000      210.00000

   Energies (kJ/mol)
           Bond        LJ (SR)   Coulomb (SR)      Potential    Kinetic En.
    1.68305e+03   -1.12964e+05    0.00000e+00   -1.11281e+05    1.65460e+04
   Total Energy  Conserved En.    Temperature Pressure (bar)
   -9.47354e+04   -1.00412e+05    2.96202e+02    4.70829e+01

           Step           Time
          15000      225.00000

   Energies (kJ/mol)
           Bond        LJ (SR)   Coulomb (SR)      Potential    Kinetic En.
    1.68269e+03   -1.13067e+05    0.00000e+00   -1.11385e+05    1.69840e+04
   Total Energy  Conserved En.    Temperature Pressure (bar)
   -9.44008e+04   -1.00809e+05    3.04042e+02    1.13023e+01

           Step           Time
          16000      240.00000

   Energies (kJ/mol)
           Bond        LJ (SR)   Coulomb (SR)      Potential    Kinetic En.
    1.62097e+03   -1.12708e+05    0.00000e+00   -1.11087e+05    1.68448e+04
   Total Energy  Conserved En.    Temperature Pressure (bar)
   -9.42425e+04   -1.01230e+05    3.01550e+02    9.23827e+00

           Step           Time
          17000      255.00000

   Energies (kJ/mol)
           Bond        LJ (SR)   Coulomb (SR)      Potential    Kinetic En.
    1.53890e+03   -1.13103e+05    0.00000e+00   -1.11564e+05    1.64097e+04
   Total Energy  Conserved En.    Temperature Pressure (bar)
   -9.51547e+04   -1.01628e+05    2.93762e+02   -1.10073e+01

           Step           Time
          18000      270.00000

   Energies (kJ/mol)
           Bond        LJ (SR)   Coulomb (SR)      Potential    Kinetic En.
    1.69624e+03   -1.13124e+05    0.00000e+00   -1.11428e+05    1.68816e+04
   Total Energy  Conserved En.    Temperature Pressure (bar)
   -9.45463e+04   -1.02047e+05    3.02209e+02    2.56455e+01

           Step           Time
          19000      285.00000

   Energies (kJ/mol)
           Bond        LJ (SR)   Coulomb (SR)      Potential    Kinetic En.
    1.55189e+03   -1.13961e+05    0.00000e+00   -1.12409e+05    1.65916e+04
   Total Energy  Conserved En.    Temperature Pressure (bar)
   -9.58178e+04   -1.02434e+05    2.97018e+02   -4.98537e+01

           Step           Time
          20000      300.00000

   Energies (kJ/mol)
           Bond        LJ (SR)   Coulomb (SR)      Potential    Kinetic En.
    1.73621e+03   -1.12941e+05    0.00000e+00   -1.11204e+05    1.68758e+04
   Total Energy  Conserved En.    Temperature Pressure (bar)
   -9.43287e+04   -1.02858e+05    3.02104e+02    2.18103e+01

           Step           Time
          21000      315.00000

   Energies (kJ/mol)
           Bond        LJ (SR)   Coulomb (SR)      Potential    Kinetic En.
    1.61833e+03   -1.13329e+05    0.00000e+00   -1.11711e+05    1.66078e+04
   Total Energy  Conserved En.    Temperature Pressure (bar)
   -9.51029e+04   -1.03258e+05    2.97307e+02   -5.54763e+00

           Step           Time
          22000      330.00000

   Energies (kJ/mol)
           Bond        LJ (SR)   Coulomb (SR)      Potential    Kinetic En.
    1.62156e+03   -1.13184e+05    0.00000e+00   -1.11562e+05    1.65092e+04
   Total Energy  Conserved En.    Temperature Pressure (bar)
   -9.50528e+04   -1.03678e+05    2.95543e+02   -2.95324e+00

           Step           Time
          23000      345.00000

   Energies (kJ/mol)
           Bond        LJ (SR)   Coulomb (SR)      Potential    Kinetic En.
    1.65733e+03   -1.13026e+05    0.00000e+00   -1.11369e+05    1.65089e+04
   Total Energy  Conserved En.    Temperature Pressure (bar)
   -9.48596e+04   -1.04082e+05    2.95537e+02    2.77459e+01

           Step           Time
          24000      360.00000

   Energies (kJ/mol)
           Bond        LJ (SR)   Coulomb (SR)      Potential    Kinetic En.
    1.63669e+03   -1.13005e+05    0.00000e+00   -1.11369e+05    1.65510e+04
   Total Energy  Conserved En.    Temperature Pressure (bar)
   -9.48176e+04   -1.04486e+05    2.96290e+02   -2.95603e+00

           Step           Time
          25000      375.00000

   Energies (kJ/mol)
           Bond        LJ (SR)   Coulomb (SR)      Potential    Kinetic En.
    1.71513e+03   -1.12572e+05    0.00000e+00   -1.10857e+05    1.64824e+04
   Total Energy  Conserved En.    Temperature Pressure (bar)
   -9.43746e+04   -1.04899e+05    2.95062e+02    5.24258e+01

           Step           Time
          26000      390.00000

   Energies (kJ/mol)
           Bond        LJ (SR)   Coulomb (SR)      Potential    Kinetic En.
    1.69610e+03   -1.12757e+05    0.00000e+00   -1.11061e+05    1.65845e+04
   Total Energy  Conserved En.    Temperature Pressure (bar)
   -9.44761e+04   -1.05311e+05    2.96891e+02    3.89246e+00

           Step           Time
          27000      405.00000

   Energies (kJ/mol)
           Bond        LJ (SR)   Coulomb (SR)      Potential    Kinetic En.
    1.69746e+03   -1.13266e+05    0.00000e+00   -1.11568e+05    1.71678e+04
   Total Energy  Conserved En.    Temperature Pressure (bar)
   -9.44006e+04   -1.05711e+05    3.07333e+02   -4.16245e+01

           Step           Time
          28000      420.00000

   Energies (kJ/mol)
           Bond        LJ (SR)   Coulomb (SR)      Potential    Kinetic En.
    1.68372e+03   -1.13311e+05    0.00000e+00   -1.11627e+05    1.65950e+04
   Total Energy  Conserved En.    Temperature Pressure (bar)
   -9.50322e+04   -1.06126e+05    2.97079e+02    6.17743e+01

           Step           Time
          29000      435.00000

   Energies (kJ/mol)
           Bond        LJ (SR)   Coulomb (SR)      Potential    Kinetic En.
    1.63837e+03   -1.13020e+05    0.00000e+00   -1.11382e+05    1.67169e+04
   Total Energy  Conserved En.    Temperature Pressure (bar)
   -9.46650e+04   -1.06525e+05    2.99260e+02    4.53254e+01

           Step           Time
          30000      450.00000

   Energies (kJ/mol)
           Bond        LJ (SR)   Coulomb (SR)      Potential    Kinetic En.
    1.61792e+03   -1.13009e+05    0.00000e+00   -1.11391e+05    1.69233e+04
   Total Energy  Conserved En.    Temperature Pressure (bar)
   -9.44678e+04   -1.06927e+05    3.02956e+02    9.13192e+00

           Step           Time
          31000      465.00000

   Energies (kJ/mol)
           Bond        LJ (SR)   Coulomb (SR)      Potential    Kinetic En.
    1.63361e+03   -1.12860e+05    0.00000e+00   -1.11226e+05    1.66377e+04
   Total Energy  Conserved En.    Temperature Pressure (bar)
   -9.45886e+04   -1.07330e+05    2.97842e+02   -3.29951e+01

           Step           Time
          32000      480.00000

   Energies (kJ/mol)
           Bond        LJ (SR)   Coulomb (SR)      Potential    Kinetic En.
    1.54926e+03   -1.13194e+05    0.00000e+00   -1.11644e+05    1.65079e+04
   Total Energy  Conserved En.    Temperature Pressure (bar)
   -9.51366e+04   -1.07740e+05    2.95519e+02   -2.66272e+01

           Step           Time
          33000      495.00000

   Energies (kJ/mol)
           Bond        LJ (SR)   Coulomb (SR)      Potential    Kinetic En.
    1.57449e+03   -1.12668e+05    0.00000e+00   -1.11093e+05    1.68612e+04
   Total Energy  Conserved En.    Temperature Pressure (bar)
   -9.42319e+04   -1.08158e+05    3.01844e+02    6.66069e+00

           Step           Time
          34000      510.00000

   Energies (kJ/mol)
           Bond        LJ (SR)   Coulomb (SR)      Potential    Kinetic En.
    1.73347e+03   -1.12819e+05    0.00000e+00   -1.11085e+05    1.69952e+04
   Total Energy  Conserved En.    Temperature Pressure (bar)
   -9.40902e+04   -1.08563e+05    3.04242e+02   -2.02614e+01

           Step           Time
          35000      525.00000

   Energies (kJ/mol)
           Bond        LJ (SR)   Coulomb (SR)      Potential    Kinetic En.
    1.65891e+03   -1.12375e+05    0.00000e+00   -1.10716e+05    1.64396e+04
   Total Energy  Conserved En.    Temperature Pressure (bar)
   -9.42761e+04   -1.08985e+05    2.94297e+02    4.48521e+01

           Step           Time
          36000      540.00000

   Energies (kJ/mol)
           Bond        LJ (SR)   Coulomb (SR)      Potential    Kinetic En.
    1.56484e+03   -1.13420e+05    0.00000e+00   -1.11855e+05    1.67986e+04
   Total Energy  Conserved En.    Temperature Pressure (bar)
   -9.50567e+04   -1.09384e+05    3.00724e+02   -2.14815e+01

           Step           Time
          37000      555.00000

   Energies (kJ/mol)
           Bond        LJ (SR)   Coulomb (SR)      Potential    Kinetic En.
    1.57637e+03   -1.13231e+05    0.00000e+00   -1.11654e+05    1.65207e+04
   Total Energy  Conserved En.    Temperature Pressure (bar)
   -9.51337e+04   -1.09806e+05    2.95749e+02    4.59710e+01

           Step           Time
          38000      570.00000

   Energies (kJ/mol)
           Bond        LJ (SR)   Coulomb (SR)      Potential    Kinetic En.
    1.65890e+03   -1.13280e+05    0.00000e+00   -1.11622e+05    1.67717e+04
   Total Energy  Conserved En.    Temperature Pressure (bar)
   -9.48498e+04   -1.10207e+05    3.00242e+02   -2.54302e+00

           Step           Time
          39000      585.00000

   Energies (kJ/mol)
           Bond        LJ (SR)   Coulomb (SR)      Potential    Kinetic En.
    1.70534e+03   -1.12766e+05    0.00000e+00   -1.11061e+05    1.68747e+04
   Total Energy  Conserved En.    Temperature Pressure (bar)
   -9.41861e+04   -1.10595e+05    3.02085e+02   -9.88879e+01

           Step           Time
          40000      600.00000

   Energies (kJ/mol)
           Bond        LJ (SR)   Coulomb (SR)      Potential    Kinetic En.
    1.75580e+03   -1.13039e+05    0.00000e+00   -1.11283e+05    1.66056e+04
   Total Energy  Conserved En.    Temperature Pressure (bar)
   -9.46776e+04   -1.11022e+05    2.97269e+02   -5.23898e+00

           Step           Time
          41000      615.00000

   Energies (kJ/mol)
           Bond        LJ (SR)   Coulomb (SR)      Potential    Kinetic En.
    1.70252e+03   -1.13322e+05    0.00000e+00   -1.11619e+05    1.65182e+04
   Total Energy  Conserved En.    Temperature Pressure (bar)
   -9.51009e+04   -1.11442e+05    2.95704e+02    2.89592e+01

           Step           Time
          42000      630.00000

   Energies (kJ/mol)
           Bond        LJ (SR)   Coulomb (SR)      Potential    Kinetic En.
    1.53696e+03   -1.12742e+05    0.00000e+00   -1.11205e+05    1.68800e+04
   Total Energy  Conserved En.    Temperature Pressure (bar)
   -9.43247e+04   -1.11836e+05    3.02179e+02   -2.80726e+01

           Step           Time
          43000      645.00000

   Energies (kJ/mol)
           Bond        LJ (SR)   Coulomb (SR)      Potential    Kinetic En.
    1.56735e+03   -1.13046e+05    0.00000e+00   -1.11479e+05    1.67350e+04
   Total Energy  Conserved En.    Temperature Pressure (bar)
   -9.47438e+04   -1.12246e+05    2.99585e+02    1.37171e+01

           Step           Time
          44000      660.00000

   Energies (kJ/mol)
           Bond        LJ (SR)   Coulomb (SR)      Potential    Kinetic En.
    1.58590e+03   -1.13113e+05    0.00000e+00   -1.11527e+05    1.68320e+04
   Total Energy  Conserved En.    Temperature Pressure (bar)
   -9.46952e+04   -1.12644e+05    3.01321e+02   -4.39947e+01

           Step           Time
          45000      675.00000

   Energies (kJ/mol)
           Bond        LJ (SR)   Coulomb (SR)      Potential    Kinetic En.
    1.62041e+03   -1.12771e+05    0.00000e+00   -1.11150e+05    1.67290e+04
   Total Energy  Conserved En.    Temperature Pressure (bar)
   -9.44215e+04   -1.13064e+05    2.99477e+02   -2.23950e+01

           Step           Time
          46000      690.00000

   Energies (kJ/mol)
           Bond        LJ (SR)   Coulomb (SR)      Potential    Kinetic En.
    1.64457e+03   -1.13262e+05    0.00000e+00   -1.11618e+05    1.65865e+04
   Total Energy  Conserved En.    Temperature Pressure (bar)
   -9.50313e+04   -1.13479e+05    2.96927e+02    1.11884e+01

           Step           Time
          47000      705.00000

   Energies (kJ/mol)
           Bond        LJ (SR)   Coulomb (SR)      Potential    Kinetic En.
    1.68331e+03   -1.13128e+05    0.00000e+00   -1.11444e+05    1.66954e+04
   Total Energy  Conserved En.    Temperature Pressure (bar)
   -9.47488e+04   -1.13870e+05    2.98876e+02   -1.91980e+01

           Step           Time
          48000      720.00000

   Energies (kJ/mol)
           Bond        LJ (SR)   Coulomb (SR)      Potential    Kinetic En.
    1.70664e+03   -1.13342e+05    0.00000e+00   -1.11635e+05    1.66147e+04
   Total Energy  Conserved En.    Temperature Pressure (bar)
   -9.50203e+04   -1.14297e+05    2.97432e+02    5.14823e+01

           Step           Time
          49000      735.00000

   Energies (kJ/mol)
           Bond        LJ (SR)   Coulomb (SR)      Potential    Kinetic En.
    1.70829e+03   -1.12918e+05    0.00000e+00   -1.11210e+05    1.62949e+04
   Total Energy  Conserved En.    Temperature Pressure (bar)
   -9.49146e+04   -1.14703e+05    2.91706e+02    7.46960e+01

           Step           Time
          50000      750.00000

Writing checkpoint, step 50000 at Sat May 18 11:31:57 2024


   Energies (kJ/mol)
           Bond        LJ (SR)   Coulomb (SR)      Potential    Kinetic En.
    1.75535e+03   -1.13074e+05    0.00000e+00   -1.11319e+05    1.67918e+04
   Total Energy  Conserved En.    Temperature Pressure (bar)
   -9.45271e+04   -1.15107e+05    3.00601e+02    1.79555e+01

	<======  ###############  ==>
	<====  A V E R A G E S  ====>
	<==  ###############  ======>

	Statistics over 50001 steps using 501 frames

   Energies (kJ/mol)
           Bond        LJ (SR)   Coulomb (SR)      Potential    Kinetic En.
    1.64979e+03   -1.13074e+05    0.00000e+00   -1.11424e+05    1.66988e+04
   Total Energy  Conserved En.    Temperature Pressure (bar)
   -9.47256e+04   -1.04902e+05    2.98936e+02   -7.10711e-01

          Box-X          Box-Y          Box-Z
    7.93186e+00    7.94426e+00    7.93211e+00

   Total Virial (kJ/mol)
    5.63287e+03    1.12730e+01    9.74679e+01
    1.12725e+01    5.52209e+03   -2.06599e+01
    9.74695e+01   -2.06596e+01    5.57655e+03

   Pressure (bar)
   -4.19557e+00   -1.13502e+00   -6.37849e+00
   -1.13498e+00    2.80424e+00    1.15098e+00
   -6.37860e+00    1.15096e+00   -7.40802e-01


	M E G A - F L O P S   A C C O U N T I N G

 NB=Group-cutoff nonbonded kernels    NxN=N-by-N cluster Verlet kernels
 RF=Reaction-Field  VdW=Van der Waals  QSTab=quadratic-spline table
 W3=SPC/TIP3p  W4=TIP4p (single or pairs)
 V&F=Potential and force  V=Potential only  F=Force only

 Computing:                               M-Number         M-Flops  % Flops
-----------------------------------------------------------------------------
 Pair Search distance check            1024.218806        9217.969     1.2
 NxN LJ [F]                           21502.588944      709585.435    95.7
 NxN LJ [V&F]                           217.684928        9360.452     1.3
 Shift-X                                  8.964480          53.787     0.0
 Bonds                                  180.003600       10620.212     1.4
 Virial                                  11.317025         203.706     0.0
 Stop-CM                                  2.248960          22.490     0.0
 P-Coupling                              11.204480          67.227     0.0
 Calc-Ekin                               89.608960        2419.442     0.3
-----------------------------------------------------------------------------
 Total                                                  741550.720   100.0
-----------------------------------------------------------------------------


     R E A L   C Y C L E   A N D   T I M E   A C C O U N T I N G

On 1 MPI rank, each using 8 OpenMP threads

 Computing:          Num   Num      Call    Wall time         Giga-Cycles
                     Ranks Threads  Count      (s)         total sum    %
-----------------------------------------------------------------------------
 Neighbor search        1    8       2001       2.603         47.785   6.9
 Force                  1    8      50001      20.920        384.025  55.8
 NB X/F buffer ops.     1    8      98001       9.862        181.024  26.3
 Write traj.            1    8         51       0.046          0.843   0.1
 Update                 1    8      50001       2.783         51.085   7.4
 Rest                                           1.279         23.470   3.4
-----------------------------------------------------------------------------
 Total                                         37.492        688.232 100.0
-----------------------------------------------------------------------------

               Core t (s)   Wall t (s)        (%)
       Time:      299.940       37.492      800.0
                 (ns/day)    (hour/ns)
Performance:     1728.383        0.014
Finished mdrun on rank 0 Sat May 18 11:31:57 2024
