Log file opened on Sat May 18 11:31:57 2024
Host: its-srv045.sat.its.uu.se  pid: 126662  rank ID: 0  number of ranks:  1
                      :-) GROMACS - gmx mdrun, 2018.8 (-:

                            GROMACS is written by:
     Emile Apol      Rossen Apostolov      Paul Bauer     Herman J.C. Berendsen
    Par Bjelkmar    Aldert van Buuren   Rudi van Drunen     Anton Feenstra  
  Gerrit Groenhof    Aleksei Iupinov   Christoph Junghans   Anca Hamuraru   
 Vincent Hindriksen Dimitrios Karkoulis    Peter Kasson        Jiri Kraus    
  Carsten Kutzner      Per Larsson      Justin A. Lemkul    Viveca Lindahl  
  Magnus Lundborg   Pieter Meulenhoff    Erik Marklund      Teemu Murtola   
    Szilard Pall       Sander Pronk      Roland Schulz     Alexey Shvetsov  
   Michael Shirts     Alfons Sijbers     Peter Tieleman    Teemu Virolainen 
 Christian Wennberg    Maarten Wolf   
                           and the project leaders:
        Mark Abraham, Berk Hess, Erik Lindahl, and David van der Spoel

Copyright (c) 1991-2000, University of Groningen, The Netherlands.
Copyright (c) 2001-2017, The GROMACS development team at
Uppsala University, Stockholm University and
the Royal Institute of Technology, Sweden.
check out http://www.gromacs.org for more information.

GROMACS is free software; you can redistribute it and/or modify it
under the terms of the GNU Lesser General Public License
as published by the Free Software Foundation; either version 2.1
of the License, or (at your option) any later version.

GROMACS:      gmx mdrun, version 2018.8
Executable:   /bin/gmx
Data prefix:  /usr
Working dir:  /home/aleka155/Downloads/Part1
Command line:
  gmx mdrun -deffnm step6.6_equilibration

GROMACS version:    2018.8
Precision:          single
Memory model:       64 bit
MPI library:        thread_mpi
OpenMP support:     enabled (GMX_OPENMP_MAX_THREADS = 64)
GPU support:        OpenCL
SIMD instructions:  SSE2
FFT library:        fftw-3.3.3-sse2
RDTSCP usage:       disabled
TNG support:        enabled
Hwloc support:      hwloc-1.11.8
Tracing support:    disabled
Built on:           2019-10-05 00:30:20
Built by:           mockbuild@buildhw-06.phx2.fedoraproject.org [CMAKE]
Build OS/arch:      Linux 5.1.11-200.fc29.x86_64 x86_64
Build CPU vendor:   Unknown
Build CPU brand:    Unknown
Build CPU family:   0   Model: 0   Stepping: 0
Build CPU features: Unknown
C compiler:         /usr/bin/cc GNU 4.8.5
C compiler flags:    -msse2   -O2 -g -pipe -Wall -Wp,-D_FORTIFY_SOURCE=2 -fexceptions -fstack-protector-strong --param=ssp-buffer-size=4 -grecord-gcc-switches   -m64 -mtune=generic  -DNDEBUG -funroll-all-loops -fexcess-precision=fast  
C++ compiler:       /usr/bin/c++ GNU 4.8.5
C++ compiler flags:  -msse2   -O2 -g -pipe -Wall -Wp,-D_FORTIFY_SOURCE=2 -fexceptions -fstack-protector-strong --param=ssp-buffer-size=4 -grecord-gcc-switches   -m64 -mtune=generic -std=c++11   -DNDEBUG -funroll-all-loops -fexcess-precision=fast  
OpenCL include dir: /usr/include
OpenCL library:     /usr/lib64/libOpenCL.so
OpenCL version:     2.0

NOTE: Detection of GPUs failed. The API reported:
            GROMACS cannot run tasks on a GPU.

Running on 1 node with total 8 cores, 8 logical cores, 0 compatible GPUs
Hardware detected:
  CPU info:
    Vendor: Intel
    Brand:  Intel(R) Xeon(R) Gold 6140 CPU @ 2.30GHz
    Family: 6   Model: 26   Stepping: 4
    Features: apic clfsh cmov cx8 cx16 intel lahf mmx msr nonstop_tsc popcnt pse rdtscp sse2 sse3 sse4.1 sse4.2 ssse3 tdt x2apic
  Hardware topology: Full, with devices
    Sockets, cores, and logical processors:
      Socket  0: [   0]
      Socket  1: [   1]
      Socket  2: [   2]
      Socket  3: [   3]
      Socket  4: [   4]
      Socket  5: [   5]
      Socket  6: [   6]
      Socket  7: [   7]
    Numa nodes:
      Node  0 (67368206336 bytes mem):   0   1   2   3   4   5   6   7
      Latency:
               0
         0  1.00
    Caches:
      L1: 32768 bytes, linesize 64 bytes, assoc. 8, shared 1 ways
      L2: 1048576 bytes, linesize 64 bytes, assoc. 16, shared 1 ways
      L3: 25952256 bytes, linesize 64 bytes, assoc. 11, shared 1 ways
    PCI devices:
      0000:00:07.1  Id: 8086:7111  Class: 0x0101  Numa: 0
      0000:00:0f.0  Id: 15ad:0405  Class: 0x0300  Numa: 0
      0000:00:10.0  Id: 1000:0030  Class: 0x0100  Numa: 0
      0000:03:00.0  Id: 15ad:07b0  Class: 0x0200  Numa: 0
      0000:0b:00.0  Id: 15ad:07b0  Class: 0x0200  Numa: 0

Highest SIMD level requested by all nodes in run: SSE4.1
SIMD instructions selected at compile time:       SSE2
This program was compiled for different hardware than you are running on,
which could influence performance.

The current CPU can measure timings more accurately than the code in
gmx mdrun was configured to use. This might affect your simulation
speed as accurate timings are needed for load-balancing.
Please consider rebuilding gmx mdrun with the GMX_USE_RDTSCP=ON CMake option.

++++ PLEASE READ AND CITE THE FOLLOWING REFERENCE ++++
M. J. Abraham, T. Murtola, R. Schulz, S. Páll, J. C. Smith, B. Hess, E.
Lindahl
GROMACS: High performance molecular simulations through multi-level
parallelism from laptops to supercomputers
SoftwareX 1 (2015) pp. 19-25
-------- -------- --- Thank You --- -------- --------


++++ PLEASE READ AND CITE THE FOLLOWING REFERENCE ++++
S. Páll, M. J. Abraham, C. Kutzner, B. Hess, E. Lindahl
Tackling Exascale Software Challenges in Molecular Dynamics Simulations with
GROMACS
In S. Markidis & E. Laure (Eds.), Solving Software Challenges for Exascale 8759 (2015) pp. 3-27
-------- -------- --- Thank You --- -------- --------


++++ PLEASE READ AND CITE THE FOLLOWING REFERENCE ++++
S. Pronk, S. Páll, R. Schulz, P. Larsson, P. Bjelkmar, R. Apostolov, M. R.
Shirts, J. C. Smith, P. M. Kasson, D. van der Spoel, B. Hess, and E. Lindahl
GROMACS 4.5: a high-throughput and highly parallel open source molecular
simulation toolkit
Bioinformatics 29 (2013) pp. 845-54
-------- -------- --- Thank You --- -------- --------


++++ PLEASE READ AND CITE THE FOLLOWING REFERENCE ++++
B. Hess and C. Kutzner and D. van der Spoel and E. Lindahl
GROMACS 4: Algorithms for highly efficient, load-balanced, and scalable
molecular simulation
J. Chem. Theory Comput. 4 (2008) pp. 435-447
-------- -------- --- Thank You --- -------- --------


++++ PLEASE READ AND CITE THE FOLLOWING REFERENCE ++++
D. van der Spoel, E. Lindahl, B. Hess, G. Groenhof, A. E. Mark and H. J. C.
Berendsen
GROMACS: Fast, Flexible and Free
J. Comp. Chem. 26 (2005) pp. 1701-1719
-------- -------- --- Thank You --- -------- --------


++++ PLEASE READ AND CITE THE FOLLOWING REFERENCE ++++
E. Lindahl and B. Hess and D. van der Spoel
GROMACS 3.0: A package for molecular simulation and trajectory analysis
J. Mol. Mod. 7 (2001) pp. 306-317
-------- -------- --- Thank You --- -------- --------


++++ PLEASE READ AND CITE THE FOLLOWING REFERENCE ++++
H. J. C. Berendsen, D. van der Spoel and R. van Drunen
GROMACS: A message-passing parallel molecular dynamics implementation
Comp. Phys. Comm. 91 (1995) pp. 43-56
-------- -------- --- Thank You --- -------- --------

Input Parameters:
   integrator                     = md
   tinit                          = 0
   dt                             = 0.02
   nsteps                         = 50000
   init-step                      = 0
   simulation-part                = 1
   comm-mode                      = Linear
   nstcomm                        = 100
   bd-fric                        = 0
   ld-seed                        = 1715364293
   emtol                          = 10
   emstep                         = 0.01
   niter                          = 20
   fcstep                         = 0
   nstcgsteep                     = 1000
   nbfgscorr                      = 10
   rtpi                           = 0.05
   nstxout                        = 0
   nstvout                        = 0
   nstfout                        = 0
   nstlog                         = 1000
   nstcalcenergy                  = 100
   nstenergy                      = 1000
   nstxout-compressed             = 1000
   compressed-x-precision         = 100
   cutoff-scheme                  = Verlet
   nstlist                        = 20
   ns-type                        = Grid
   pbc                            = xyz
   periodic-molecules             = false
   verlet-buffer-tolerance        = 0.005
   rlist                          = 1.22
   coulombtype                    = Reaction-Field
   coulomb-modifier               = Potential-shift
   rcoulomb-switch                = 0
   rcoulomb                       = 1.1
   epsilon-r                      = 15
   epsilon-rf                     = inf
   vdw-type                       = Cut-off
   vdw-modifier                   = Potential-shift
   rvdw-switch                    = 0
   rvdw                           = 1.1
   DispCorr                       = No
   table-extension                = 1
   fourierspacing                 = 0.12
   fourier-nx                     = 0
   fourier-ny                     = 0
   fourier-nz                     = 0
   pme-order                      = 4
   ewald-rtol                     = 1e-05
   ewald-rtol-lj                  = 0.001
   lj-pme-comb-rule               = Geometric
   ewald-geometry                 = 0
   epsilon-surface                = 0
   implicit-solvent               = No
   gb-algorithm                   = Still
   nstgbradii                     = 1
   rgbradii                       = 1
   gb-epsilon-solvent             = 80
   gb-saltconc                    = 0
   gb-obc-alpha                   = 1
   gb-obc-beta                    = 0.8
   gb-obc-gamma                   = 4.85
   gb-dielectric-offset           = 0.009
   sa-algorithm                   = Ace-approximation
   sa-surface-tension             = 2.05016
   tcoupl                         = V-rescale
   nsttcouple                     = 20
   nh-chain-length                = 0
   print-nose-hoover-chain-variables = false
   pcoupl                         = Berendsen
   pcoupltype                     = Isotropic
   nstpcouple                     = 20
   tau-p                          = 5
   compressibility (3x3):
      compressibility[    0]={ 3.00000e-04,  0.00000e+00,  0.00000e+00}
      compressibility[    1]={ 0.00000e+00,  3.00000e-04,  0.00000e+00}
      compressibility[    2]={ 0.00000e+00,  0.00000e+00,  3.00000e-04}
   ref-p (3x3):
      ref-p[    0]={ 1.00000e+00,  0.00000e+00,  0.00000e+00}
      ref-p[    1]={ 0.00000e+00,  1.00000e+00,  0.00000e+00}
      ref-p[    2]={ 0.00000e+00,  0.00000e+00,  1.00000e+00}
   refcoord-scaling               = All
   posres-com (3):
      posres-com[0]= 0.00000e+00
      posres-com[1]= 0.00000e+00
      posres-com[2]= 0.00000e+00
   posres-comB (3):
      posres-comB[0]= 0.00000e+00
      posres-comB[1]= 0.00000e+00
      posres-comB[2]= 0.00000e+00
   QMMM                           = false
   QMconstraints                  = 0
   QMMMscheme                     = 0
   MMChargeScaleFactor            = 1
qm-opts:
   ngQM                           = 0
   constraint-algorithm           = Lincs
   continuation                   = false
   Shake-SOR                      = false
   shake-tol                      = 0.0001
   lincs-order                    = 4
   lincs-iter                     = 1
   lincs-warnangle                = 30
   nwall                          = 0
   wall-type                      = 9-3
   wall-r-linpot                  = -1
   wall-atomtype[0]               = -1
   wall-atomtype[1]               = -1
   wall-density[0]                = 0
   wall-density[1]                = 0
   wall-ewald-zfac                = 3
   pull                           = false
   awh                            = false
   rotation                       = false
   interactiveMD                  = false
   disre                          = No
   disre-weighting                = Conservative
   disre-mixed                    = false
   dr-fc                          = 1000
   dr-tau                         = 0
   nstdisreout                    = 100
   orire-fc                       = 0
   orire-tau                      = 0
   nstorireout                    = 100
   free-energy                    = no
   cos-acceleration               = 0
   deform (3x3):
      deform[    0]={ 0.00000e+00,  0.00000e+00,  0.00000e+00}
      deform[    1]={ 0.00000e+00,  0.00000e+00,  0.00000e+00}
      deform[    2]={ 0.00000e+00,  0.00000e+00,  0.00000e+00}
   simulated-tempering            = false
   swapcoords                     = no
   userint1                       = 0
   userint2                       = 0
   userint3                       = 0
   userint4                       = 0
   userreal1                      = 0
   userreal2                      = 0
   userreal3                      = 0
   userreal4                      = 0
   applied-forces:
     electric-field:
       x:
         E0                       = 0
         omega                    = 0
         t0                       = 0
         sigma                    = 0
       y:
         E0                       = 0
         omega                    = 0
         t0                       = 0
         sigma                    = 0
       z:
         E0                       = 0
         omega                    = 0
         t0                       = 0
         sigma                    = 0
grpopts:
   nrdf:       13437
   ref-t:         300
   tau-t:           1
annealing:          No
annealing-npoints:           0
   acc:	           0           0           0
   nfreeze:           N           N           N
   energygrp-flags[  0]: 0

Changing nstlist from 20 to 25, rlist from 1.22 to 1.269


Using 1 MPI thread
Using 8 OpenMP threads 

Pinning threads with an auto-selected logical core stride of 1
System total charge: 0.000
Reaction-Field:
epsRF = 0, rc = 1.1, krf = 0.375657, crf = 1.36364, epsfac = 9.26236
The electrostatics potential has its minimum at r = 1.1
Potential shift: LJ r^-12: -3.186e-01 r^-6: -5.645e-01

Using SIMD 4x4 nonbonded short-range kernels

Using a dual 4x4 pair-list setup updated with dynamic pruning:
  outer list: updated every 25 steps, buffer 0.169 nm, rlist 1.269 nm
  inner list: updated every  5 steps, buffer 0.004 nm, rlist 1.104 nm
At tolerance 0.005 kJ/mol/ps per atom, equivalent classical 1x1 list would be:
  outer list: updated every 25 steps, buffer 0.276 nm, rlist 1.376 nm
  inner list: updated every  5 steps, buffer 0.026 nm, rlist 1.126 nm

Using full Lennard-Jones parameter combination matrix

Removing pbc first time

Intra-simulation communication will occur every 5 steps.
Center of mass motion removal mode is Linear
We have the following groups for center of mass motion removal:
  0:  rest

++++ PLEASE READ AND CITE THE FOLLOWING REFERENCE ++++
G. Bussi, D. Donadio and M. Parrinello
Canonical sampling through velocity rescaling
J. Chem. Phys. 126 (2007) pp. 014101
-------- -------- --- Thank You --- -------- --------

There are: 4480 Atoms
Initial temperature: 300.368 K

Started mdrun on rank 0 Sat May 18 11:31:57 2024
           Step           Time
              0        0.00000

   Energies (kJ/mol)
           Bond        LJ (SR)   Coulomb (SR)      Potential    Kinetic En.
    1.75851e+03   -1.13074e+05    0.00000e+00   -1.11316e+05    1.68736e+04
   Total Energy  Conserved En.    Temperature Pressure (bar)
   -9.44419e+04   -9.44468e+04    3.02066e+02    2.01379e+01

           Step           Time
           1000       20.00000

   Energies (kJ/mol)
           Bond        LJ (SR)   Coulomb (SR)      Potential    Kinetic En.
    1.64249e+03   -1.13303e+05    0.00000e+00   -1.11661e+05    1.68376e+04
   Total Energy  Conserved En.    Temperature Pressure (bar)
   -9.48232e+04   -9.50278e+04    3.01421e+02    2.31499e+01

           Step           Time
           2000       40.00000

   Energies (kJ/mol)
           Bond        LJ (SR)   Coulomb (SR)      Potential    Kinetic En.
    1.64184e+03   -1.13609e+05    0.00000e+00   -1.11967e+05    1.67561e+04
   Total Energy  Conserved En.    Temperature Pressure (bar)
   -9.52111e+04   -9.55726e+04    2.99962e+02   -6.05866e+01

           Step           Time
           3000       60.00000

   Energies (kJ/mol)
           Bond        LJ (SR)   Coulomb (SR)      Potential    Kinetic En.
    1.55958e+03   -1.12451e+05    0.00000e+00   -1.10892e+05    1.66319e+04
   Total Energy  Conserved En.    Temperature Pressure (bar)
   -9.42600e+04   -9.61598e+04    2.97738e+02    5.69428e+01

           Step           Time
           4000       80.00000

   Energies (kJ/mol)
           Bond        LJ (SR)   Coulomb (SR)      Potential    Kinetic En.
    1.57296e+03   -1.12743e+05    0.00000e+00   -1.11170e+05    1.70142e+04
   Total Energy  Conserved En.    Temperature Pressure (bar)
   -9.41562e+04   -9.67229e+04    3.04582e+02   -1.54379e+01

           Step           Time
           5000      100.00000

   Energies (kJ/mol)
           Bond        LJ (SR)   Coulomb (SR)      Potential    Kinetic En.
    1.77321e+03   -1.13169e+05    0.00000e+00   -1.11396e+05    1.66210e+04
   Total Energy  Conserved En.    Temperature Pressure (bar)
   -9.47750e+04   -9.72604e+04    2.97543e+02   -7.18459e+01

           Step           Time
           6000      120.00000

   Energies (kJ/mol)
           Bond        LJ (SR)   Coulomb (SR)      Potential    Kinetic En.
    1.66987e+03   -1.12621e+05    0.00000e+00   -1.10951e+05    1.67242e+04
   Total Energy  Conserved En.    Temperature Pressure (bar)
   -9.42268e+04   -9.78495e+04    2.99391e+02   -2.68532e+01

           Step           Time
           7000      140.00000

   Energies (kJ/mol)
           Bond        LJ (SR)   Coulomb (SR)      Potential    Kinetic En.
    1.59579e+03   -1.13062e+05    0.00000e+00   -1.11466e+05    1.63314e+04
   Total Energy  Conserved En.    Temperature Pressure (bar)
   -9.51343e+04   -9.84417e+04    2.92359e+02    3.04802e+01

           Step           Time
           8000      160.00000

   Energies (kJ/mol)
           Bond        LJ (SR)   Coulomb (SR)      Potential    Kinetic En.
    1.72725e+03   -1.13545e+05    0.00000e+00   -1.11818e+05    1.64877e+04
   Total Energy  Conserved En.    Temperature Pressure (bar)
   -9.53298e+04   -9.90012e+04    2.95158e+02    5.28951e+00

           Step           Time
           9000      180.00000

   Energies (kJ/mol)
           Bond        LJ (SR)   Coulomb (SR)      Potential    Kinetic En.
    1.66894e+03   -1.12847e+05    0.00000e+00   -1.11178e+05    1.65750e+04
   Total Energy  Conserved En.    Temperature Pressure (bar)
   -9.46026e+04   -9.95761e+04    2.96720e+02   -3.15740e+01

           Step           Time
          10000      200.00000

   Energies (kJ/mol)
           Bond        LJ (SR)   Coulomb (SR)      Potential    Kinetic En.
    1.71084e+03   -1.13239e+05    0.00000e+00   -1.11529e+05    1.66323e+04
   Total Energy  Conserved En.    Temperature Pressure (bar)
   -9.48963e+04   -1.00132e+05    2.97746e+02   -7.50716e+00

           Step           Time
          11000      220.00000

   Energies (kJ/mol)
           Bond        LJ (SR)   Coulomb (SR)      Potential    Kinetic En.
    1.75669e+03   -1.12877e+05    0.00000e+00   -1.11120e+05    1.65270e+04
   Total Energy  Conserved En.    Temperature Pressure (bar)
   -9.45934e+04   -1.00713e+05    2.95862e+02    2.93600e+01

           Step           Time
          12000      240.00000

   Energies (kJ/mol)
           Bond        LJ (SR)   Coulomb (SR)      Potential    Kinetic En.
    1.72321e+03   -1.12942e+05    0.00000e+00   -1.11219e+05    1.68382e+04
   Total Energy  Conserved En.    Temperature Pressure (bar)
   -9.43805e+04   -1.01281e+05    3.01432e+02    7.23252e+00

           Step           Time
          13000      260.00000

   Energies (kJ/mol)
           Bond        LJ (SR)   Coulomb (SR)      Potential    Kinetic En.
    1.66864e+03   -1.13020e+05    0.00000e+00   -1.11352e+05    1.67184e+04
   Total Energy  Conserved En.    Temperature Pressure (bar)
   -9.46332e+04   -1.01820e+05    2.99287e+02   -4.32687e+01

           Step           Time
          14000      280.00000

   Energies (kJ/mol)
           Bond        LJ (SR)   Coulomb (SR)      Potential    Kinetic En.
    1.75980e+03   -1.12820e+05    0.00000e+00   -1.11060e+05    1.66220e+04
   Total Energy  Conserved En.    Temperature Pressure (bar)
   -9.44383e+04   -1.02392e+05    2.97561e+02   -1.94119e+01

           Step           Time
          15000      300.00000

   Energies (kJ/mol)
           Bond        LJ (SR)   Coulomb (SR)      Potential    Kinetic En.
    1.62687e+03   -1.12697e+05    0.00000e+00   -1.11070e+05    1.65774e+04
   Total Energy  Conserved En.    Temperature Pressure (bar)
   -9.44928e+04   -1.02951e+05    2.96763e+02   -1.76940e+01

           Step           Time
          16000      320.00000

   Energies (kJ/mol)
           Bond        LJ (SR)   Coulomb (SR)      Potential    Kinetic En.
    1.72304e+03   -1.13333e+05    0.00000e+00   -1.11610e+05    1.66142e+04
   Total Energy  Conserved En.    Temperature Pressure (bar)
   -9.49959e+04   -1.03534e+05    2.97422e+02    2.88434e+01

           Step           Time
          17000      340.00000

   Energies (kJ/mol)
           Bond        LJ (SR)   Coulomb (SR)      Potential    Kinetic En.
    1.67461e+03   -1.12851e+05    0.00000e+00   -1.11176e+05    1.69830e+04
   Total Energy  Conserved En.    Temperature Pressure (bar)
   -9.41929e+04   -1.04075e+05    3.04025e+02   -5.94324e+01

           Step           Time
          18000      360.00000

   Energies (kJ/mol)
           Bond        LJ (SR)   Coulomb (SR)      Potential    Kinetic En.
    1.69994e+03   -1.13434e+05    0.00000e+00   -1.11734e+05    1.70235e+04
   Total Energy  Conserved En.    Temperature Pressure (bar)
   -9.47106e+04   -1.04646e+05    3.04749e+02   -4.08836e+01

           Step           Time
          19000      380.00000

   Energies (kJ/mol)
           Bond        LJ (SR)   Coulomb (SR)      Potential    Kinetic En.
    1.68203e+03   -1.13020e+05    0.00000e+00   -1.11338e+05    1.68609e+04
   Total Energy  Conserved En.    Temperature Pressure (bar)
   -9.44770e+04   -1.05223e+05    3.01838e+02    1.43935e+01

           Step           Time
          20000      400.00000

   Energies (kJ/mol)
           Bond        LJ (SR)   Coulomb (SR)      Potential    Kinetic En.
    1.69459e+03   -1.12896e+05    0.00000e+00   -1.11201e+05    1.68112e+04
   Total Energy  Conserved En.    Temperature Pressure (bar)
   -9.43901e+04   -1.05796e+05    3.00949e+02   -1.59018e+00

           Step           Time
          21000      420.00000

   Energies (kJ/mol)
           Bond        LJ (SR)   Coulomb (SR)      Potential    Kinetic En.
    1.61866e+03   -1.12655e+05    0.00000e+00   -1.11036e+05    1.64101e+04
   Total Energy  Conserved En.    Temperature Pressure (bar)
   -9.46261e+04   -1.06356e+05    2.93768e+02    1.46289e+01

           Step           Time
          22000      440.00000

   Energies (kJ/mol)
           Bond        LJ (SR)   Coulomb (SR)      Potential    Kinetic En.
    1.59384e+03   -1.13148e+05    0.00000e+00   -1.11554e+05    1.63160e+04
   Total Energy  Conserved En.    Temperature Pressure (bar)
   -9.52384e+04   -1.06916e+05    2.92084e+02    5.80066e+01

           Step           Time
          23000      460.00000

   Energies (kJ/mol)
           Bond        LJ (SR)   Coulomb (SR)      Potential    Kinetic En.
    1.64832e+03   -1.12793e+05    0.00000e+00   -1.11145e+05    1.68315e+04
   Total Energy  Conserved En.    Temperature Pressure (bar)
   -9.43132e+04   -1.07485e+05    3.01313e+02    2.29652e+01

           Step           Time
          24000      480.00000

   Energies (kJ/mol)
           Bond        LJ (SR)   Coulomb (SR)      Potential    Kinetic En.
    1.71489e+03   -1.13136e+05    0.00000e+00   -1.11422e+05    1.70142e+04
   Total Energy  Conserved En.    Temperature Pressure (bar)
   -9.44074e+04   -1.08053e+05    3.04582e+02   -3.53730e+01

           Step           Time
          25000      500.00000

   Energies (kJ/mol)
           Bond        LJ (SR)   Coulomb (SR)      Potential    Kinetic En.
    1.70384e+03   -1.12777e+05    0.00000e+00   -1.11074e+05    1.69666e+04
   Total Energy  Conserved En.    Temperature Pressure (bar)
   -9.41069e+04   -1.08623e+05    3.03731e+02   -3.77253e+00

           Step           Time
          26000      520.00000

   Energies (kJ/mol)
           Bond        LJ (SR)   Coulomb (SR)      Potential    Kinetic En.
    1.77231e+03   -1.13407e+05    0.00000e+00   -1.11634e+05    1.67328e+04
   Total Energy  Conserved En.    Temperature Pressure (bar)
   -9.49016e+04   -1.09192e+05    2.99544e+02    3.63486e+01

           Step           Time
          27000      540.00000

   Energies (kJ/mol)
           Bond        LJ (SR)   Coulomb (SR)      Potential    Kinetic En.
    1.66845e+03   -1.12710e+05    0.00000e+00   -1.11042e+05    1.68588e+04
   Total Energy  Conserved En.    Temperature Pressure (bar)
   -9.41829e+04   -1.09765e+05    3.01802e+02    7.28366e+00

           Step           Time
          28000      560.00000

   Energies (kJ/mol)
           Bond        LJ (SR)   Coulomb (SR)      Potential    Kinetic En.
    1.56762e+03   -1.12997e+05    0.00000e+00   -1.11430e+05    1.69104e+04
   Total Energy  Conserved En.    Temperature Pressure (bar)
   -9.45192e+04   -1.10331e+05    3.02724e+02   -3.06335e+00

           Step           Time
          29000      580.00000

   Energies (kJ/mol)
           Bond        LJ (SR)   Coulomb (SR)      Potential    Kinetic En.
    1.79787e+03   -1.13071e+05    0.00000e+00   -1.11273e+05    1.66179e+04
   Total Energy  Conserved En.    Temperature Pressure (bar)
   -9.46552e+04   -1.10897e+05    2.97488e+02    7.50656e+01

           Step           Time
          30000      600.00000

   Energies (kJ/mol)
           Bond        LJ (SR)   Coulomb (SR)      Potential    Kinetic En.
    1.50328e+03   -1.12936e+05    0.00000e+00   -1.11432e+05    1.66348e+04
   Total Energy  Conserved En.    Temperature Pressure (bar)
   -9.47976e+04   -1.11443e+05    2.97790e+02   -8.72078e+00

           Step           Time
          31000      620.00000

   Energies (kJ/mol)
           Bond        LJ (SR)   Coulomb (SR)      Potential    Kinetic En.
    1.73526e+03   -1.12910e+05    0.00000e+00   -1.11175e+05    1.67940e+04
   Total Energy  Conserved En.    Temperature Pressure (bar)
   -9.43811e+04   -1.12010e+05    3.00641e+02   -7.04780e+00

           Step           Time
          32000      640.00000

   Energies (kJ/mol)
           Bond        LJ (SR)   Coulomb (SR)      Potential    Kinetic En.
    1.65105e+03   -1.12791e+05    0.00000e+00   -1.11140e+05    1.68503e+04
   Total Energy  Conserved En.    Temperature Pressure (bar)
   -9.42893e+04   -1.12608e+05    3.01648e+02    3.48221e+01

           Step           Time
          33000      660.00000

   Energies (kJ/mol)
           Bond        LJ (SR)   Coulomb (SR)      Potential    Kinetic En.
    1.67777e+03   -1.13271e+05    0.00000e+00   -1.11594e+05    1.66978e+04
   Total Energy  Conserved En.    Temperature Pressure (bar)
   -9.48957e+04   -1.13172e+05    2.98919e+02    2.19524e+01

           Step           Time
          34000      680.00000

   Energies (kJ/mol)
           Bond        LJ (SR)   Coulomb (SR)      Potential    Kinetic En.
    1.65552e+03   -1.13432e+05    0.00000e+00   -1.11776e+05    1.69406e+04
   Total Energy  Conserved En.    Temperature Pressure (bar)
   -9.48359e+04   -1.13749e+05    3.03265e+02   -9.83136e+00

           Step           Time
          35000      700.00000

   Energies (kJ/mol)
           Bond        LJ (SR)   Coulomb (SR)      Potential    Kinetic En.
    1.62402e+03   -1.12403e+05    0.00000e+00   -1.10779e+05    1.68494e+04
   Total Energy  Conserved En.    Temperature Pressure (bar)
   -9.39297e+04   -1.14324e+05    3.01633e+02    2.66902e+01

           Step           Time
          36000      720.00000

   Energies (kJ/mol)
           Bond        LJ (SR)   Coulomb (SR)      Potential    Kinetic En.
    1.71669e+03   -1.13114e+05    0.00000e+00   -1.11397e+05    1.67998e+04
   Total Energy  Conserved En.    Temperature Pressure (bar)
   -9.45973e+04   -1.14893e+05    3.00744e+02    5.60146e+01

           Step           Time
          37000      740.00000

   Energies (kJ/mol)
           Bond        LJ (SR)   Coulomb (SR)      Potential    Kinetic En.
    1.63120e+03   -1.13082e+05    0.00000e+00   -1.11450e+05    1.67312e+04
   Total Energy  Conserved En.    Temperature Pressure (bar)
   -9.47193e+04   -1.15454e+05    2.99517e+02    4.56403e+01

           Step           Time
          38000      760.00000

   Energies (kJ/mol)
           Bond        LJ (SR)   Coulomb (SR)      Potential    Kinetic En.
    1.62428e+03   -1.12511e+05    0.00000e+00   -1.10886e+05    1.67614e+04
   Total Energy  Conserved En.    Temperature Pressure (bar)
   -9.41250e+04   -1.16025e+05    3.00058e+02    7.88900e+01

           Step           Time
          39000      780.00000

   Energies (kJ/mol)
           Bond        LJ (SR)   Coulomb (SR)      Potential    Kinetic En.
    1.73688e+03   -1.13400e+05    0.00000e+00   -1.11663e+05    1.68603e+04
   Total Energy  Conserved En.    Temperature Pressure (bar)
   -9.48029e+04   -1.16563e+05    3.01828e+02   -1.42412e+01

           Step           Time
          40000      800.00000

   Energies (kJ/mol)
           Bond        LJ (SR)   Coulomb (SR)      Potential    Kinetic En.
    1.69354e+03   -1.12891e+05    0.00000e+00   -1.11197e+05    1.70929e+04
   Total Energy  Conserved En.    Temperature Pressure (bar)
   -9.41041e+04   -1.17154e+05    3.05992e+02    3.34476e+01

           Step           Time
          41000      820.00000

   Energies (kJ/mol)
           Bond        LJ (SR)   Coulomb (SR)      Potential    Kinetic En.
    1.73016e+03   -1.13174e+05    0.00000e+00   -1.11444e+05    1.70027e+04
   Total Energy  Conserved En.    Temperature Pressure (bar)
   -9.44409e+04   -1.17705e+05    3.04377e+02   -5.10577e+01

           Step           Time
          42000      840.00000

   Energies (kJ/mol)
           Bond        LJ (SR)   Coulomb (SR)      Potential    Kinetic En.
    1.65501e+03   -1.13203e+05    0.00000e+00   -1.11548e+05    1.63118e+04
   Total Energy  Conserved En.    Temperature Pressure (bar)
   -9.52360e+04   -1.18292e+05    2.92009e+02    4.97510e+01

           Step           Time
          43000      860.00000

   Energies (kJ/mol)
           Bond        LJ (SR)   Coulomb (SR)      Potential    Kinetic En.
    1.55562e+03   -1.13132e+05    0.00000e+00   -1.11577e+05    1.65054e+04
   Total Energy  Conserved En.    Temperature Pressure (bar)
   -9.50714e+04   -1.18849e+05    2.95474e+02    7.26136e+00

           Step           Time
          44000      880.00000

   Energies (kJ/mol)
           Bond        LJ (SR)   Coulomb (SR)      Potential    Kinetic En.
    1.85741e+03   -1.13666e+05    0.00000e+00   -1.11809e+05    1.68867e+04
   Total Energy  Conserved En.    Temperature Pressure (bar)
   -9.49222e+04   -1.19404e+05    3.02300e+02   -4.12795e+01

           Step           Time
          45000      900.00000

   Energies (kJ/mol)
           Bond        LJ (SR)   Coulomb (SR)      Potential    Kinetic En.
    1.57805e+03   -1.13453e+05    0.00000e+00   -1.11875e+05    1.65582e+04
   Total Energy  Conserved En.    Temperature Pressure (bar)
   -9.53168e+04   -1.19982e+05    2.96420e+02   -2.17704e+01

           Step           Time
          46000      920.00000

   Energies (kJ/mol)
           Bond        LJ (SR)   Coulomb (SR)      Potential    Kinetic En.
    1.60504e+03   -1.12599e+05    0.00000e+00   -1.10994e+05    1.66222e+04
   Total Energy  Conserved En.    Temperature Pressure (bar)
   -9.43720e+04   -1.20532e+05    2.97565e+02   -4.30258e+01

           Step           Time
          47000      940.00000

   Energies (kJ/mol)
           Bond        LJ (SR)   Coulomb (SR)      Potential    Kinetic En.
    1.72795e+03   -1.12936e+05    0.00000e+00   -1.11209e+05    1.66674e+04
   Total Energy  Conserved En.    Temperature Pressure (bar)
   -9.45412e+04   -1.21118e+05    2.98374e+02    3.10173e+01

           Step           Time
          48000      960.00000

   Energies (kJ/mol)
           Bond        LJ (SR)   Coulomb (SR)      Potential    Kinetic En.
    1.76943e+03   -1.13398e+05    0.00000e+00   -1.11628e+05    1.68192e+04
   Total Energy  Conserved En.    Temperature Pressure (bar)
   -9.48092e+04   -1.21682e+05    3.01092e+02    7.90131e+00

           Step           Time
          49000      980.00000

   Energies (kJ/mol)
           Bond        LJ (SR)   Coulomb (SR)      Potential    Kinetic En.
    1.65626e+03   -1.13315e+05    0.00000e+00   -1.11659e+05    1.70367e+04
   Total Energy  Conserved En.    Temperature Pressure (bar)
   -9.46220e+04   -1.22258e+05    3.04986e+02    7.31115e+00

           Step           Time
          50000     1000.00000

Writing checkpoint, step 50000 at Sat May 18 11:32:38 2024


   Energies (kJ/mol)
           Bond        LJ (SR)   Coulomb (SR)      Potential    Kinetic En.
    1.60251e+03   -1.12966e+05    0.00000e+00   -1.11364e+05    1.70324e+04
   Total Energy  Conserved En.    Temperature Pressure (bar)
   -9.43313e+04   -1.22805e+05    3.04909e+02   -4.24455e+01

	<======  ###############  ==>
	<====  A V E R A G E S  ====>
	<==  ###############  ======>

	Statistics over 50001 steps using 501 frames

   Energies (kJ/mol)
           Bond        LJ (SR)   Coulomb (SR)      Potential    Kinetic En.
    1.65177e+03   -1.13043e+05    0.00000e+00   -1.11391e+05    1.67379e+04
   Total Energy  Conserved En.    Temperature Pressure (bar)
   -9.46533e+04   -1.08632e+05    2.99637e+02    8.98860e-01

          Box-X          Box-Y          Box-Z
    7.93266e+00    7.94507e+00    7.93291e+00

   Total Virial (kJ/mol)
    5.51142e+03   -4.31276e+01    4.63774e+01
   -4.31271e+01    5.55494e+03   -1.16330e+01
    4.63773e+01   -1.16330e+01    5.63163e+03

   Pressure (bar)
    4.49822e+00    2.90428e+00   -3.06084e+00
    2.90425e+00    1.66297e+00    8.78009e-01
   -3.06084e+00    8.78012e-01   -3.46461e+00


	M E G A - F L O P S   A C C O U N T I N G

 NB=Group-cutoff nonbonded kernels    NxN=N-by-N cluster Verlet kernels
 RF=Reaction-Field  VdW=Van der Waals  QSTab=quadratic-spline table
 W3=SPC/TIP3p  W4=TIP4p (single or pairs)
 V&F=Potential and force  V=Potential only  F=Force only

 Computing:                               M-Number         M-Flops  % Flops
-----------------------------------------------------------------------------
 Pair Search distance check            1125.751086       10131.760     1.2
 NxN LJ [F]                           23962.186928      790752.169    95.9
 NxN LJ [V&F]                           242.589792       10431.361     1.3
 Shift-X                                  8.964480          53.787     0.0
 Bonds                                  180.003600       10620.212     1.3
 Virial                                  11.317025         203.706     0.0
 Stop-CM                                  2.248960          22.490     0.0
 P-Coupling                              11.204480          67.227     0.0
 Calc-Ekin                               89.608960        2419.442     0.3
-----------------------------------------------------------------------------
 Total                                                  824702.154   100.0
-----------------------------------------------------------------------------


     R E A L   C Y C L E   A N D   T I M E   A C C O U N T I N G

On 1 MPI rank, each using 8 OpenMP threads

 Computing:          Num   Num      Call    Wall time         Giga-Cycles
                     Ranks Threads  Count      (s)         total sum    %
-----------------------------------------------------------------------------
 Neighbor search        1    8       2001       2.741         50.324   6.7
 Force                  1    8      50001      22.377        410.772  55.0
 NB X/F buffer ops.     1    8      98001      11.307        207.551  27.8
 Write traj.            1    8         51       0.056          1.022   0.1
 Update                 1    8      50001       2.965         54.431   7.3
 Rest                                           1.277         23.436   3.1
-----------------------------------------------------------------------------
 Total                                         40.723        747.536 100.0
-----------------------------------------------------------------------------

               Core t (s)   Wall t (s)        (%)
       Time:      325.783       40.723      800.0
                 (ns/day)    (hour/ns)
Performance:     2121.701        0.011
Finished mdrun on rank 0 Sat May 18 11:32:38 2024
