Log file opened on Sat May 18 11:30:09 2024
Host: its-srv045.sat.its.uu.se  pid: 126257  rank ID: 0  number of ranks:  1
                      :-) GROMACS - gmx mdrun, 2018.8 (-:

                            GROMACS is written by:
     Emile Apol      Rossen Apostolov      Paul Bauer     Herman J.C. Berendsen
    Par Bjelkmar    Aldert van Buuren   Rudi van Drunen     Anton Feenstra  
  Gerrit Groenhof    Aleksei Iupinov   Christoph Junghans   Anca Hamuraru   
 Vincent Hindriksen Dimitrios Karkoulis    Peter Kasson        Jiri Kraus    
  Carsten Kutzner      Per Larsson      Justin A. Lemkul    Viveca Lindahl  
  Magnus Lundborg   Pieter Meulenhoff    Erik Marklund      Teemu Murtola   
    Szilard Pall       Sander Pronk      Roland Schulz     Alexey Shvetsov  
   Michael Shirts     Alfons Sijbers     Peter Tieleman    Teemu Virolainen 
 Christian Wennberg    Maarten Wolf   
                           and the project leaders:
        Mark Abraham, Berk Hess, Erik Lindahl, and David van der Spoel

Copyright (c) 1991-2000, University of Groningen, The Netherlands.
Copyright (c) 2001-2017, The GROMACS development team at
Uppsala University, Stockholm University and
the Royal Institute of Technology, Sweden.
check out http://www.gromacs.org for more information.

GROMACS is free software; you can redistribute it and/or modify it
under the terms of the GNU Lesser General Public License
as published by the Free Software Foundation; either version 2.1
of the License, or (at your option) any later version.

GROMACS:      gmx mdrun, version 2018.8
Executable:   /bin/gmx
Data prefix:  /usr
Working dir:  /home/aleka155/Downloads/Part1
Command line:
  gmx mdrun -deffnm step6.4_equilibration

GROMACS version:    2018.8
Precision:          single
Memory model:       64 bit
MPI library:        thread_mpi
OpenMP support:     enabled (GMX_OPENMP_MAX_THREADS = 64)
GPU support:        OpenCL
SIMD instructions:  SSE2
FFT library:        fftw-3.3.3-sse2
RDTSCP usage:       disabled
TNG support:        enabled
Hwloc support:      hwloc-1.11.8
Tracing support:    disabled
Built on:           2019-10-05 00:30:20
Built by:           mockbuild@buildhw-06.phx2.fedoraproject.org [CMAKE]
Build OS/arch:      Linux 5.1.11-200.fc29.x86_64 x86_64
Build CPU vendor:   Unknown
Build CPU brand:    Unknown
Build CPU family:   0   Model: 0   Stepping: 0
Build CPU features: Unknown
C compiler:         /usr/bin/cc GNU 4.8.5
C compiler flags:    -msse2   -O2 -g -pipe -Wall -Wp,-D_FORTIFY_SOURCE=2 -fexceptions -fstack-protector-strong --param=ssp-buffer-size=4 -grecord-gcc-switches   -m64 -mtune=generic  -DNDEBUG -funroll-all-loops -fexcess-precision=fast  
C++ compiler:       /usr/bin/c++ GNU 4.8.5
C++ compiler flags:  -msse2   -O2 -g -pipe -Wall -Wp,-D_FORTIFY_SOURCE=2 -fexceptions -fstack-protector-strong --param=ssp-buffer-size=4 -grecord-gcc-switches   -m64 -mtune=generic -std=c++11   -DNDEBUG -funroll-all-loops -fexcess-precision=fast  
OpenCL include dir: /usr/include
OpenCL library:     /usr/lib64/libOpenCL.so
OpenCL version:     2.0

NOTE: Detection of GPUs failed. The API reported:
            GROMACS cannot run tasks on a GPU.

Running on 1 node with total 8 cores, 8 logical cores, 0 compatible GPUs
Hardware detected:
  CPU info:
    Vendor: Intel
    Brand:  Intel(R) Xeon(R) Gold 6140 CPU @ 2.30GHz
    Family: 6   Model: 26   Stepping: 4
    Features: apic clfsh cmov cx8 cx16 intel lahf mmx msr nonstop_tsc popcnt pse rdtscp sse2 sse3 sse4.1 sse4.2 ssse3 tdt x2apic
  Hardware topology: Full, with devices
    Sockets, cores, and logical processors:
      Socket  0: [   0]
      Socket  1: [   1]
      Socket  2: [   2]
      Socket  3: [   3]
      Socket  4: [   4]
      Socket  5: [   5]
      Socket  6: [   6]
      Socket  7: [   7]
    Numa nodes:
      Node  0 (67368206336 bytes mem):   0   1   2   3   4   5   6   7
      Latency:
               0
         0  1.00
    Caches:
      L1: 32768 bytes, linesize 64 bytes, assoc. 8, shared 1 ways
      L2: 1048576 bytes, linesize 64 bytes, assoc. 16, shared 1 ways
      L3: 25952256 bytes, linesize 64 bytes, assoc. 11, shared 1 ways
    PCI devices:
      0000:00:07.1  Id: 8086:7111  Class: 0x0101  Numa: 0
      0000:00:0f.0  Id: 15ad:0405  Class: 0x0300  Numa: 0
      0000:00:10.0  Id: 1000:0030  Class: 0x0100  Numa: 0
      0000:03:00.0  Id: 15ad:07b0  Class: 0x0200  Numa: 0
      0000:0b:00.0  Id: 15ad:07b0  Class: 0x0200  Numa: 0

Highest SIMD level requested by all nodes in run: SSE4.1
SIMD instructions selected at compile time:       SSE2
This program was compiled for different hardware than you are running on,
which could influence performance.

The current CPU can measure timings more accurately than the code in
gmx mdrun was configured to use. This might affect your simulation
speed as accurate timings are needed for load-balancing.
Please consider rebuilding gmx mdrun with the GMX_USE_RDTSCP=ON CMake option.

++++ PLEASE READ AND CITE THE FOLLOWING REFERENCE ++++
M. J. Abraham, T. Murtola, R. Schulz, S. Páll, J. C. Smith, B. Hess, E.
Lindahl
GROMACS: High performance molecular simulations through multi-level
parallelism from laptops to supercomputers
SoftwareX 1 (2015) pp. 19-25
-------- -------- --- Thank You --- -------- --------


++++ PLEASE READ AND CITE THE FOLLOWING REFERENCE ++++
S. Páll, M. J. Abraham, C. Kutzner, B. Hess, E. Lindahl
Tackling Exascale Software Challenges in Molecular Dynamics Simulations with
GROMACS
In S. Markidis & E. Laure (Eds.), Solving Software Challenges for Exascale 8759 (2015) pp. 3-27
-------- -------- --- Thank You --- -------- --------


++++ PLEASE READ AND CITE THE FOLLOWING REFERENCE ++++
S. Pronk, S. Páll, R. Schulz, P. Larsson, P. Bjelkmar, R. Apostolov, M. R.
Shirts, J. C. Smith, P. M. Kasson, D. van der Spoel, B. Hess, and E. Lindahl
GROMACS 4.5: a high-throughput and highly parallel open source molecular
simulation toolkit
Bioinformatics 29 (2013) pp. 845-54
-------- -------- --- Thank You --- -------- --------


++++ PLEASE READ AND CITE THE FOLLOWING REFERENCE ++++
B. Hess and C. Kutzner and D. van der Spoel and E. Lindahl
GROMACS 4: Algorithms for highly efficient, load-balanced, and scalable
molecular simulation
J. Chem. Theory Comput. 4 (2008) pp. 435-447
-------- -------- --- Thank You --- -------- --------


++++ PLEASE READ AND CITE THE FOLLOWING REFERENCE ++++
D. van der Spoel, E. Lindahl, B. Hess, G. Groenhof, A. E. Mark and H. J. C.
Berendsen
GROMACS: Fast, Flexible and Free
J. Comp. Chem. 26 (2005) pp. 1701-1719
-------- -------- --- Thank You --- -------- --------


++++ PLEASE READ AND CITE THE FOLLOWING REFERENCE ++++
E. Lindahl and B. Hess and D. van der Spoel
GROMACS 3.0: A package for molecular simulation and trajectory analysis
J. Mol. Mod. 7 (2001) pp. 306-317
-------- -------- --- Thank You --- -------- --------


++++ PLEASE READ AND CITE THE FOLLOWING REFERENCE ++++
H. J. C. Berendsen, D. van der Spoel and R. van Drunen
GROMACS: A message-passing parallel molecular dynamics implementation
Comp. Phys. Comm. 91 (1995) pp. 43-56
-------- -------- --- Thank You --- -------- --------

Input Parameters:
   integrator                     = md
   tinit                          = 0
   dt                             = 0.01
   nsteps                         = 100000
   init-step                      = 0
   simulation-part                = 1
   comm-mode                      = Linear
   nstcomm                        = 100
   bd-fric                        = 0
   ld-seed                        = 654245908
   emtol                          = 10
   emstep                         = 0.01
   niter                          = 20
   fcstep                         = 0
   nstcgsteep                     = 1000
   nbfgscorr                      = 10
   rtpi                           = 0.05
   nstxout                        = 0
   nstvout                        = 0
   nstfout                        = 0
   nstlog                         = 1000
   nstcalcenergy                  = 100
   nstenergy                      = 1000
   nstxout-compressed             = 1000
   compressed-x-precision         = 100
   cutoff-scheme                  = Verlet
   nstlist                        = 20
   ns-type                        = Grid
   pbc                            = xyz
   periodic-molecules             = false
   verlet-buffer-tolerance        = 0.005
   rlist                          = 1.14
   coulombtype                    = Reaction-Field
   coulomb-modifier               = Potential-shift
   rcoulomb-switch                = 0
   rcoulomb                       = 1.1
   epsilon-r                      = 15
   epsilon-rf                     = inf
   vdw-type                       = Cut-off
   vdw-modifier                   = Potential-shift
   rvdw-switch                    = 0
   rvdw                           = 1.1
   DispCorr                       = No
   table-extension                = 1
   fourierspacing                 = 0.12
   fourier-nx                     = 0
   fourier-ny                     = 0
   fourier-nz                     = 0
   pme-order                      = 4
   ewald-rtol                     = 1e-05
   ewald-rtol-lj                  = 0.001
   lj-pme-comb-rule               = Geometric
   ewald-geometry                 = 0
   epsilon-surface                = 0
   implicit-solvent               = No
   gb-algorithm                   = Still
   nstgbradii                     = 1
   rgbradii                       = 1
   gb-epsilon-solvent             = 80
   gb-saltconc                    = 0
   gb-obc-alpha                   = 1
   gb-obc-beta                    = 0.8
   gb-obc-gamma                   = 4.85
   gb-dielectric-offset           = 0.009
   sa-algorithm                   = Ace-approximation
   sa-surface-tension             = 2.05016
   tcoupl                         = V-rescale
   nsttcouple                     = 20
   nh-chain-length                = 0
   print-nose-hoover-chain-variables = false
   pcoupl                         = Berendsen
   pcoupltype                     = Isotropic
   nstpcouple                     = 20
   tau-p                          = 5
   compressibility (3x3):
      compressibility[    0]={ 3.00000e-04,  0.00000e+00,  0.00000e+00}
      compressibility[    1]={ 0.00000e+00,  3.00000e-04,  0.00000e+00}
      compressibility[    2]={ 0.00000e+00,  0.00000e+00,  3.00000e-04}
   ref-p (3x3):
      ref-p[    0]={ 1.00000e+00,  0.00000e+00,  0.00000e+00}
      ref-p[    1]={ 0.00000e+00,  1.00000e+00,  0.00000e+00}
      ref-p[    2]={ 0.00000e+00,  0.00000e+00,  1.00000e+00}
   refcoord-scaling               = All
   posres-com (3):
      posres-com[0]= 0.00000e+00
      posres-com[1]= 0.00000e+00
      posres-com[2]= 0.00000e+00
   posres-comB (3):
      posres-comB[0]= 0.00000e+00
      posres-comB[1]= 0.00000e+00
      posres-comB[2]= 0.00000e+00
   QMMM                           = false
   QMconstraints                  = 0
   QMMMscheme                     = 0
   MMChargeScaleFactor            = 1
qm-opts:
   ngQM                           = 0
   constraint-algorithm           = Lincs
   continuation                   = false
   Shake-SOR                      = false
   shake-tol                      = 0.0001
   lincs-order                    = 4
   lincs-iter                     = 1
   lincs-warnangle                = 30
   nwall                          = 0
   wall-type                      = 9-3
   wall-r-linpot                  = -1
   wall-atomtype[0]               = -1
   wall-atomtype[1]               = -1
   wall-density[0]                = 0
   wall-density[1]                = 0
   wall-ewald-zfac                = 3
   pull                           = false
   awh                            = false
   rotation                       = false
   interactiveMD                  = false
   disre                          = No
   disre-weighting                = Conservative
   disre-mixed                    = false
   dr-fc                          = 1000
   dr-tau                         = 0
   nstdisreout                    = 100
   orire-fc                       = 0
   orire-tau                      = 0
   nstorireout                    = 100
   free-energy                    = no
   cos-acceleration               = 0
   deform (3x3):
      deform[    0]={ 0.00000e+00,  0.00000e+00,  0.00000e+00}
      deform[    1]={ 0.00000e+00,  0.00000e+00,  0.00000e+00}
      deform[    2]={ 0.00000e+00,  0.00000e+00,  0.00000e+00}
   simulated-tempering            = false
   swapcoords                     = no
   userint1                       = 0
   userint2                       = 0
   userint3                       = 0
   userint4                       = 0
   userreal1                      = 0
   userreal2                      = 0
   userreal3                      = 0
   userreal4                      = 0
   applied-forces:
     electric-field:
       x:
         E0                       = 0
         omega                    = 0
         t0                       = 0
         sigma                    = 0
       y:
         E0                       = 0
         omega                    = 0
         t0                       = 0
         sigma                    = 0
       z:
         E0                       = 0
         omega                    = 0
         t0                       = 0
         sigma                    = 0
grpopts:
   nrdf:       13437
   ref-t:         300
   tau-t:           1
annealing:          No
annealing-npoints:           0
   acc:	           0           0           0
   nfreeze:           N           N           N
   energygrp-flags[  0]: 0

Changing nstlist from 20 to 50, rlist from 1.14 to 1.276


Using 1 MPI thread
Using 8 OpenMP threads 

Pinning threads with an auto-selected logical core stride of 1
System total charge: 0.000
Reaction-Field:
epsRF = 0, rc = 1.1, krf = 0.375657, crf = 1.36364, epsfac = 9.26236
The electrostatics potential has its minimum at r = 1.1
Potential shift: LJ r^-12: -3.186e-01 r^-6: -5.645e-01

Using SIMD 4x4 nonbonded short-range kernels

Using a dual 4x4 pair-list setup updated with dynamic pruning:
  outer list: updated every 50 steps, buffer 0.176 nm, rlist 1.276 nm
  inner list: updated every  7 steps, buffer 0.001 nm, rlist 1.101 nm
At tolerance 0.005 kJ/mol/ps per atom, equivalent classical 1x1 list would be:
  outer list: updated every 50 steps, buffer 0.284 nm, rlist 1.384 nm
  inner list: updated every  7 steps, buffer 0.018 nm, rlist 1.118 nm

Using full Lennard-Jones parameter combination matrix

Removing pbc first time

Intra-simulation communication will occur every 10 steps.
Center of mass motion removal mode is Linear
We have the following groups for center of mass motion removal:
  0:  rest

++++ PLEASE READ AND CITE THE FOLLOWING REFERENCE ++++
G. Bussi, D. Donadio and M. Parrinello
Canonical sampling through velocity rescaling
J. Chem. Phys. 126 (2007) pp. 014101
-------- -------- --- Thank You --- -------- --------

There are: 4480 Atoms
Initial temperature: 296.523 K

Started mdrun on rank 0 Sat May 18 11:30:09 2024
           Step           Time
              0        0.00000

   Energies (kJ/mol)
           Bond        LJ (SR)   Coulomb (SR)      Potential    Kinetic En.
    1.62886e+03   -1.12863e+05    0.00000e+00   -1.11234e+05    1.66146e+04
   Total Energy  Conserved En.    Temperature Pressure (bar)
   -9.46193e+04   -9.46211e+04    2.97429e+02    1.52477e+01

           Step           Time
           1000       10.00000

   Energies (kJ/mol)
           Bond        LJ (SR)   Coulomb (SR)      Potential    Kinetic En.
    1.68338e+03   -1.12681e+05    0.00000e+00   -1.10998e+05    1.66438e+04
   Total Energy  Conserved En.    Temperature Pressure (bar)
   -9.43541e+04   -9.48652e+04    2.97953e+02   -4.14551e+01

           Step           Time
           2000       20.00000

   Energies (kJ/mol)
           Bond        LJ (SR)   Coulomb (SR)      Potential    Kinetic En.
    1.67333e+03   -1.12435e+05    0.00000e+00   -1.10762e+05    1.67881e+04
   Total Energy  Conserved En.    Temperature Pressure (bar)
   -9.39739e+04   -9.51244e+04    3.00535e+02    3.03502e+01

           Step           Time
           3000       30.00000

   Energies (kJ/mol)
           Bond        LJ (SR)   Coulomb (SR)      Potential    Kinetic En.
    1.56234e+03   -1.12317e+05    0.00000e+00   -1.10755e+05    1.66712e+04
   Total Energy  Conserved En.    Temperature Pressure (bar)
   -9.40840e+04   -9.53812e+04    2.98442e+02    2.99388e+01

           Step           Time
           4000       40.00000

   Energies (kJ/mol)
           Bond        LJ (SR)   Coulomb (SR)      Potential    Kinetic En.
    1.61676e+03   -1.12574e+05    0.00000e+00   -1.10957e+05    1.66730e+04
   Total Energy  Conserved En.    Temperature Pressure (bar)
   -9.42843e+04   -9.56354e+04    2.98475e+02    2.15625e+01

           Step           Time
           5000       50.00000

   Energies (kJ/mol)
           Bond        LJ (SR)   Coulomb (SR)      Potential    Kinetic En.
    1.73742e+03   -1.12462e+05    0.00000e+00   -1.10725e+05    1.66126e+04
   Total Energy  Conserved En.    Temperature Pressure (bar)
   -9.41122e+04   -9.58858e+04    2.97393e+02   -1.21742e+00

           Step           Time
           6000       60.00000

   Energies (kJ/mol)
           Bond        LJ (SR)   Coulomb (SR)      Potential    Kinetic En.
    1.63446e+03   -1.12996e+05    0.00000e+00   -1.11362e+05    1.69434e+04
   Total Energy  Conserved En.    Temperature Pressure (bar)
   -9.44184e+04   -9.61400e+04    3.03314e+02    3.25156e+00

           Step           Time
           7000       70.00000

   Energies (kJ/mol)
           Bond        LJ (SR)   Coulomb (SR)      Potential    Kinetic En.
    1.64287e+03   -1.12369e+05    0.00000e+00   -1.10727e+05    1.65347e+04
   Total Energy  Conserved En.    Temperature Pressure (bar)
   -9.41919e+04   -9.64021e+04    2.95999e+02    4.35800e+01

           Step           Time
           8000       80.00000

   Energies (kJ/mol)
           Bond        LJ (SR)   Coulomb (SR)      Potential    Kinetic En.
    1.56600e+03   -1.12778e+05    0.00000e+00   -1.11212e+05    1.69947e+04
   Total Energy  Conserved En.    Temperature Pressure (bar)
   -9.42177e+04   -9.66526e+04    3.04234e+02   -1.39715e+01

           Step           Time
           9000       90.00000

   Energies (kJ/mol)
           Bond        LJ (SR)   Coulomb (SR)      Potential    Kinetic En.
    1.74798e+03   -1.12616e+05    0.00000e+00   -1.10868e+05    1.65678e+04
   Total Energy  Conserved En.    Temperature Pressure (bar)
   -9.42999e+04   -9.69145e+04    2.96592e+02    1.09571e+02

           Step           Time
          10000      100.00000

   Energies (kJ/mol)
           Bond        LJ (SR)   Coulomb (SR)      Potential    Kinetic En.
    1.65639e+03   -1.12823e+05    0.00000e+00   -1.11167e+05    1.69762e+04
   Total Energy  Conserved En.    Temperature Pressure (bar)
   -9.41905e+04   -9.71582e+04    3.03902e+02   -2.77255e+01

           Step           Time
          11000      110.00000

   Energies (kJ/mol)
           Bond        LJ (SR)   Coulomb (SR)      Potential    Kinetic En.
    1.62607e+03   -1.13017e+05    0.00000e+00   -1.11391e+05    1.65576e+04
   Total Energy  Conserved En.    Temperature Pressure (bar)
   -9.48338e+04   -9.74167e+04    2.96408e+02    4.03462e+00

           Step           Time
          12000      120.00000

   Energies (kJ/mol)
           Bond        LJ (SR)   Coulomb (SR)      Potential    Kinetic En.
    1.68832e+03   -1.12722e+05    0.00000e+00   -1.11034e+05    1.65755e+04
   Total Energy  Conserved En.    Temperature Pressure (bar)
   -9.44585e+04   -9.76722e+04    2.96729e+02    1.93700e+01

           Step           Time
          13000      130.00000

   Energies (kJ/mol)
           Bond        LJ (SR)   Coulomb (SR)      Potential    Kinetic En.
    1.62038e+03   -1.12754e+05    0.00000e+00   -1.11134e+05    1.68321e+04
   Total Energy  Conserved En.    Temperature Pressure (bar)
   -9.43017e+04   -9.79279e+04    3.01322e+02   -4.62367e+00

           Step           Time
          14000      140.00000

   Energies (kJ/mol)
           Bond        LJ (SR)   Coulomb (SR)      Potential    Kinetic En.
    1.68401e+03   -1.13075e+05    0.00000e+00   -1.11391e+05    1.64376e+04
   Total Energy  Conserved En.    Temperature Pressure (bar)
   -9.49533e+04   -9.81699e+04    2.94261e+02   -4.37427e+01

           Step           Time
          15000      150.00000

   Energies (kJ/mol)
           Bond        LJ (SR)   Coulomb (SR)      Potential    Kinetic En.
    1.65756e+03   -1.12461e+05    0.00000e+00   -1.10803e+05    1.69307e+04
   Total Energy  Conserved En.    Temperature Pressure (bar)
   -9.38723e+04   -9.84348e+04    3.03088e+02    2.69832e+01

           Step           Time
          16000      160.00000

   Energies (kJ/mol)
           Bond        LJ (SR)   Coulomb (SR)      Potential    Kinetic En.
    1.63429e+03   -1.12671e+05    0.00000e+00   -1.11037e+05    1.64920e+04
   Total Energy  Conserved En.    Temperature Pressure (bar)
   -9.45449e+04   -9.86914e+04    2.95234e+02    1.90533e+01

           Step           Time
          17000      170.00000

   Energies (kJ/mol)
           Bond        LJ (SR)   Coulomb (SR)      Potential    Kinetic En.
    1.66789e+03   -1.12537e+05    0.00000e+00   -1.10870e+05    1.69951e+04
   Total Energy  Conserved En.    Temperature Pressure (bar)
   -9.38745e+04   -9.89494e+04    3.04240e+02    4.31567e+01

           Step           Time
          18000      180.00000

   Energies (kJ/mol)
           Bond        LJ (SR)   Coulomb (SR)      Potential    Kinetic En.
    1.54730e+03   -1.12682e+05    0.00000e+00   -1.11135e+05    1.65809e+04
   Total Energy  Conserved En.    Temperature Pressure (bar)
   -9.45539e+04   -9.91951e+04    2.96826e+02   -3.61958e+01

           Step           Time
          19000      190.00000

   Energies (kJ/mol)
           Bond        LJ (SR)   Coulomb (SR)      Potential    Kinetic En.
    1.66461e+03   -1.13051e+05    0.00000e+00   -1.11387e+05    1.67305e+04
   Total Energy  Conserved En.    Temperature Pressure (bar)
   -9.46561e+04   -9.94519e+04    2.99503e+02   -1.04292e+01

           Step           Time
          20000      200.00000

   Energies (kJ/mol)
           Bond        LJ (SR)   Coulomb (SR)      Potential    Kinetic En.
    1.64055e+03   -1.12963e+05    0.00000e+00   -1.11322e+05    1.68666e+04
   Total Energy  Conserved En.    Temperature Pressure (bar)
   -9.44556e+04   -9.97075e+04    3.01940e+02   -1.70777e+01

           Step           Time
          21000      210.00000

   Energies (kJ/mol)
           Bond        LJ (SR)   Coulomb (SR)      Potential    Kinetic En.
    1.59015e+03   -1.12636e+05    0.00000e+00   -1.11046e+05    1.69294e+04
   Total Energy  Conserved En.    Temperature Pressure (bar)
   -9.41165e+04   -9.99607e+04    3.03064e+02   -3.25487e+01

           Step           Time
          22000      220.00000

   Energies (kJ/mol)
           Bond        LJ (SR)   Coulomb (SR)      Potential    Kinetic En.
    1.57039e+03   -1.12499e+05    0.00000e+00   -1.10928e+05    1.68241e+04
   Total Energy  Conserved En.    Temperature Pressure (bar)
   -9.41043e+04   -1.00226e+05    3.01179e+02    6.29325e+01

           Step           Time
          23000      230.00000

   Energies (kJ/mol)
           Bond        LJ (SR)   Coulomb (SR)      Potential    Kinetic En.
    1.56646e+03   -1.12889e+05    0.00000e+00   -1.11323e+05    1.65333e+04
   Total Energy  Conserved En.    Temperature Pressure (bar)
   -9.47896e+04   -1.00469e+05    2.95974e+02    2.69412e+00

           Step           Time
          24000      240.00000

   Energies (kJ/mol)
           Bond        LJ (SR)   Coulomb (SR)      Potential    Kinetic En.
    1.60735e+03   -1.13621e+05    0.00000e+00   -1.12014e+05    1.67893e+04
   Total Energy  Conserved En.    Temperature Pressure (bar)
   -9.52244e+04   -1.00711e+05    3.00557e+02   -9.20282e+01

           Step           Time
          25000      250.00000

   Energies (kJ/mol)
           Bond        LJ (SR)   Coulomb (SR)      Potential    Kinetic En.
    1.58192e+03   -1.13090e+05    0.00000e+00   -1.11508e+05    1.65337e+04
   Total Energy  Conserved En.    Temperature Pressure (bar)
   -9.49742e+04   -1.00980e+05    2.95982e+02   -6.33697e+00

           Step           Time
          26000      260.00000

   Energies (kJ/mol)
           Bond        LJ (SR)   Coulomb (SR)      Potential    Kinetic En.
    1.57816e+03   -1.13028e+05    0.00000e+00   -1.11450e+05    1.65796e+04
   Total Energy  Conserved En.    Temperature Pressure (bar)
   -9.48702e+04   -1.01236e+05    2.96802e+02    2.06090e+01

           Step           Time
          27000      270.00000

   Energies (kJ/mol)
           Bond        LJ (SR)   Coulomb (SR)      Potential    Kinetic En.
    1.73098e+03   -1.12956e+05    0.00000e+00   -1.11225e+05    1.67967e+04
   Total Energy  Conserved En.    Temperature Pressure (bar)
   -9.44281e+04   -1.01487e+05    3.00689e+02    1.27605e+01

           Step           Time
          28000      280.00000

   Energies (kJ/mol)
           Bond        LJ (SR)   Coulomb (SR)      Potential    Kinetic En.
    1.63779e+03   -1.12947e+05    0.00000e+00   -1.11309e+05    1.70394e+04
   Total Energy  Conserved En.    Temperature Pressure (bar)
   -9.42694e+04   -1.01736e+05    3.05033e+02   -3.26028e+01

           Step           Time
          29000      290.00000

   Energies (kJ/mol)
           Bond        LJ (SR)   Coulomb (SR)      Potential    Kinetic En.
    1.66583e+03   -1.12859e+05    0.00000e+00   -1.11193e+05    1.70104e+04
   Total Energy  Conserved En.    Temperature Pressure (bar)
   -9.41828e+04   -1.01988e+05    3.04515e+02   -4.79611e+01

           Step           Time
          30000      300.00000

   Energies (kJ/mol)
           Bond        LJ (SR)   Coulomb (SR)      Potential    Kinetic En.
    1.57978e+03   -1.13192e+05    0.00000e+00   -1.11612e+05    1.66436e+04
   Total Energy  Conserved En.    Temperature Pressure (bar)
   -9.49682e+04   -1.02250e+05    2.97948e+02   -5.58030e+00

           Step           Time
          31000      310.00000

   Energies (kJ/mol)
           Bond        LJ (SR)   Coulomb (SR)      Potential    Kinetic En.
    1.67993e+03   -1.12240e+05    0.00000e+00   -1.10560e+05    1.66120e+04
   Total Energy  Conserved En.    Temperature Pressure (bar)
   -9.39481e+04   -1.02498e+05    2.97383e+02   -4.03973e+01

           Step           Time
          32000      320.00000

   Energies (kJ/mol)
           Bond        LJ (SR)   Coulomb (SR)      Potential    Kinetic En.
    1.56918e+03   -1.12905e+05    0.00000e+00   -1.11336e+05    1.67187e+04
   Total Energy  Conserved En.    Temperature Pressure (bar)
   -9.46172e+04   -1.02752e+05    2.99293e+02   -4.54558e+01

           Step           Time
          33000      330.00000

   Energies (kJ/mol)
           Bond        LJ (SR)   Coulomb (SR)      Potential    Kinetic En.
    1.62812e+03   -1.13099e+05    0.00000e+00   -1.11471e+05    1.66351e+04
   Total Energy  Conserved En.    Temperature Pressure (bar)
   -9.48359e+04   -1.03014e+05    2.97796e+02   -1.02299e+01

           Step           Time
          34000      340.00000

   Energies (kJ/mol)
           Bond        LJ (SR)   Coulomb (SR)      Potential    Kinetic En.
    1.61541e+03   -1.12930e+05    0.00000e+00   -1.11314e+05    1.69951e+04
   Total Energy  Conserved En.    Temperature Pressure (bar)
   -9.43191e+04   -1.03273e+05    3.04241e+02    1.55598e+01

           Step           Time
          35000      350.00000

   Energies (kJ/mol)
           Bond        LJ (SR)   Coulomb (SR)      Potential    Kinetic En.
    1.63571e+03   -1.12915e+05    0.00000e+00   -1.11279e+05    1.68532e+04
   Total Energy  Conserved En.    Temperature Pressure (bar)
   -9.44257e+04   -1.03521e+05    3.01701e+02   -1.85392e+01

           Step           Time
          36000      360.00000

   Energies (kJ/mol)
           Bond        LJ (SR)   Coulomb (SR)      Potential    Kinetic En.
    1.72658e+03   -1.12779e+05    0.00000e+00   -1.11052e+05    1.68962e+04
   Total Energy  Conserved En.    Temperature Pressure (bar)
   -9.41559e+04   -1.03772e+05    3.02470e+02   -2.95275e+01

           Step           Time
          37000      370.00000

   Energies (kJ/mol)
           Bond        LJ (SR)   Coulomb (SR)      Potential    Kinetic En.
    1.63340e+03   -1.13286e+05    0.00000e+00   -1.11653e+05    1.66062e+04
   Total Energy  Conserved En.    Temperature Pressure (bar)
   -9.50468e+04   -1.04040e+05    2.97280e+02    3.45275e+01

           Step           Time
          38000      380.00000

   Energies (kJ/mol)
           Bond        LJ (SR)   Coulomb (SR)      Potential    Kinetic En.
    1.68584e+03   -1.12824e+05    0.00000e+00   -1.11138e+05    1.68884e+04
   Total Energy  Conserved En.    Temperature Pressure (bar)
   -9.42500e+04   -1.04290e+05    3.02331e+02   -3.25646e+00

           Step           Time
          39000      390.00000

   Energies (kJ/mol)
           Bond        LJ (SR)   Coulomb (SR)      Potential    Kinetic En.
    1.69022e+03   -1.13097e+05    0.00000e+00   -1.11407e+05    1.70622e+04
   Total Energy  Conserved En.    Temperature Pressure (bar)
   -9.43445e+04   -1.04546e+05    3.05441e+02   -3.38001e+01

           Step           Time
          40000      400.00000

   Energies (kJ/mol)
           Bond        LJ (SR)   Coulomb (SR)      Potential    Kinetic En.
    1.63069e+03   -1.13073e+05    0.00000e+00   -1.11442e+05    1.64583e+04
   Total Energy  Conserved En.    Temperature Pressure (bar)
   -9.49836e+04   -1.04805e+05    2.94630e+02    1.70117e+01

           Step           Time
          41000      410.00000

   Energies (kJ/mol)
           Bond        LJ (SR)   Coulomb (SR)      Potential    Kinetic En.
    1.63108e+03   -1.12603e+05    0.00000e+00   -1.10971e+05    1.66129e+04
   Total Energy  Conserved En.    Temperature Pressure (bar)
   -9.43585e+04   -1.05061e+05    2.97399e+02    4.37783e+01

           Step           Time
          42000      420.00000

   Energies (kJ/mol)
           Bond        LJ (SR)   Coulomb (SR)      Potential    Kinetic En.
    1.67520e+03   -1.12842e+05    0.00000e+00   -1.11167e+05    1.67548e+04
   Total Energy  Conserved En.    Temperature Pressure (bar)
   -9.44122e+04   -1.05311e+05    2.99939e+02   -2.95010e+01

           Step           Time
          43000      430.00000

   Energies (kJ/mol)
           Bond        LJ (SR)   Coulomb (SR)      Potential    Kinetic En.
    1.57001e+03   -1.12764e+05    0.00000e+00   -1.11194e+05    1.69526e+04
   Total Energy  Conserved En.    Temperature Pressure (bar)
   -9.42416e+04   -1.05568e+05    3.03479e+02    1.09293e+00

           Step           Time
          44000      440.00000

   Energies (kJ/mol)
           Bond        LJ (SR)   Coulomb (SR)      Potential    Kinetic En.
    1.65578e+03   -1.12764e+05    0.00000e+00   -1.11108e+05    1.64727e+04
   Total Energy  Conserved En.    Temperature Pressure (bar)
   -9.46357e+04   -1.05820e+05    2.94889e+02   -3.38485e+01

           Step           Time
          45000      450.00000

   Energies (kJ/mol)
           Bond        LJ (SR)   Coulomb (SR)      Potential    Kinetic En.
    1.49914e+03   -1.12802e+05    0.00000e+00   -1.11303e+05    1.64075e+04
   Total Energy  Conserved En.    Temperature Pressure (bar)
   -9.48954e+04   -1.06084e+05    2.93722e+02    7.40312e+00

           Step           Time
          46000      460.00000

   Energies (kJ/mol)
           Bond        LJ (SR)   Coulomb (SR)      Potential    Kinetic En.
    1.66279e+03   -1.13454e+05    0.00000e+00   -1.11792e+05    1.65470e+04
   Total Energy  Conserved En.    Temperature Pressure (bar)
   -9.52446e+04   -1.06333e+05    2.96218e+02    5.79096e+00

           Step           Time
          47000      470.00000

   Energies (kJ/mol)
           Bond        LJ (SR)   Coulomb (SR)      Potential    Kinetic En.
    1.64600e+03   -1.12786e+05    0.00000e+00   -1.11140e+05    1.70759e+04
   Total Energy  Conserved En.    Temperature Pressure (bar)
   -9.40637e+04   -1.06588e+05    3.05688e+02    4.56646e+00

           Step           Time
          48000      480.00000

   Energies (kJ/mol)
           Bond        LJ (SR)   Coulomb (SR)      Potential    Kinetic En.
    1.69773e+03   -1.12858e+05    0.00000e+00   -1.11161e+05    1.66031e+04
   Total Energy  Conserved En.    Temperature Pressure (bar)
   -9.45576e+04   -1.06843e+05    2.97223e+02    1.92367e+01

           Step           Time
          49000      490.00000

   Energies (kJ/mol)
           Bond        LJ (SR)   Coulomb (SR)      Potential    Kinetic En.
    1.59833e+03   -1.12808e+05    0.00000e+00   -1.11209e+05    1.68629e+04
   Total Energy  Conserved En.    Temperature Pressure (bar)
   -9.43464e+04   -1.07095e+05    3.01873e+02    4.25135e+00

           Step           Time
          50000      500.00000

   Energies (kJ/mol)
           Bond        LJ (SR)   Coulomb (SR)      Potential    Kinetic En.
    1.66930e+03   -1.12590e+05    0.00000e+00   -1.10921e+05    1.67046e+04
   Total Energy  Conserved En.    Temperature Pressure (bar)
   -9.42165e+04   -1.07355e+05    2.99041e+02    2.98424e+01

           Step           Time
          51000      510.00000

   Energies (kJ/mol)
           Bond        LJ (SR)   Coulomb (SR)      Potential    Kinetic En.
    1.76268e+03   -1.12429e+05    0.00000e+00   -1.10667e+05    1.70591e+04
   Total Energy  Conserved En.    Temperature Pressure (bar)
   -9.36075e+04   -1.07618e+05    3.05386e+02    3.71728e+01

           Step           Time
          52000      520.00000

   Energies (kJ/mol)
           Bond        LJ (SR)   Coulomb (SR)      Potential    Kinetic En.
    1.68140e+03   -1.13223e+05    0.00000e+00   -1.11541e+05    1.63960e+04
   Total Energy  Conserved En.    Temperature Pressure (bar)
   -9.51452e+04   -1.07861e+05    2.93516e+02   -2.04801e+01

           Step           Time
          53000      530.00000

   Energies (kJ/mol)
           Bond        LJ (SR)   Coulomb (SR)      Potential    Kinetic En.
    1.65780e+03   -1.13070e+05    0.00000e+00   -1.11412e+05    1.69598e+04
   Total Energy  Conserved En.    Temperature Pressure (bar)
   -9.44522e+04   -1.08113e+05    3.03609e+02   -3.80448e+01

           Step           Time
          54000      540.00000

   Energies (kJ/mol)
           Bond        LJ (SR)   Coulomb (SR)      Potential    Kinetic En.
    1.67309e+03   -1.13043e+05    0.00000e+00   -1.11370e+05    1.67511e+04
   Total Energy  Conserved En.    Temperature Pressure (bar)
   -9.46187e+04   -1.08368e+05    2.99873e+02   -2.43614e+01

           Step           Time
          55000      550.00000

   Energies (kJ/mol)
           Bond        LJ (SR)   Coulomb (SR)      Potential    Kinetic En.
    1.77124e+03   -1.13665e+05    0.00000e+00   -1.11894e+05    1.66781e+04
   Total Energy  Conserved En.    Temperature Pressure (bar)
   -9.52160e+04   -1.08624e+05    2.98566e+02   -1.33130e+01

           Step           Time
          56000      560.00000

   Energies (kJ/mol)
           Bond        LJ (SR)   Coulomb (SR)      Potential    Kinetic En.
    1.71020e+03   -1.13506e+05    0.00000e+00   -1.11796e+05    1.67585e+04
   Total Energy  Conserved En.    Temperature Pressure (bar)
   -9.50377e+04   -1.08870e+05    3.00006e+02   -4.14051e+01

           Step           Time
          57000      570.00000

   Energies (kJ/mol)
           Bond        LJ (SR)   Coulomb (SR)      Potential    Kinetic En.
    1.74456e+03   -1.12899e+05    0.00000e+00   -1.11155e+05    1.64870e+04
   Total Energy  Conserved En.    Temperature Pressure (bar)
   -9.46676e+04   -1.09135e+05    2.95145e+02    6.06177e+01

           Step           Time
          58000      580.00000

   Energies (kJ/mol)
           Bond        LJ (SR)   Coulomb (SR)      Potential    Kinetic En.
    1.67496e+03   -1.12785e+05    0.00000e+00   -1.11110e+05    1.66726e+04
   Total Energy  Conserved En.    Temperature Pressure (bar)
   -9.44369e+04   -1.09375e+05    2.98468e+02   -4.84397e+01

           Step           Time
          59000      590.00000

   Energies (kJ/mol)
           Bond        LJ (SR)   Coulomb (SR)      Potential    Kinetic En.
    1.70186e+03   -1.12657e+05    0.00000e+00   -1.10955e+05    1.67800e+04
   Total Energy  Conserved En.    Temperature Pressure (bar)
   -9.41751e+04   -1.09624e+05    3.00391e+02   -4.04713e+01

           Step           Time
          60000      600.00000

   Energies (kJ/mol)
           Bond        LJ (SR)   Coulomb (SR)      Potential    Kinetic En.
    1.55485e+03   -1.13255e+05    0.00000e+00   -1.11700e+05    1.68593e+04
   Total Energy  Conserved En.    Temperature Pressure (bar)
   -9.48412e+04   -1.09881e+05    3.01809e+02   -3.72765e+01

           Step           Time
          61000      610.00000

   Energies (kJ/mol)
           Bond        LJ (SR)   Coulomb (SR)      Potential    Kinetic En.
    1.53323e+03   -1.12642e+05    0.00000e+00   -1.11108e+05    1.71295e+04
   Total Energy  Conserved En.    Temperature Pressure (bar)
   -9.39790e+04   -1.10131e+05    3.06647e+02   -6.72258e+01

           Step           Time
          62000      620.00000

   Energies (kJ/mol)
           Bond        LJ (SR)   Coulomb (SR)      Potential    Kinetic En.
    1.55618e+03   -1.12942e+05    0.00000e+00   -1.11386e+05    1.67550e+04
   Total Energy  Conserved En.    Temperature Pressure (bar)
   -9.46309e+04   -1.10392e+05    2.99943e+02   -2.50556e+01

           Step           Time
          63000      630.00000

   Energies (kJ/mol)
           Bond        LJ (SR)   Coulomb (SR)      Potential    Kinetic En.
    1.54499e+03   -1.12595e+05    0.00000e+00   -1.11050e+05    1.68765e+04
   Total Energy  Conserved En.    Temperature Pressure (bar)
   -9.41735e+04   -1.10647e+05    3.02117e+02   -8.18176e+00

           Step           Time
          64000      640.00000

   Energies (kJ/mol)
           Bond        LJ (SR)   Coulomb (SR)      Potential    Kinetic En.
    1.57841e+03   -1.12878e+05    0.00000e+00   -1.11299e+05    1.66848e+04
   Total Energy  Conserved En.    Temperature Pressure (bar)
   -9.46145e+04   -1.10902e+05    2.98686e+02   -1.83041e+01

           Step           Time
          65000      650.00000

   Energies (kJ/mol)
           Bond        LJ (SR)   Coulomb (SR)      Potential    Kinetic En.
    1.60761e+03   -1.12918e+05    0.00000e+00   -1.11310e+05    1.65044e+04
   Total Energy  Conserved En.    Temperature Pressure (bar)
   -9.48056e+04   -1.11158e+05    2.95457e+02    1.53870e+01

           Step           Time
          66000      660.00000

   Energies (kJ/mol)
           Bond        LJ (SR)   Coulomb (SR)      Potential    Kinetic En.
    1.73347e+03   -1.12580e+05    0.00000e+00   -1.10847e+05    1.62737e+04
   Total Energy  Conserved En.    Temperature Pressure (bar)
   -9.45729e+04   -1.11406e+05    2.91327e+02   -2.91818e+01

           Step           Time
          67000      670.00000

   Energies (kJ/mol)
           Bond        LJ (SR)   Coulomb (SR)      Potential    Kinetic En.
    1.63410e+03   -1.12638e+05    0.00000e+00   -1.11004e+05    1.66759e+04
   Total Energy  Conserved En.    Temperature Pressure (bar)
   -9.43284e+04   -1.11666e+05    2.98527e+02    3.89143e+01

           Step           Time
          68000      680.00000

   Energies (kJ/mol)
           Bond        LJ (SR)   Coulomb (SR)      Potential    Kinetic En.
    1.60855e+03   -1.12667e+05    0.00000e+00   -1.11058e+05    1.66551e+04
   Total Energy  Conserved En.    Temperature Pressure (bar)
   -9.44030e+04   -1.11917e+05    2.98154e+02    3.25223e+01

           Step           Time
          69000      690.00000

   Energies (kJ/mol)
           Bond        LJ (SR)   Coulomb (SR)      Potential    Kinetic En.
    1.66676e+03   -1.12707e+05    0.00000e+00   -1.11040e+05    1.68628e+04
   Total Energy  Conserved En.    Temperature Pressure (bar)
   -9.41773e+04   -1.12172e+05    3.01873e+02   -1.20972e+01

           Step           Time
          70000      700.00000

   Energies (kJ/mol)
           Bond        LJ (SR)   Coulomb (SR)      Potential    Kinetic En.
    1.65615e+03   -1.13364e+05    0.00000e+00   -1.11708e+05    1.66576e+04
   Total Energy  Conserved En.    Temperature Pressure (bar)
   -9.50499e+04   -1.12419e+05    2.98199e+02   -4.27112e+01

           Step           Time
          71000      710.00000

   Energies (kJ/mol)
           Bond        LJ (SR)   Coulomb (SR)      Potential    Kinetic En.
    1.59151e+03   -1.12864e+05    0.00000e+00   -1.11273e+05    1.64439e+04
   Total Energy  Conserved En.    Temperature Pressure (bar)
   -9.48290e+04   -1.12679e+05    2.94373e+02    2.14450e+01

           Step           Time
          72000      720.00000

   Energies (kJ/mol)
           Bond        LJ (SR)   Coulomb (SR)      Potential    Kinetic En.
    1.65076e+03   -1.13027e+05    0.00000e+00   -1.11377e+05    1.63334e+04
   Total Energy  Conserved En.    Temperature Pressure (bar)
   -9.50433e+04   -1.12933e+05    2.92395e+02    7.52483e+01

           Step           Time
          73000      730.00000

   Energies (kJ/mol)
           Bond        LJ (SR)   Coulomb (SR)      Potential    Kinetic En.
    1.62348e+03   -1.12999e+05    0.00000e+00   -1.11375e+05    1.64538e+04
   Total Energy  Conserved En.    Temperature Pressure (bar)
   -9.49216e+04   -1.13173e+05    2.94551e+02   -1.45589e+01

           Step           Time
          74000      740.00000

   Energies (kJ/mol)
           Bond        LJ (SR)   Coulomb (SR)      Potential    Kinetic En.
    1.63776e+03   -1.12833e+05    0.00000e+00   -1.11195e+05    1.64261e+04
   Total Energy  Conserved En.    Temperature Pressure (bar)
   -9.47687e+04   -1.13434e+05    2.94054e+02    4.73577e+01

           Step           Time
          75000      750.00000

   Energies (kJ/mol)
           Bond        LJ (SR)   Coulomb (SR)      Potential    Kinetic En.
    1.78131e+03   -1.13091e+05    0.00000e+00   -1.11310e+05    1.68212e+04
   Total Energy  Conserved En.    Temperature Pressure (bar)
   -9.44885e+04   -1.13678e+05    3.01128e+02   -2.26906e+01

           Step           Time
          76000      760.00000

   Energies (kJ/mol)
           Bond        LJ (SR)   Coulomb (SR)      Potential    Kinetic En.
    1.61792e+03   -1.13421e+05    0.00000e+00   -1.11803e+05    1.64539e+04
   Total Energy  Conserved En.    Temperature Pressure (bar)
   -9.53494e+04   -1.13935e+05    2.94552e+02    1.60212e+01

           Step           Time
          77000      770.00000

   Energies (kJ/mol)
           Bond        LJ (SR)   Coulomb (SR)      Potential    Kinetic En.
    1.59335e+03   -1.13264e+05    0.00000e+00   -1.11671e+05    1.60104e+04
   Total Energy  Conserved En.    Temperature Pressure (bar)
   -9.56603e+04   -1.14185e+05    2.86612e+02    1.80385e+01

           Step           Time
          78000      780.00000

   Energies (kJ/mol)
           Bond        LJ (SR)   Coulomb (SR)      Potential    Kinetic En.
    1.74564e+03   -1.13408e+05    0.00000e+00   -1.11662e+05    1.66357e+04
   Total Energy  Conserved En.    Temperature Pressure (bar)
   -9.50266e+04   -1.14432e+05    2.97807e+02    2.67219e+00

           Step           Time
          79000      790.00000

   Energies (kJ/mol)
           Bond        LJ (SR)   Coulomb (SR)      Potential    Kinetic En.
    1.65291e+03   -1.12862e+05    0.00000e+00   -1.11209e+05    1.68180e+04
   Total Energy  Conserved En.    Temperature Pressure (bar)
   -9.43913e+04   -1.14686e+05    3.01070e+02    1.09927e+01

           Step           Time
          80000      800.00000

   Energies (kJ/mol)
           Bond        LJ (SR)   Coulomb (SR)      Potential    Kinetic En.
    1.63412e+03   -1.13116e+05    0.00000e+00   -1.11482e+05    1.62160e+04
   Total Energy  Conserved En.    Temperature Pressure (bar)
   -9.52660e+04   -1.14938e+05    2.90293e+02    3.75581e+01

           Step           Time
          81000      810.00000

   Energies (kJ/mol)
           Bond        LJ (SR)   Coulomb (SR)      Potential    Kinetic En.
    1.72521e+03   -1.12658e+05    0.00000e+00   -1.10933e+05    1.68518e+04
   Total Energy  Conserved En.    Temperature Pressure (bar)
   -9.40812e+04   -1.15188e+05    3.01675e+02   -9.57104e+00

           Step           Time
          82000      820.00000

   Energies (kJ/mol)
           Bond        LJ (SR)   Coulomb (SR)      Potential    Kinetic En.
    1.47653e+03   -1.12899e+05    0.00000e+00   -1.11422e+05    1.67852e+04
   Total Energy  Conserved En.    Temperature Pressure (bar)
   -9.46370e+04   -1.15442e+05    3.00484e+02   -2.00092e+01

           Step           Time
          83000      830.00000

   Energies (kJ/mol)
           Bond        LJ (SR)   Coulomb (SR)      Potential    Kinetic En.
    1.63998e+03   -1.12939e+05    0.00000e+00   -1.11299e+05    1.63498e+04
   Total Energy  Conserved En.    Temperature Pressure (bar)
   -9.49491e+04   -1.15702e+05    2.92689e+02    2.32997e+01

           Step           Time
          84000      840.00000

   Energies (kJ/mol)
           Bond        LJ (SR)   Coulomb (SR)      Potential    Kinetic En.
    1.64406e+03   -1.12902e+05    0.00000e+00   -1.11258e+05    1.66701e+04
   Total Energy  Conserved En.    Temperature Pressure (bar)
   -9.45878e+04   -1.15956e+05    2.98422e+02    1.28896e+01

           Step           Time
          85000      850.00000

   Energies (kJ/mol)
           Bond        LJ (SR)   Coulomb (SR)      Potential    Kinetic En.
    1.58712e+03   -1.12965e+05    0.00000e+00   -1.11378e+05    1.67855e+04
   Total Energy  Conserved En.    Temperature Pressure (bar)
   -9.45926e+04   -1.16206e+05    3.00489e+02   -2.38248e+01

           Step           Time
          86000      860.00000

   Energies (kJ/mol)
           Bond        LJ (SR)   Coulomb (SR)      Potential    Kinetic En.
    1.72476e+03   -1.12783e+05    0.00000e+00   -1.11059e+05    1.68277e+04
   Total Energy  Conserved En.    Temperature Pressure (bar)
   -9.42310e+04   -1.16457e+05    3.01244e+02   -6.14791e+01

           Step           Time
          87000      870.00000

   Energies (kJ/mol)
           Bond        LJ (SR)   Coulomb (SR)      Potential    Kinetic En.
    1.69563e+03   -1.12907e+05    0.00000e+00   -1.11212e+05    1.67176e+04
   Total Energy  Conserved En.    Temperature Pressure (bar)
   -9.44940e+04   -1.16729e+05    2.99274e+02    2.95742e+01

           Step           Time
          88000      880.00000

   Energies (kJ/mol)
           Bond        LJ (SR)   Coulomb (SR)      Potential    Kinetic En.
    1.59342e+03   -1.13086e+05    0.00000e+00   -1.11493e+05    1.69992e+04
   Total Energy  Conserved En.    Temperature Pressure (bar)
   -9.44934e+04   -1.16989e+05    3.04313e+02    2.94674e+01

           Step           Time
          89000      890.00000

   Energies (kJ/mol)
           Bond        LJ (SR)   Coulomb (SR)      Potential    Kinetic En.
    1.65204e+03   -1.13041e+05    0.00000e+00   -1.11389e+05    1.67653e+04
   Total Energy  Conserved En.    Temperature Pressure (bar)
   -9.46235e+04   -1.17233e+05    3.00128e+02   -2.11168e+01

           Step           Time
          90000      900.00000

   Energies (kJ/mol)
           Bond        LJ (SR)   Coulomb (SR)      Potential    Kinetic En.
    1.62786e+03   -1.12282e+05    0.00000e+00   -1.10654e+05    1.67544e+04
   Total Energy  Conserved En.    Temperature Pressure (bar)
   -9.38995e+04   -1.17494e+05    2.99931e+02    1.44238e+01

           Step           Time
          91000      910.00000

   Energies (kJ/mol)
           Bond        LJ (SR)   Coulomb (SR)      Potential    Kinetic En.
    1.66801e+03   -1.12839e+05    0.00000e+00   -1.11171e+05    1.68216e+04
   Total Energy  Conserved En.    Temperature Pressure (bar)
   -9.43490e+04   -1.17755e+05    3.01135e+02    8.65211e+00

           Step           Time
          92000      920.00000

   Energies (kJ/mol)
           Bond        LJ (SR)   Coulomb (SR)      Potential    Kinetic En.
    1.60505e+03   -1.13135e+05    0.00000e+00   -1.11530e+05    1.65237e+04
   Total Energy  Conserved En.    Temperature Pressure (bar)
   -9.50066e+04   -1.18004e+05    2.95801e+02   -1.11989e+01

           Step           Time
          93000      930.00000

   Energies (kJ/mol)
           Bond        LJ (SR)   Coulomb (SR)      Potential    Kinetic En.
    1.59811e+03   -1.13333e+05    0.00000e+00   -1.11735e+05    1.68419e+04
   Total Energy  Conserved En.    Temperature Pressure (bar)
   -9.48928e+04   -1.18256e+05    3.01497e+02    2.41947e+00

           Step           Time
          94000      940.00000

   Energies (kJ/mol)
           Bond        LJ (SR)   Coulomb (SR)      Potential    Kinetic En.
    1.56671e+03   -1.12830e+05    0.00000e+00   -1.11263e+05    1.69327e+04
   Total Energy  Conserved En.    Temperature Pressure (bar)
   -9.43304e+04   -1.18511e+05    3.03124e+02    3.04613e+01

           Step           Time
          95000      950.00000

   Energies (kJ/mol)
           Bond        LJ (SR)   Coulomb (SR)      Potential    Kinetic En.
    1.67786e+03   -1.13173e+05    0.00000e+00   -1.11495e+05    1.67081e+04
   Total Energy  Conserved En.    Temperature Pressure (bar)
   -9.47871e+04   -1.18763e+05    2.99103e+02    1.98667e+01

           Step           Time
          96000      960.00000

   Energies (kJ/mol)
           Bond        LJ (SR)   Coulomb (SR)      Potential    Kinetic En.
    1.69784e+03   -1.12857e+05    0.00000e+00   -1.11159e+05    1.70799e+04
   Total Energy  Conserved En.    Temperature Pressure (bar)
   -9.40788e+04   -1.19009e+05    3.05758e+02   -2.07598e+01

           Step           Time
          97000      970.00000

   Energies (kJ/mol)
           Bond        LJ (SR)   Coulomb (SR)      Potential    Kinetic En.
    1.69546e+03   -1.12778e+05    0.00000e+00   -1.11083e+05    1.67054e+04
   Total Energy  Conserved En.    Temperature Pressure (bar)
   -9.43776e+04   -1.19271e+05    2.99055e+02    4.79853e+01

           Step           Time
          98000      980.00000

   Energies (kJ/mol)
           Bond        LJ (SR)   Coulomb (SR)      Potential    Kinetic En.
    1.67960e+03   -1.13329e+05    0.00000e+00   -1.11649e+05    1.64755e+04
   Total Energy  Conserved En.    Temperature Pressure (bar)
   -9.51735e+04   -1.19523e+05    2.94940e+02    1.86506e+01

           Step           Time
          99000      990.00000

   Energies (kJ/mol)
           Bond        LJ (SR)   Coulomb (SR)      Potential    Kinetic En.
    1.70714e+03   -1.13066e+05    0.00000e+00   -1.11358e+05    1.70641e+04
   Total Energy  Conserved En.    Temperature Pressure (bar)
   -9.42943e+04   -1.19776e+05    3.05476e+02   -2.92888e+01

           Step           Time
         100000     1000.00000

Writing checkpoint, step 100000 at Sat May 18 11:31:19 2024


   Energies (kJ/mol)
           Bond        LJ (SR)   Coulomb (SR)      Potential    Kinetic En.
    1.57292e+03   -1.13154e+05    0.00000e+00   -1.11581e+05    1.67875e+04
   Total Energy  Conserved En.    Temperature Pressure (bar)
   -9.47932e+04   -1.20041e+05    3.00525e+02    4.76995e+01

	<======  ###############  ==>
	<====  A V E R A G E S  ====>
	<==  ###############  ======>

	Statistics over 100001 steps using 1001 frames

   Energies (kJ/mol)
           Bond        LJ (SR)   Coulomb (SR)      Potential    Kinetic En.
    1.64779e+03   -1.12908e+05    0.00000e+00   -1.11260e+05    1.67268e+04
   Total Energy  Conserved En.    Temperature Pressure (bar)
   -9.45335e+04   -1.07334e+05    2.99438e+02    4.24007e-01

          Box-X          Box-Y          Box-Z
    7.93387e+00    7.94628e+00    7.93412e+00

   Total Virial (kJ/mol)
    5.57146e+03   -1.84093e+00    1.74366e+01
   -1.84078e+00    5.53588e+03    1.22423e+01
    1.74360e+01    1.22423e+01    5.60078e+03

   Pressure (bar)
    2.32520e-01    5.77608e-01   -1.37440e+00
    5.77598e-01    2.63279e+00   -7.88693e-01
   -1.37436e+00   -7.88693e-01   -1.59329e+00


	M E G A - F L O P S   A C C O U N T I N G

 NB=Group-cutoff nonbonded kernels    NxN=N-by-N cluster Verlet kernels
 RF=Reaction-Field  VdW=Van der Waals  QSTab=quadratic-spline table
 W3=SPC/TIP3p  W4=TIP4p (single or pairs)
 V&F=Potential and force  V=Potential only  F=Force only

 Computing:                               M-Number         M-Flops  % Flops
-----------------------------------------------------------------------------
 Pair Search distance check            1136.844202       10231.598     0.6
 NxN LJ [F]                           48555.983584     1602347.458    96.6
 NxN LJ [V&F]                           490.969600       21111.693     1.3
 Shift-X                                  8.964480          53.787     0.0
 Bonds                                  360.003600       21240.212     1.3
 Virial                                  22.629525         407.331     0.0
 Stop-CM                                  4.488960          44.890     0.0
 P-Coupling                              22.404480         134.427     0.0
 Calc-Ekin                               89.608960        2419.442     0.1
-----------------------------------------------------------------------------
 Total                                                 1657990.838   100.0
-----------------------------------------------------------------------------


     R E A L   C Y C L E   A N D   T I M E   A C C O U N T I N G

On 1 MPI rank, each using 8 OpenMP threads

 Computing:          Num   Num      Call    Wall time         Giga-Cycles
                     Ranks Threads  Count      (s)         total sum    %
-----------------------------------------------------------------------------
 Neighbor search        1    8       2001       2.845         52.226   4.1
 Force                  1    8     100001      41.141        755.202  58.8
 NB X/F buffer ops.     1    8     198001      18.656        342.462  26.7
 Write traj.            1    8        101       0.086          1.573   0.1
 Update                 1    8     100001       5.655        103.811   8.1
 Rest                                           1.564         28.706   2.2
-----------------------------------------------------------------------------
 Total                                         69.947       1283.979 100.0
-----------------------------------------------------------------------------

               Core t (s)   Wall t (s)        (%)
       Time:      559.574       69.947      800.0
                 (ns/day)    (hour/ns)
Performance:     1235.238        0.019
Finished mdrun on rank 0 Sat May 18 11:31:19 2024
