Log file opened on Sat May 20 20:47:54 2023
Host: md5  pid: 46282  rank ID: 0  number of ranks:  1
                       :-) GROMACS - gmx mdrun, 2018 (-:

                            GROMACS is written by:
     Emile Apol      Rossen Apostolov  Herman J.C. Berendsen    Par Bjelkmar   
 Aldert van Buuren   Rudi van Drunen     Anton Feenstra    Gerrit Groenhof  
 Christoph Junghans   Anca Hamuraru    Vincent Hindriksen Dimitrios Karkoulis
    Peter Kasson        Jiri Kraus      Carsten Kutzner      Per Larsson    
  Justin A. Lemkul    Viveca Lindahl    Magnus Lundborg   Pieter Meulenhoff 
   Erik Marklund      Teemu Murtola       Szilard Pall       Sander Pronk   
   Roland Schulz     Alexey Shvetsov     Michael Shirts     Alfons Sijbers  
   Peter Tieleman    Teemu Virolainen  Christian Wennberg    Maarten Wolf   
                           and the project leaders:
        Mark Abraham, Berk Hess, Erik Lindahl, and David van der Spoel

Copyright (c) 1991-2000, University of Groningen, The Netherlands.
Copyright (c) 2001-2017, The GROMACS development team at
Uppsala University, Stockholm University and
the Royal Institute of Technology, Sweden.
check out http://www.gromacs.org for more information.

GROMACS is free software; you can redistribute it and/or modify it
under the terms of the GNU Lesser General Public License
as published by the Free Software Foundation; either version 2.1
of the License, or (at your option) any later version.

GROMACS:      gmx mdrun, version 2018
Executable:   /usr/local/gmx2018/bin/gmx
Data prefix:  /usr/local/gmx2018
Working dir:  /nfs/home/alexei/Archive_UPD/Part2
Command line:
  gmx mdrun -deffnm step6.2_equilibration

GROMACS version:    2018
Precision:          single
Memory model:       64 bit
MPI library:        thread_mpi
OpenMP support:     enabled (GMX_OPENMP_MAX_THREADS = 64)
GPU support:        CUDA
SIMD instructions:  AVX2_256
FFT library:        fftw-3.3.5-fma-sse2-avx-avx2-avx2_128-avx512
RDTSCP usage:       enabled
TNG support:        enabled
Hwloc support:      disabled
Tracing support:    disabled
Built on:           2021-03-29 12:52:15
Built by:           pela3247@md5 [CMAKE]
Build OS/arch:      Linux 4.15.0-139-generic x86_64
Build CPU vendor:   Intel
Build CPU brand:    Intel(R) Xeon(R) CPU E5-2650 v4 @ 2.20GHz
Build CPU family:   6   Model: 79   Stepping: 1
Build CPU features: aes apic avx avx2 clfsh cmov cx8 cx16 f16c fma hle htt intel lahf mmx msr nonstop_tsc pcid pclmuldq pdcm pdpe1gb popcnt pse rdrnd rdtscp rtm sse2 sse3 sse4.1 sse4.2 ssse3 tdt x2apic
C compiler:         /usr/bin/cc GNU 7.5.0
C compiler flags:    -march=core-avx2     -O3 -DNDEBUG -funroll-all-loops -fexcess-precision=fast  
C++ compiler:       /usr/bin/c++ GNU 7.5.0
C++ compiler flags:  -march=core-avx2    -std=c++11   -O3 -DNDEBUG -funroll-all-loops -fexcess-precision=fast  
CUDA compiler:      /usr/local/cuda/bin/nvcc nvcc: NVIDIA (R) Cuda compiler driver;Copyright (c) 2005-2018 NVIDIA Corporation;Built on Sat_Aug_25_21:08:01_CDT_2018;Cuda compilation tools, release 10.0, V10.0.130
CUDA compiler flags:-gencode;arch=compute_30,code=sm_30;-gencode;arch=compute_35,code=sm_35;-gencode;arch=compute_37,code=sm_37;-gencode;arch=compute_50,code=sm_50;-gencode;arch=compute_52,code=sm_52;-gencode;arch=compute_60,code=sm_60;-gencode;arch=compute_61,code=sm_61;-gencode;arch=compute_70,code=sm_70;-gencode;arch=compute_70,code=compute_70;-use_fast_math;-D_FORCE_INLINES;; ;-march=core-avx2;-std=c++11;-O3;-DNDEBUG;-funroll-all-loops;-fexcess-precision=fast;
CUDA driver:        10.0
CUDA runtime:       10.0


Running on 1 node with total 24 cores, 48 logical cores, 2 compatible GPUs
Hardware detected:
  CPU info:
    Vendor: Intel
    Brand:  Intel(R) Xeon(R) CPU E5-2650 v4 @ 2.20GHz
    Family: 6   Model: 79   Stepping: 1
    Features: aes apic avx avx2 clfsh cmov cx8 cx16 f16c fma hle htt intel lahf mmx msr nonstop_tsc pcid pclmuldq pdcm pdpe1gb popcnt pse rdrnd rdtscp rtm sse2 sse3 sse4.1 sse4.2 ssse3 tdt x2apic
  Hardware topology: Basic
    Sockets, cores, and logical processors:
      Socket  0: [   0  24] [   1  25] [   2  26] [   3  27] [   4  28] [   5  29] [   6  30] [   7  31] [   8  32] [   9  33] [  10  34] [  11  35]
      Socket  1: [  12  36] [  13  37] [  14  38] [  15  39] [  16  40] [  17  41] [  18  42] [  19  43] [  20  44] [  21  45] [  22  46] [  23  47]
  GPU info:
    Number of GPUs detected: 2
    #0: NVIDIA GeForce RTX 2080, compute cap.: 7.5, ECC:  no, stat: compatible
    #1: NVIDIA GeForce RTX 2080, compute cap.: 7.5, ECC:  no, stat: compatible


++++ PLEASE READ AND CITE THE FOLLOWING REFERENCE ++++
M. J. Abraham, T. Murtola, R. Schulz, S. Páll, J. C. Smith, B. Hess, E.
Lindahl
GROMACS: High performance molecular simulations through multi-level
parallelism from laptops to supercomputers
SoftwareX 1 (2015) pp. 19-25
-------- -------- --- Thank You --- -------- --------


++++ PLEASE READ AND CITE THE FOLLOWING REFERENCE ++++
S. Páll, M. J. Abraham, C. Kutzner, B. Hess, E. Lindahl
Tackling Exascale Software Challenges in Molecular Dynamics Simulations with
GROMACS
In S. Markidis & E. Laure (Eds.), Solving Software Challenges for Exascale 8759 (2015) pp. 3-27
-------- -------- --- Thank You --- -------- --------


++++ PLEASE READ AND CITE THE FOLLOWING REFERENCE ++++
S. Pronk, S. Páll, R. Schulz, P. Larsson, P. Bjelkmar, R. Apostolov, M. R.
Shirts, J. C. Smith, P. M. Kasson, D. van der Spoel, B. Hess, and E. Lindahl
GROMACS 4.5: a high-throughput and highly parallel open source molecular
simulation toolkit
Bioinformatics 29 (2013) pp. 845-54
-------- -------- --- Thank You --- -------- --------


++++ PLEASE READ AND CITE THE FOLLOWING REFERENCE ++++
B. Hess and C. Kutzner and D. van der Spoel and E. Lindahl
GROMACS 4: Algorithms for highly efficient, load-balanced, and scalable
molecular simulation
J. Chem. Theory Comput. 4 (2008) pp. 435-447
-------- -------- --- Thank You --- -------- --------


++++ PLEASE READ AND CITE THE FOLLOWING REFERENCE ++++
D. van der Spoel, E. Lindahl, B. Hess, G. Groenhof, A. E. Mark and H. J. C.
Berendsen
GROMACS: Fast, Flexible and Free
J. Comp. Chem. 26 (2005) pp. 1701-1719
-------- -------- --- Thank You --- -------- --------


++++ PLEASE READ AND CITE THE FOLLOWING REFERENCE ++++
E. Lindahl and B. Hess and D. van der Spoel
GROMACS 3.0: A package for molecular simulation and trajectory analysis
J. Mol. Mod. 7 (2001) pp. 306-317
-------- -------- --- Thank You --- -------- --------


++++ PLEASE READ AND CITE THE FOLLOWING REFERENCE ++++
H. J. C. Berendsen, D. van der Spoel and R. van Drunen
GROMACS: A message-passing parallel molecular dynamics implementation
Comp. Phys. Comm. 91 (1995) pp. 43-56
-------- -------- --- Thank You --- -------- --------

Input Parameters:
   integrator                     = md
   tinit                          = 0
   dt                             = 0.002
   nsteps                         = 500000
   init-step                      = 0
   simulation-part                = 1
   comm-mode                      = Linear
   nstcomm                        = 100
   bd-fric                        = 0
   ld-seed                        = 358309955
   emtol                          = 10
   emstep                         = 0.01
   niter                          = 20
   fcstep                         = 0
   nstcgsteep                     = 1000
   nbfgscorr                      = 10
   rtpi                           = 0.05
   nstxout                        = 0
   nstvout                        = 0
   nstfout                        = 0
   nstlog                         = 1000
   nstcalcenergy                  = 100
   nstenergy                      = 1000
   nstxout-compressed             = 1000
   compressed-x-precision         = 100
   cutoff-scheme                  = Verlet
   nstlist                        = 20
   ns-type                        = Grid
   pbc                            = xyz
   periodic-molecules             = false
   verlet-buffer-tolerance        = 0.005
   rlist                          = 1.1
   coulombtype                    = Reaction-Field
   coulomb-modifier               = Potential-shift
   rcoulomb-switch                = 0
   rcoulomb                       = 1.1
   epsilon-r                      = 15
   epsilon-rf                     = inf
   vdw-type                       = Cut-off
   vdw-modifier                   = Potential-shift
   rvdw-switch                    = 0
   rvdw                           = 1.1
   DispCorr                       = No
   table-extension                = 1
   fourierspacing                 = 0.12
   fourier-nx                     = 0
   fourier-ny                     = 0
   fourier-nz                     = 0
   pme-order                      = 4
   ewald-rtol                     = 1e-05
   ewald-rtol-lj                  = 0.001
   lj-pme-comb-rule               = Geometric
   ewald-geometry                 = 0
   epsilon-surface                = 0
   implicit-solvent               = No
   gb-algorithm                   = Still
   nstgbradii                     = 1
   rgbradii                       = 1
   gb-epsilon-solvent             = 80
   gb-saltconc                    = 0
   gb-obc-alpha                   = 1
   gb-obc-beta                    = 0.8
   gb-obc-gamma                   = 4.85
   gb-dielectric-offset           = 0.009
   sa-algorithm                   = Ace-approximation
   sa-surface-tension             = 2.05016
   tcoupl                         = V-rescale
   nsttcouple                     = 20
   nh-chain-length                = 0
   print-nose-hoover-chain-variables = false
   pcoupl                         = Berendsen
   pcoupltype                     = Semiisotropic
   nstpcouple                     = 20
   tau-p                          = 5
   compressibility (3x3):
      compressibility[    0]={ 3.00000e-04,  0.00000e+00,  0.00000e+00}
      compressibility[    1]={ 0.00000e+00,  3.00000e-04,  0.00000e+00}
      compressibility[    2]={ 0.00000e+00,  0.00000e+00,  3.00000e-04}
   ref-p (3x3):
      ref-p[    0]={ 1.00000e+00,  0.00000e+00,  0.00000e+00}
      ref-p[    1]={ 0.00000e+00,  1.00000e+00,  0.00000e+00}
      ref-p[    2]={ 0.00000e+00,  0.00000e+00,  1.00000e+00}
   refcoord-scaling               = All
   posres-com (3):
      posres-com[0]= 0.00000e+00
      posres-com[1]= 0.00000e+00
      posres-com[2]= 0.00000e+00
   posres-comB (3):
      posres-comB[0]= 0.00000e+00
      posres-comB[1]= 0.00000e+00
      posres-comB[2]= 0.00000e+00
   QMMM                           = false
   QMconstraints                  = 0
   QMMMscheme                     = 0
   MMChargeScaleFactor            = 1
qm-opts:
   ngQM                           = 0
   constraint-algorithm           = Lincs
   continuation                   = false
   Shake-SOR                      = false
   shake-tol                      = 0.0001
   lincs-order                    = 4
   lincs-iter                     = 1
   lincs-warnangle                = 30
   nwall                          = 0
   wall-type                      = 9-3
   wall-r-linpot                  = -1
   wall-atomtype[0]               = -1
   wall-atomtype[1]               = -1
   wall-density[0]                = 0
   wall-density[1]                = 0
   wall-ewald-zfac                = 3
   pull                           = false
   awh                            = false
   rotation                       = false
   interactiveMD                  = false
   disre                          = No
   disre-weighting                = Conservative
   disre-mixed                    = false
   dr-fc                          = 1000
   dr-tau                         = 0
   nstdisreout                    = 100
   orire-fc                       = 0
   orire-tau                      = 0
   nstorireout                    = 100
   free-energy                    = no
   cos-acceleration               = 0
   deform (3x3):
      deform[    0]={ 0.00000e+00,  0.00000e+00,  0.00000e+00}
      deform[    1]={ 0.00000e+00,  0.00000e+00,  0.00000e+00}
      deform[    2]={ 0.00000e+00,  0.00000e+00,  0.00000e+00}
   simulated-tempering            = false
   swapcoords                     = no
   userint1                       = 0
   userint2                       = 0
   userint3                       = 0
   userint4                       = 0
   userreal1                      = 0
   userreal2                      = 0
   userreal3                      = 0
   userreal4                      = 0
   applied-forces:
     electric-field:
       x:
         E0                       = 0
         omega                    = 0
         t0                       = 0
         sigma                    = 0
       y:
         E0                       = 0
         omega                    = 0
         t0                       = 0
         sigma                    = 0
       z:
         E0                       = 0
         omega                    = 0
         t0                       = 0
         sigma                    = 0
grpopts:
   nrdf:      117030
   ref-t:         300
   tau-t:           1
annealing:          No
annealing-npoints:           0
   acc:	           0           0           0
   nfreeze:           N           N           N
   energygrp-flags[  0]: 0

Changing nstlist from 20 to 100, rlist from 1.1 to 1.138


Initializing Domain Decomposition on 8 ranks
Dynamic load balancing: locked
Initial maximum inter charge-group distances:
    two-body bonded interactions: 0.818 nm, Bond, atoms 38870 38871
  multi-body bonded interactions: 1.136 nm, G96Angle, atoms 12694 12696
Minimum cell size due to bonded interactions: 1.138 nm
Scaling the initial minimum size with 1/0.8 (option -dds) = 1.25
Optimizing the DD grid for 8 cells with a minimum initial size of 1.423 nm
The maximum allowed number of cells is: X 14 Y 14 Z 8
Domain decomposition grid 4 x 2 x 1, separate PME ranks 0
Domain decomposition rank 0, coordinates 0 0 0

The initial number of communication pulses is: X 1 Y 1
The initial domain decomposition cell size is: X 5.01 nm Y 10.02 nm

The maximum allowed distance for charge groups involved in interactions is:
                 non-bonded interactions           1.138 nm
(the following are initial values, they could change due to box deformation)
            two-body bonded interactions  (-rdd)   1.138 nm
          multi-body bonded interactions  (-rdd)   1.138 nm

When dynamic load balancing gets turned on, these settings will change to:
The maximum number of communication pulses is: X 1 Y 1
The minimum size for domain decomposition cells is 1.138 nm
The requested allowed shrink of DD cells (option -dds) is: 0.80
The allowed shrink of domain decomposition cells is: X 0.23 Y 0.11
The maximum allowed distance for charge groups involved in interactions is:
                 non-bonded interactions           1.138 nm
            two-body bonded interactions  (-rdd)   1.138 nm
          multi-body bonded interactions  (-rdd)   1.138 nm

Using 8 MPI threads
Using 6 OpenMP threads per tMPI thread

On host md5 2 GPUs auto-selected for this run.
Mapping of GPU IDs to the 8 GPU tasks in the 8 ranks on this node:
  PP:0,PP:0,PP:0,PP:0,PP:1,PP:1,PP:1,PP:1
Pinning threads with an auto-selected logical core stride of 1
System total charge: 0.000
Reaction-Field:
epsRF = 0, rc = 1.1, krf = 0.375657, crf = 1.36364, epsfac = 9.26236
The electrostatics potential has its minimum at r = 1.1
Potential shift: LJ r^-12: -3.186e-01 r^-6: -5.645e-01

Using GPU 8x8 nonbonded short-range kernels

Using a dual 8x4 pair-list setup updated with dynamic, rolling pruning:
  outer list: updated every 100 steps, buffer 0.038 nm, rlist 1.138 nm
  inner list: updated every  32 steps, buffer 0.001 nm, rlist 1.101 nm
At tolerance 0.005 kJ/mol/ps per atom, equivalent classical 1x1 list would be:
  outer list: updated every 100 steps, buffer 0.084 nm, rlist 1.184 nm
  inner list: updated every  32 steps, buffer 0.019 nm, rlist 1.119 nm

Using full Lennard-Jones parameter combination matrix

Removing pbc first time

Linking all bonded interactions to atoms


Intra-simulation communication will occur every 20 steps.
Center of mass motion removal mode is Linear
We have the following groups for center of mass motion removal:
  0:  rest

++++ PLEASE READ AND CITE THE FOLLOWING REFERENCE ++++
G. Bussi, D. Donadio and M. Parrinello
Canonical sampling through velocity rescaling
J. Chem. Phys. 126 (2007) pp. 014101
-------- -------- --- Thank You --- -------- --------

There are: 39011 Atoms
Atom distribution over 8 domains: av 4876 stddev 67 min 4817 max 4919
Initial temperature: 299.995 K

Started mdrun on rank 0 Sat May 20 20:47:58 2023
           Step           Time
              0        0.00000

   Energies (kJ/mol)
           Bond       G96Angle        LJ (SR)   Coulomb (SR)      Potential
    9.24011e+03    7.17872e+03   -1.02470e+06   -9.96145e+03   -1.01824e+06
    Kinetic En.   Total Energy  Conserved En.    Temperature Pressure (bar)
    1.45954e+05   -8.72288e+05   -8.70956e+05    2.99994e+02   -1.21801e+03

DD  step 99 load imb.: force  2.6%


step 200 Turning on dynamic load balancing, because the performance loss due to load imbalance is 2.4 %.

DD  step 999  vol min/aver 0.791  load imb.: force  6.8%

           Step           Time
           1000        2.00000

   Energies (kJ/mol)
           Bond       G96Angle        LJ (SR)   Coulomb (SR)      Potential
    2.04895e+04    1.09358e+04   -9.34477e+05   -9.47918e+03   -9.12531e+05
    Kinetic En.   Total Energy  Conserved En.    Temperature Pressure (bar)
    1.20696e+05   -7.91834e+05   -8.72315e+05    2.48081e+02   -1.48277e+02

DD  step 1999  vol min/aver 0.666  load imb.: force  3.5%

           Step           Time
           2000        4.00000

   Energies (kJ/mol)
           Bond       G96Angle        LJ (SR)   Coulomb (SR)      Potential
    2.55795e+04    1.32497e+04   -9.24532e+05   -9.60999e+03   -8.95313e+05
    Kinetic En.   Total Energy  Conserved En.    Temperature Pressure (bar)
    1.34835e+05   -7.60478e+05   -8.72560e+05    2.77141e+02   -1.39023e+02

DD  step 2999  vol min/aver 0.541  load imb.: force  6.5%

           Step           Time
           3000        6.00000

   Energies (kJ/mol)
           Bond       G96Angle        LJ (SR)   Coulomb (SR)      Potential
    2.55517e+04    1.32378e+04   -9.21643e+05   -9.60915e+03   -8.92463e+05
    Kinetic En.   Total Energy  Conserved En.    Temperature Pressure (bar)
    1.44102e+05   -7.48360e+05   -8.72889e+05    2.96189e+02   -4.86757e+01

DD  step 3999  vol min/aver 0.354  load imb.: force  7.2%

           Step           Time
           4000        8.00000

   Energies (kJ/mol)
           Bond       G96Angle        LJ (SR)   Coulomb (SR)      Potential
    2.27073e+04    1.26518e+04   -9.19652e+05   -9.62143e+03   -8.93914e+05
    Kinetic En.   Total Energy  Conserved En.    Temperature Pressure (bar)
    1.46530e+05   -7.47384e+05   -8.73226e+05    3.01180e+02   -6.28248e+00

DD  step 4999  vol min/aver 0.236  load imb.: force 19.4%

           Step           Time
           5000       10.00000

   Energies (kJ/mol)
           Bond       G96Angle        LJ (SR)   Coulomb (SR)      Potential
    2.33029e+04    1.24733e+04   -9.22469e+05   -9.83337e+03   -8.96526e+05
    Kinetic En.   Total Energy  Conserved En.    Temperature Pressure (bar)
    1.46486e+05   -7.50041e+05   -8.73563e+05    3.01088e+02   -3.82327e+01

DD  step 5999  vol min/aver 0.185  load imb.: force  5.1%

           Step           Time
           6000       12.00000

   Energies (kJ/mol)
           Bond       G96Angle        LJ (SR)   Coulomb (SR)      Potential
    2.44393e+04    1.25805e+04   -9.26407e+05   -9.89087e+03   -8.99278e+05
    Kinetic En.   Total Energy  Conserved En.    Temperature Pressure (bar)
    1.46942e+05   -7.52336e+05   -8.73894e+05    3.02027e+02   -4.61409e+01

DD  step 6999  vol min/aver 0.169  load imb.: force  5.7%

           Step           Time
           7000       14.00000

   Energies (kJ/mol)
           Bond       G96Angle        LJ (SR)   Coulomb (SR)      Potential
    2.38156e+04    1.23638e+04   -9.29089e+05   -9.82269e+03   -9.02732e+05
    Kinetic En.   Total Energy  Conserved En.    Temperature Pressure (bar)
    1.47485e+05   -7.55247e+05   -8.74240e+05    3.03143e+02   -1.57847e+01

DD  step 7999  vol min/aver 0.147  load imb.: force  3.6%

           Step           Time
           8000       16.00000

   Energies (kJ/mol)
           Bond       G96Angle        LJ (SR)   Coulomb (SR)      Potential
    2.29512e+04    1.21511e+04   -9.31196e+05   -9.89540e+03   -9.05989e+05
    Kinetic En.   Total Energy  Conserved En.    Temperature Pressure (bar)
    1.46352e+05   -7.59637e+05   -8.74572e+05    3.00814e+02   -1.80368e+01

DD  step 8999  vol min/aver 0.129  load imb.: force  4.4%

           Step           Time
           9000       18.00000

   Energies (kJ/mol)
           Bond       G96Angle        LJ (SR)   Coulomb (SR)      Potential
    2.31593e+04    1.20247e+04   -9.33424e+05   -9.95700e+03   -9.08197e+05
    Kinetic En.   Total Energy  Conserved En.    Temperature Pressure (bar)
    1.46854e+05   -7.61343e+05   -8.74909e+05    3.01846e+02   -1.91423e+01

DD  step 9999  vol min/aver 0.094  load imb.: force  5.5%

           Step           Time
          10000       20.00000

   Energies (kJ/mol)
           Bond       G96Angle        LJ (SR)   Coulomb (SR)      Potential
    2.32445e+04    1.18922e+04   -9.35477e+05   -9.98248e+03   -9.10322e+05
    Kinetic En.   Total Energy  Conserved En.    Temperature Pressure (bar)
    1.46817e+05   -7.63506e+05   -8.75240e+05    3.01769e+02   -1.51681e+01

DD  load balancing is limited by minimum cell size in dimension Y
DD  step 10999  vol min/aver 0.079! load imb.: force  5.0%

           Step           Time
          11000       22.00000

   Energies (kJ/mol)
           Bond       G96Angle        LJ (SR)   Coulomb (SR)      Potential
    2.31798e+04    1.17171e+04   -9.35972e+05   -9.98204e+03   -9.11057e+05
    Kinetic En.   Total Energy  Conserved En.    Temperature Pressure (bar)
    1.46154e+05   -7.64903e+05   -8.75574e+05    3.00406e+02    4.66838e+00

DD  load balancing is limited by minimum cell size in dimension Y
DD  step 11999  vol min/aver 0.073! load imb.: force  4.2%

           Step           Time
          12000       24.00000

   Energies (kJ/mol)
           Bond       G96Angle        LJ (SR)   Coulomb (SR)      Potential
    2.33560e+04    1.16070e+04   -9.37194e+05   -1.00628e+04   -9.12294e+05
    Kinetic En.   Total Energy  Conserved En.    Temperature Pressure (bar)
    1.46832e+05   -7.65462e+05   -8.75892e+05    3.01799e+02   -1.81519e+01

DD  load balancing is limited by minimum cell size in dimension Y
DD  step 12999  vol min/aver 0.067! load imb.: force  4.0%

           Step           Time
          13000       26.00000

   Energies (kJ/mol)
           Bond       G96Angle        LJ (SR)   Coulomb (SR)      Potential
    2.28515e+04    1.16350e+04   -9.36420e+05   -9.99914e+03   -9.11932e+05
    Kinetic En.   Total Energy  Conserved En.    Temperature Pressure (bar)
    1.45921e+05   -7.66012e+05   -8.76216e+05    2.99927e+02   -4.76588e+00

DD  load balancing is limited by minimum cell size in dimension Y
DD  step 13999  vol min/aver 0.062! load imb.: force  5.0%

           Step           Time
          14000       28.00000

   Energies (kJ/mol)
           Bond       G96Angle        LJ (SR)   Coulomb (SR)      Potential
    2.29595e+04    1.15675e+04   -9.37396e+05   -9.98701e+03   -9.12856e+05
    Kinetic En.   Total Energy  Conserved En.    Temperature Pressure (bar)
    1.45496e+05   -7.67360e+05   -8.76541e+05    2.99055e+02   -8.04255e+00

DD  load balancing is limited by minimum cell size in dimension Y
DD  step 14999  vol min/aver 0.058! load imb.: force  6.5%

           Step           Time
          15000       30.00000

   Energies (kJ/mol)
           Bond       G96Angle        LJ (SR)   Coulomb (SR)      Potential
    2.32117e+04    1.14493e+04   -9.38246e+05   -1.01280e+04   -9.13714e+05
    Kinetic En.   Total Energy  Conserved En.    Temperature Pressure (bar)
    1.45931e+05   -7.67782e+05   -8.76867e+05    2.99949e+02   -8.48812e+00

DD  load balancing is limited by minimum cell size in dimension Y
DD  step 15999  vol min/aver 0.059! load imb.: force  5.4%

           Step           Time
          16000       32.00000

   Energies (kJ/mol)
           Bond       G96Angle        LJ (SR)   Coulomb (SR)      Potential
    2.29027e+04    1.11466e+04   -9.37858e+05   -1.01432e+04   -9.13952e+05
    Kinetic En.   Total Energy  Conserved En.    Temperature Pressure (bar)
    1.46198e+05   -7.67755e+05   -8.77194e+05    3.00496e+02   -4.66992e+00

DD  load balancing is limited by minimum cell size in dimension Y
DD  step 16999  vol min/aver 0.063! load imb.: force  3.6%

           Step           Time
          17000       34.00000

   Energies (kJ/mol)
           Bond       G96Angle        LJ (SR)   Coulomb (SR)      Potential
    2.31824e+04    1.10720e+04   -9.38069e+05   -1.03222e+04   -9.14137e+05
    Kinetic En.   Total Energy  Conserved En.    Temperature Pressure (bar)
    1.46006e+05   -7.68131e+05   -8.77530e+05    3.00102e+02   -2.14948e+00

DD  load balancing is limited by minimum cell size in dimension Y
DD  step 17999  vol min/aver 0.070! load imb.: force  4.5%

           Step           Time
          18000       36.00000

   Energies (kJ/mol)
           Bond       G96Angle        LJ (SR)   Coulomb (SR)      Potential
    2.31534e+04    1.12459e+04   -9.38322e+05   -1.02128e+04   -9.14136e+05
    Kinetic En.   Total Energy  Conserved En.    Temperature Pressure (bar)
    1.46178e+05   -7.67957e+05   -8.77860e+05    3.00457e+02   -7.41138e+00

DD  load balancing is limited by minimum cell size in dimension Y
DD  step 18999  vol min/aver 0.073! load imb.: force  4.8%

           Step           Time
          19000       38.00000

   Energies (kJ/mol)
           Bond       G96Angle        LJ (SR)   Coulomb (SR)      Potential
    2.32553e+04    1.11549e+04   -9.37813e+05   -1.03086e+04   -9.13711e+05
    Kinetic En.   Total Energy  Conserved En.    Temperature Pressure (bar)
    1.47241e+05   -7.66471e+05   -8.78195e+05    3.02640e+02   -8.21610e+00

DD  load balancing is limited by minimum cell size in dimension Y
DD  step 19999  vol min/aver 0.071! load imb.: force  3.3%

           Step           Time
          20000       40.00000

   Energies (kJ/mol)
           Bond       G96Angle        LJ (SR)   Coulomb (SR)      Potential
    2.26463e+04    1.11575e+04   -9.38098e+05   -1.03039e+04   -9.14598e+05
    Kinetic En.   Total Energy  Conserved En.    Temperature Pressure (bar)
    1.46428e+05   -7.68170e+05   -8.78519e+05    3.00969e+02   -8.52050e+00

DD  load balancing is limited by minimum cell size in dimension Y
DD  step 20999  vol min/aver 0.062! load imb.: force  3.5%

           Step           Time
          21000       42.00000

   Energies (kJ/mol)
           Bond       G96Angle        LJ (SR)   Coulomb (SR)      Potential
    2.24516e+04    1.11153e+04   -9.39494e+05   -1.02444e+04   -9.16171e+05
    Kinetic En.   Total Energy  Conserved En.    Temperature Pressure (bar)
    1.46456e+05   -7.69715e+05   -8.78839e+05    3.01027e+02   -1.51711e+01

DD  load balancing is limited by minimum cell size in dimension Y
DD  step 21999  vol min/aver 0.062! load imb.: force  4.2%

           Step           Time
          22000       44.00000

   Energies (kJ/mol)
           Bond       G96Angle        LJ (SR)   Coulomb (SR)      Potential
    2.31121e+04    1.08245e+04   -9.39174e+05   -1.02583e+04   -9.15496e+05
    Kinetic En.   Total Energy  Conserved En.    Temperature Pressure (bar)
    1.45621e+05   -7.69875e+05   -8.79167e+05    2.99311e+02    8.23961e+00

DD  load balancing is limited by minimum cell size in dimension Y
DD  step 22999  vol min/aver 0.064! load imb.: force  5.4%

           Step           Time
          23000       46.00000

   Energies (kJ/mol)
           Bond       G96Angle        LJ (SR)   Coulomb (SR)      Potential
    2.28225e+04    1.06465e+04   -9.39331e+05   -1.02233e+04   -9.16085e+05
    Kinetic En.   Total Energy  Conserved En.    Temperature Pressure (bar)
    1.45959e+05   -7.70127e+05   -8.79491e+05    3.00005e+02    8.56954e+00

DD  load balancing is limited by minimum cell size in dimension Y
DD  step 23999  vol min/aver 0.067! load imb.: force  3.8%

           Step           Time
          24000       48.00000

   Energies (kJ/mol)
           Bond       G96Angle        LJ (SR)   Coulomb (SR)      Potential
    2.33086e+04    1.09282e+04   -9.40527e+05   -1.03394e+04   -9.16630e+05
    Kinetic En.   Total Energy  Conserved En.    Temperature Pressure (bar)
    1.46990e+05   -7.69640e+05   -8.79810e+05    3.02125e+02   -2.70565e+01

DD  load balancing is limited by minimum cell size in dimension Y
DD  step 24999  vol min/aver 0.066! load imb.: force  4.1%

           Step           Time
          25000       50.00000

   Energies (kJ/mol)
           Bond       G96Angle        LJ (SR)   Coulomb (SR)      Potential
    2.30169e+04    1.08192e+04   -9.39790e+05   -1.02585e+04   -9.16212e+05
    Kinetic En.   Total Energy  Conserved En.    Temperature Pressure (bar)
    1.46195e+05   -7.70017e+05   -8.80146e+05    3.00490e+02   -1.04317e+00

DD  load balancing is limited by minimum cell size in dimension Y
DD  step 25999  vol min/aver 0.059! load imb.: force  3.8%

           Step           Time
          26000       52.00000

   Energies (kJ/mol)
           Bond       G96Angle        LJ (SR)   Coulomb (SR)      Potential
    2.29684e+04    1.07375e+04   -9.39304e+05   -1.02947e+04   -9.15893e+05
    Kinetic En.   Total Energy  Conserved En.    Temperature Pressure (bar)
    1.46371e+05   -7.69522e+05   -8.80472e+05    3.00852e+02    5.42844e+00

DD  load balancing is limited by minimum cell size in dimension Y
DD  step 26999  vol min/aver 0.058! load imb.: force  4.6%

           Step           Time
          27000       54.00000

   Energies (kJ/mol)
           Bond       G96Angle        LJ (SR)   Coulomb (SR)      Potential
    2.33905e+04    1.06238e+04   -9.38936e+05   -1.02143e+04   -9.15136e+05
    Kinetic En.   Total Energy  Conserved En.    Temperature Pressure (bar)
    1.46074e+05   -7.69062e+05   -8.80799e+05    3.00241e+02    2.28876e-01

DD  load balancing is limited by minimum cell size in dimension Y
DD  step 27999  vol min/aver 0.055! load imb.: force  7.4%

           Step           Time
          28000       56.00000

   Energies (kJ/mol)
           Bond       G96Angle        LJ (SR)   Coulomb (SR)      Potential
    2.29282e+04    1.08528e+04   -9.39231e+05   -1.02606e+04   -9.15711e+05
    Kinetic En.   Total Energy  Conserved En.    Temperature Pressure (bar)
    1.46355e+05   -7.69355e+05   -8.81129e+05    3.00820e+02   -6.88254e+00

DD  load balancing is limited by minimum cell size in dimension Y
DD  step 28999  vol min/aver 0.052! load imb.: force  7.2%

           Step           Time
          29000       58.00000

   Energies (kJ/mol)
           Bond       G96Angle        LJ (SR)   Coulomb (SR)      Potential
    2.27614e+04    1.05533e+04   -9.38808e+05   -1.03104e+04   -9.15803e+05
    Kinetic En.   Total Energy  Conserved En.    Temperature Pressure (bar)
    1.46523e+05   -7.69280e+05   -8.81453e+05    3.01165e+02    3.93583e+00

DD  load balancing is limited by minimum cell size in dimension Y
DD  step 29999  vol min/aver 0.051! load imb.: force  8.3%

           Step           Time
          30000       60.00000

   Energies (kJ/mol)
           Bond       G96Angle        LJ (SR)   Coulomb (SR)      Potential
    2.24950e+04    1.06968e+04   -9.38966e+05   -1.02607e+04   -9.16035e+05
    Kinetic En.   Total Energy  Conserved En.    Temperature Pressure (bar)
    1.45523e+05   -7.70512e+05   -8.81780e+05    2.99109e+02    1.39324e+01

DD  load balancing is limited by minimum cell size in dimension Y
DD  step 30999  vol min/aver 0.057! load imb.: force  6.7%

           Step           Time
          31000       62.00000

   Energies (kJ/mol)
           Bond       G96Angle        LJ (SR)   Coulomb (SR)      Potential
    2.29294e+04    1.03796e+04   -9.39046e+05   -1.03714e+04   -9.16108e+05
    Kinetic En.   Total Energy  Conserved En.    Temperature Pressure (bar)
    1.46419e+05   -7.69688e+05   -8.82114e+05    3.00952e+02    1.45552e+01

DD  load balancing is limited by minimum cell size in dimension Y
DD  step 31999  vol min/aver 0.063! load imb.: force  3.9%

           Step           Time
          32000       64.00000

   Energies (kJ/mol)
           Bond       G96Angle        LJ (SR)   Coulomb (SR)      Potential
    2.27150e+04    1.04834e+04   -9.40599e+05   -1.03717e+04   -9.17772e+05
    Kinetic En.   Total Energy  Conserved En.    Temperature Pressure (bar)
    1.46774e+05   -7.70998e+05   -8.82435e+05    3.01681e+02   -1.28774e+01

DD  load balancing is limited by minimum cell size in dimension Y
DD  step 32999  vol min/aver 0.062! load imb.: force  4.0%

           Step           Time
          33000       66.00000

   Energies (kJ/mol)
           Bond       G96Angle        LJ (SR)   Coulomb (SR)      Potential
    2.31231e+04    1.04530e+04   -9.41315e+05   -1.02873e+04   -9.18026e+05
    Kinetic En.   Total Energy  Conserved En.    Temperature Pressure (bar)
    1.45229e+05   -7.72796e+05   -8.82766e+05    2.98506e+02    8.26679e+00

DD  load balancing is limited by minimum cell size in dimension Y
DD  step 33999  vol min/aver 0.057! load imb.: force  4.0%

           Step           Time
          34000       68.00000

   Energies (kJ/mol)
           Bond       G96Angle        LJ (SR)   Coulomb (SR)      Potential
    2.23771e+04    1.03971e+04   -9.42214e+05   -1.02479e+04   -9.19688e+05
    Kinetic En.   Total Energy  Conserved En.    Temperature Pressure (bar)
    1.45887e+05   -7.73801e+05   -8.83083e+05    2.99857e+02   -4.97882e+00

DD  load balancing is limited by minimum cell size in dimension Y
DD  step 34999  vol min/aver 0.053! load imb.: force  4.1%

           Step           Time
          35000       70.00000

   Energies (kJ/mol)
           Bond       G96Angle        LJ (SR)   Coulomb (SR)      Potential
    2.25972e+04    1.01561e+04   -9.41772e+05   -1.02789e+04   -9.19298e+05
    Kinetic En.   Total Energy  Conserved En.    Temperature Pressure (bar)
    1.45706e+05   -7.73592e+05   -8.83401e+05    2.99486e+02    1.01821e+01

DD  load balancing is limited by minimum cell size in dimension Y
DD  step 35999  vol min/aver 0.050! load imb.: force 16.7%

           Step           Time
          36000       72.00000

   Energies (kJ/mol)
           Bond       G96Angle        LJ (SR)   Coulomb (SR)      Potential
    2.24557e+04    1.02840e+04   -9.40557e+05   -1.03553e+04   -9.18173e+05
    Kinetic En.   Total Energy  Conserved En.    Temperature Pressure (bar)
    1.45316e+05   -7.72857e+05   -8.83718e+05    2.98683e+02    8.29678e+00

DD  load balancing is limited by minimum cell size in dimension Y
DD  step 36999  vol min/aver 0.049! load imb.: force  7.3%

           Step           Time
          37000       74.00000

   Energies (kJ/mol)
           Bond       G96Angle        LJ (SR)   Coulomb (SR)      Potential
    2.25609e+04    1.05014e+04   -9.41326e+05   -1.01876e+04   -9.18452e+05
    Kinetic En.   Total Energy  Conserved En.    Temperature Pressure (bar)
    1.46011e+05   -7.72440e+05   -8.84036e+05    3.00113e+02    3.98997e+00

DD  load balancing is limited by minimum cell size in dimension Y
DD  step 37999  vol min/aver 0.052! load imb.: force  5.5%

           Step           Time
          38000       76.00000

   Energies (kJ/mol)
           Bond       G96Angle        LJ (SR)   Coulomb (SR)      Potential
    2.28593e+04    1.01884e+04   -9.41807e+05   -1.03946e+04   -9.19154e+05
    Kinetic En.   Total Energy  Conserved En.    Temperature Pressure (bar)
    1.45202e+05   -7.73952e+05   -8.84358e+05    2.98450e+02   -3.44130e+00

DD  load balancing is limited by minimum cell size in dimension Y
DD  step 38999  vol min/aver 0.056! load imb.: force  3.1%

           Step           Time
          39000       78.00000

   Energies (kJ/mol)
           Bond       G96Angle        LJ (SR)   Coulomb (SR)      Potential
    2.26549e+04    1.01216e+04   -9.40844e+05   -1.02174e+04   -9.18285e+05
    Kinetic En.   Total Energy  Conserved En.    Temperature Pressure (bar)
    1.45353e+05   -7.72933e+05   -8.84687e+05    2.98759e+02    7.17996e+00

DD  load balancing is limited by minimum cell size in dimension Y
DD  step 39999  vol min/aver 0.060! load imb.: force  5.3%

           Step           Time
          40000       80.00000

   Energies (kJ/mol)
           Bond       G96Angle        LJ (SR)   Coulomb (SR)      Potential
    2.24718e+04    1.03804e+04   -9.41148e+05   -1.02883e+04   -9.18584e+05
    Kinetic En.   Total Energy  Conserved En.    Temperature Pressure (bar)
    1.45603e+05   -7.72981e+05   -8.85012e+05    2.99273e+02    1.27505e+01

DD  load balancing is limited by minimum cell size in dimension Y
DD  step 40999  vol min/aver 0.061! load imb.: force  4.2%

           Step           Time
          41000       82.00000

   Energies (kJ/mol)
           Bond       G96Angle        LJ (SR)   Coulomb (SR)      Potential
    2.23338e+04    1.02381e+04   -9.41002e+05   -1.02538e+04   -9.18684e+05
    Kinetic En.   Total Energy  Conserved En.    Temperature Pressure (bar)
    1.45279e+05   -7.73405e+05   -8.85333e+05    2.98608e+02    5.65865e+00

DD  load balancing is limited by minimum cell size in dimension Y
DD  step 41999  vol min/aver 0.059! load imb.: force  3.9%

           Step           Time
          42000       84.00000

   Energies (kJ/mol)
           Bond       G96Angle        LJ (SR)   Coulomb (SR)      Potential
    2.24257e+04    1.02782e+04   -9.42688e+05   -1.02109e+04   -9.20195e+05
    Kinetic En.   Total Energy  Conserved En.    Temperature Pressure (bar)
    1.45422e+05   -7.74772e+05   -8.85654e+05    2.98903e+02   -1.09961e+01

DD  load balancing is limited by minimum cell size in dimension Y
DD  step 42999  vol min/aver 0.054! load imb.: force  4.5%

           Step           Time
          43000       86.00000

   Energies (kJ/mol)
           Bond       G96Angle        LJ (SR)   Coulomb (SR)      Potential
    2.30211e+04    1.01312e+04   -9.41808e+05   -1.02249e+04   -9.18881e+05
    Kinetic En.   Total Energy  Conserved En.    Temperature Pressure (bar)
    1.46098e+05   -7.72782e+05   -8.85982e+05    3.00292e+02    2.60751e+00

DD  load balancing is limited by minimum cell size in dimension Y
DD  step 43999  vol min/aver 0.050! load imb.: force  4.6%

           Step           Time
          44000       88.00000

   Energies (kJ/mol)
           Bond       G96Angle        LJ (SR)   Coulomb (SR)      Potential
    2.26440e+04    1.04442e+04   -9.41244e+05   -1.02537e+04   -9.18409e+05
    Kinetic En.   Total Energy  Conserved En.    Temperature Pressure (bar)
    1.46092e+05   -7.72318e+05   -8.86308e+05    3.00279e+02    9.24961e+00

DD  load balancing is limited by minimum cell size in dimension Y
DD  step 44999  vol min/aver 0.048! load imb.: force  7.0%

           Step           Time
          45000       90.00000

   Energies (kJ/mol)
           Bond       G96Angle        LJ (SR)   Coulomb (SR)      Potential
    2.28270e+04    1.05313e+04   -9.41658e+05   -1.02932e+04   -9.18593e+05
    Kinetic En.   Total Energy  Conserved En.    Temperature Pressure (bar)
    1.46358e+05   -7.72234e+05   -8.86636e+05    3.00826e+02    2.67593e-01

DD  load balancing is limited by minimum cell size in dimension Y
DD  step 45999  vol min/aver 0.049! load imb.: force  5.6%

           Step           Time
          46000       92.00000

   Energies (kJ/mol)
           Bond       G96Angle        LJ (SR)   Coulomb (SR)      Potential
    2.27029e+04    1.02834e+04   -9.41675e+05   -1.01976e+04   -9.18886e+05
    Kinetic En.   Total Energy  Conserved En.    Temperature Pressure (bar)
    1.44702e+05   -7.74184e+05   -8.86957e+05    2.97422e+02    7.19743e+00

DD  load balancing is limited by minimum cell size in dimension Y
DD  step 46999  vol min/aver 0.057! load imb.: force  5.8%

           Step           Time
          47000       94.00000

   Energies (kJ/mol)
           Bond       G96Angle        LJ (SR)   Coulomb (SR)      Potential
    2.28291e+04    1.03599e+04   -9.42035e+05   -1.02202e+04   -9.19066e+05
    Kinetic En.   Total Energy  Conserved En.    Temperature Pressure (bar)
    1.45200e+05   -7.73866e+05   -8.87278e+05    2.98445e+02    1.09494e+01

DD  load balancing is limited by minimum cell size in dimension Y
DD  step 47999  vol min/aver 0.057! load imb.: force  3.7%

           Step           Time
          48000       96.00000

   Energies (kJ/mol)
           Bond       G96Angle        LJ (SR)   Coulomb (SR)      Potential
    2.23530e+04    1.02135e+04   -9.41433e+05   -1.02693e+04   -9.19136e+05
    Kinetic En.   Total Energy  Conserved En.    Temperature Pressure (bar)
    1.45341e+05   -7.73795e+05   -8.87606e+05    2.98735e+02    8.72226e+00


Not all bonded interactions have been properly assigned to the domain decomposition cells

A list of missing interactions:
            G96Angle of   9216 missing      1

Molecule type 'DOPC'
the first 10 missing interactions, except for exclusions:
            G96Angle atoms    3    5    6      global 10983 10985 10986

-------------------------------------------------------
Program:     gmx mdrun, version 2018
Source file: src/gromacs/domdec/domdec_topology.cpp (line 436)
MPI rank:    0 (out of 8)

Fatal error:
1 of the 23808 bonded interactions could not be calculated because some atoms
involved moved further apart than the multi-body cut-off distance (1.138 nm)
or the two-body cut-off distance (1.138 nm), see option -rdd, for pairs and
tabulated bonds also see option -ddcheck

For more information and tips for troubleshooting, please check the GROMACS
website at http://www.gromacs.org/Documentation/Errors
-------------------------------------------------------
