                      :-) GROMACS - gmx mdrun, 2020.4 (-:

                            GROMACS is written by:
     Emile Apol      Rossen Apostolov      Paul Bauer     Herman J.C. Berendsen
    Par Bjelkmar      Christian Blau   Viacheslav Bolnykh     Kevin Boyd    
 Aldert van Buuren   Rudi van Drunen     Anton Feenstra       Alan Gray     
  Gerrit Groenhof     Anca Hamuraru    Vincent Hindriksen  M. Eric Irrgang  
  Aleksei Iupinov   Christoph Junghans     Joe Jordan     Dimitrios Karkoulis
    Peter Kasson        Jiri Kraus      Carsten Kutzner      Per Larsson    
  Justin A. Lemkul    Viveca Lindahl    Magnus Lundborg     Erik Marklund   
    Pascal Merz     Pieter Meulenhoff    Teemu Murtola       Szilard Pall   
    Sander Pronk      Roland Schulz      Michael Shirts    Alexey Shvetsov  
   Alfons Sijbers     Peter Tieleman      Jon Vincent      Teemu Virolainen 
 Christian Wennberg    Maarten Wolf      Artem Zhmurov   
                           and the project leaders:
        Mark Abraham, Berk Hess, Erik Lindahl, and David van der Spoel

Copyright (c) 1991-2000, University of Groningen, The Netherlands.
Copyright (c) 2001-2019, The GROMACS development team at
Uppsala University, Stockholm University and
the Royal Institute of Technology, Sweden.
check out http://www.gromacs.org for more information.

GROMACS is free software; you can redistribute it and/or modify it
under the terms of the GNU Lesser General Public License
as published by the Free Software Foundation; either version 2.1
of the License, or (at your option) any later version.

GROMACS:      gmx mdrun, version 2020.4
Executable:   /usr/local/gmx2020.4/bin/gmx
Data prefix:  /usr/local/gmx2020.4
Working dir:  /nfs/home/alexei/Archive_UPD/Part3
Process ID:   34980
Command line:
  gmx mdrun -ntmpi 4 -ntomp 12 -deffnm pull

GROMACS version:    2020.4
Verified release checksum is 79c2857291b034542c26e90512b92fd4b184a1c9d6fa59c55f2e24ccf14e7281
Precision:          single
Memory model:       64 bit
MPI library:        thread_mpi
OpenMP support:     enabled (GMX_OPENMP_MAX_THREADS = 64)
GPU support:        CUDA
SIMD instructions:  AVX2_256
FFT library:        fftw-3.3.8-sse2-avx-avx2-avx2_128
RDTSCP usage:       enabled
TNG support:        enabled
Hwloc support:      disabled
Tracing support:    disabled
C compiler:         /usr/bin/cc GNU 7.5.0
C compiler flags:   -mavx2 -mfma -fexcess-precision=fast -funroll-all-loops -fopenmp -O3 -DNDEBUG
C++ compiler:       /usr/bin/c++ GNU 7.5.0
C++ compiler flags: -mavx2 -mfma -fexcess-precision=fast -funroll-all-loops -fopenmp -O3 -DNDEBUG
CUDA compiler:      /usr/local/cuda/bin/nvcc nvcc: NVIDIA (R) Cuda compiler driver;Copyright (c) 2005-2018 NVIDIA Corporation;Built on Sat_Aug_25_21:08:01_CDT_2018;Cuda compilation tools, release 10.0, V10.0.130
CUDA compiler flags:-gencode;arch=compute_30,code=sm_30;-gencode;arch=compute_35,code=sm_35;-gencode;arch=compute_37,code=sm_37;-gencode;arch=compute_50,code=sm_50;-gencode;arch=compute_52,code=sm_52;-gencode;arch=compute_60,code=sm_60;-gencode;arch=compute_61,code=sm_61;-gencode;arch=compute_70,code=sm_70;-gencode;arch=compute_35,code=compute_35;-gencode;arch=compute_50,code=compute_50;-gencode;arch=compute_52,code=compute_52;-gencode;arch=compute_60,code=compute_60;-gencode;arch=compute_61,code=compute_61;-gencode;arch=compute_70,code=compute_70;-gencode;arch=compute_75,code=compute_75;-use_fast_math;-D_FORCE_INLINES;-mavx2 -mfma -fexcess-precision=fast -funroll-all-loops -fopenmp -O3 -DNDEBUG
CUDA driver:        10.0
CUDA runtime:       10.0


Running on 1 node with total 24 cores, 48 logical cores, 2 compatible GPUs
Hardware detected:
  CPU info:
    Vendor: Intel
    Brand:  Intel(R) Xeon(R) CPU E5-2650 v4 @ 2.20GHz
    Family: 6   Model: 79   Stepping: 1
    Features: aes apic avx avx2 clfsh cmov cx8 cx16 f16c fma hle htt intel lahf mmx msr nonstop_tsc pcid pclmuldq pdcm pdpe1gb popcnt pse rdrnd rdtscp rtm sse2 sse3 sse4.1 sse4.2 ssse3 tdt x2apic
  Hardware topology: Basic
    Sockets, cores, and logical processors:
      Socket  0: [   0  24] [   1  25] [   2  26] [   3  27] [   4  28] [   5  29] [   6  30] [   7  31] [   8  32] [   9  33] [  10  34] [  11  35]
      Socket  1: [  12  36] [  13  37] [  14  38] [  15  39] [  16  40] [  17  41] [  18  42] [  19  43] [  20  44] [  21  45] [  22  46] [  23  47]
  GPU info:
    Number of GPUs detected: 2
    #0: NVIDIA GeForce GTX 1080, compute cap.: 6.1, ECC:  no, stat: compatible
    #1: NVIDIA GeForce GTX 1080, compute cap.: 6.1, ECC:  no, stat: compatible


++++ PLEASE READ AND CITE THE FOLLOWING REFERENCE ++++
M. J. Abraham, T. Murtola, R. Schulz, S. Páll, J. C. Smith, B. Hess, E.
Lindahl
GROMACS: High performance molecular simulations through multi-level
parallelism from laptops to supercomputers
SoftwareX 1 (2015) pp. 19-25
-------- -------- --- Thank You --- -------- --------


++++ PLEASE READ AND CITE THE FOLLOWING REFERENCE ++++
S. Páll, M. J. Abraham, C. Kutzner, B. Hess, E. Lindahl
Tackling Exascale Software Challenges in Molecular Dynamics Simulations with
GROMACS
In S. Markidis & E. Laure (Eds.), Solving Software Challenges for Exascale 8759 (2015) pp. 3-27
-------- -------- --- Thank You --- -------- --------


++++ PLEASE READ AND CITE THE FOLLOWING REFERENCE ++++
S. Pronk, S. Páll, R. Schulz, P. Larsson, P. Bjelkmar, R. Apostolov, M. R.
Shirts, J. C. Smith, P. M. Kasson, D. van der Spoel, B. Hess, and E. Lindahl
GROMACS 4.5: a high-throughput and highly parallel open source molecular
simulation toolkit
Bioinformatics 29 (2013) pp. 845-54
-------- -------- --- Thank You --- -------- --------


++++ PLEASE READ AND CITE THE FOLLOWING REFERENCE ++++
B. Hess and C. Kutzner and D. van der Spoel and E. Lindahl
GROMACS 4: Algorithms for highly efficient, load-balanced, and scalable
molecular simulation
J. Chem. Theory Comput. 4 (2008) pp. 435-447
-------- -------- --- Thank You --- -------- --------


++++ PLEASE READ AND CITE THE FOLLOWING REFERENCE ++++
D. van der Spoel, E. Lindahl, B. Hess, G. Groenhof, A. E. Mark and H. J. C.
Berendsen
GROMACS: Fast, Flexible and Free
J. Comp. Chem. 26 (2005) pp. 1701-1719
-------- -------- --- Thank You --- -------- --------


++++ PLEASE READ AND CITE THE FOLLOWING REFERENCE ++++
E. Lindahl and B. Hess and D. van der Spoel
GROMACS 3.0: A package for molecular simulation and trajectory analysis
J. Mol. Mod. 7 (2001) pp. 306-317
-------- -------- --- Thank You --- -------- --------


++++ PLEASE READ AND CITE THE FOLLOWING REFERENCE ++++
H. J. C. Berendsen, D. van der Spoel and R. van Drunen
GROMACS: A message-passing parallel molecular dynamics implementation
Comp. Phys. Comm. 91 (1995) pp. 43-56
-------- -------- --- Thank You --- -------- --------


++++ PLEASE CITE THE DOI FOR THIS VERSION OF GROMACS ++++
https://doi.org/10.5281/zenodo.4054979
-------- -------- --- Thank You --- -------- --------

Input Parameters:
   integrator                     = md
   tinit                          = 0
   dt                             = 0.02
   nsteps                         = 1500000
   init-step                      = 0
   simulation-part                = 1
   comm-mode                      = Linear
   nstcomm                        = 100
   bd-fric                        = 0
   ld-seed                        = -1669119453
   emtol                          = 10
   emstep                         = 0.01
   niter                          = 20
   fcstep                         = 0
   nstcgsteep                     = 1000
   nbfgscorr                      = 10
   rtpi                           = 0.05
   nstxout                        = 200
   nstvout                        = 0
   nstfout                        = 0
   nstlog                         = 1000
   nstcalcenergy                  = 100
   nstenergy                      = 200
   nstxout-compressed             = 200
   compressed-x-precision         = 100
   cutoff-scheme                  = Verlet
   nstlist                        = 20
   pbc                            = xyz
   periodic-molecules             = false
   verlet-buffer-tolerance        = 0.005
   rlist                          = 1.21
   coulombtype                    = Reaction-Field
   coulomb-modifier               = Potential-shift
   rcoulomb-switch                = 0
   rcoulomb                       = 1.1
   epsilon-r                      = 15
   epsilon-rf                     = inf
   vdw-type                       = Cut-off
   vdw-modifier                   = Potential-shift
   rvdw-switch                    = 0
   rvdw                           = 1.1
   DispCorr                       = No
   table-extension                = 1
   fourierspacing                 = 0.12
   fourier-nx                     = 0
   fourier-ny                     = 0
   fourier-nz                     = 0
   pme-order                      = 4
   ewald-rtol                     = 1e-05
   ewald-rtol-lj                  = 0.001
   lj-pme-comb-rule               = Geometric
   ewald-geometry                 = 0
   epsilon-surface                = 0
   tcoupl                         = V-rescale
   nsttcouple                     = 20
   nh-chain-length                = 0
   print-nose-hoover-chain-variables = false
   pcoupl                         = Parrinello-Rahman
   pcoupltype                     = Semiisotropic
   nstpcouple                     = 20
   tau-p                          = 12
   compressibility (3x3):
      compressibility[    0]={ 3.00000e-04,  0.00000e+00,  0.00000e+00}
      compressibility[    1]={ 0.00000e+00,  3.00000e-04,  0.00000e+00}
      compressibility[    2]={ 0.00000e+00,  0.00000e+00,  3.00000e-04}
   ref-p (3x3):
      ref-p[    0]={ 1.00000e+00,  0.00000e+00,  0.00000e+00}
      ref-p[    1]={ 0.00000e+00,  1.00000e+00,  0.00000e+00}
      ref-p[    2]={ 0.00000e+00,  0.00000e+00,  1.00000e+00}
   refcoord-scaling               = All
   posres-com (3):
      posres-com[0]= 0.00000e+00
      posres-com[1]= 0.00000e+00
      posres-com[2]= 0.00000e+00
   posres-comB (3):
      posres-comB[0]= 0.00000e+00
      posres-comB[1]= 0.00000e+00
      posres-comB[2]= 0.00000e+00
   QMMM                           = false
   QMconstraints                  = 0
   QMMMscheme                     = 0
   MMChargeScaleFactor            = 1
qm-opts:
   ngQM                           = 0
   constraint-algorithm           = Lincs
   continuation                   = false
   Shake-SOR                      = false
   shake-tol                      = 0.0001
   lincs-order                    = 4
   lincs-iter                     = 1
   lincs-warnangle                = 30
   nwall                          = 0
   wall-type                      = 9-3
   wall-r-linpot                  = -1
   wall-atomtype[0]               = -1
   wall-atomtype[1]               = -1
   wall-density[0]                = 0
   wall-density[1]                = 0
   wall-ewald-zfac                = 3
   pull                           = true
   pull-cylinder-r                = 1.5
   pull-constr-tol                = 1e-06
   pull-print-COM                 = false
   pull-print-ref-value           = false
   pull-print-components          = false
   pull-nstxout                   = 50
   pull-nstfout                   = 50
   pull-pbc-ref-prev-step-com     = false
   pull-xout-average              = false
   pull-fout-average              = false
   pull-ngroups                   = 3
   pull-group 0:
     atom: not available
     weight: not available
     pbcatom                        = -1
   pull-group 1:
     atom (16):
        atom[0,...,15] = {38811,...,38826}
     weight: not available
     pbcatom                        = 38818
   pull-group 2:
     atom (13824):
        atom[0,...,13823] = {0,...,13823}
     weight: not available
     pbcatom                        = 6911
   pull-ncoords                   = 1
   pull-coord 0:
   type                           = umbrella
   geometry                       = direction
   group[0]                       = 1
   group[1]                       = 2
   dim (3):
      dim[0]=0
      dim[1]=0
      dim[2]=1
   origin (3):
      origin[0]= 0.00000e+00
      origin[1]= 0.00000e+00
      origin[2]= 0.00000e+00
   vec (3):
      vec[0]= 0.00000e+00
      vec[1]= 0.00000e+00
      vec[2]=-1.00000e+00
   start                          = true
   init                           = 0.104154
   rate                           = 0.01
   k                              = 1000
   kB                             = 1000
   awh                            = false
   rotation                       = false
   interactiveMD                  = false
   disre                          = No
   disre-weighting                = Conservative
   disre-mixed                    = false
   dr-fc                          = 1000
   dr-tau                         = 0
   nstdisreout                    = 100
   orire-fc                       = 0
   orire-tau                      = 0
   nstorireout                    = 100
   free-energy                    = no
   cos-acceleration               = 0
   deform (3x3):
      deform[    0]={ 0.00000e+00,  0.00000e+00,  0.00000e+00}
      deform[    1]={ 0.00000e+00,  0.00000e+00,  0.00000e+00}
      deform[    2]={ 0.00000e+00,  0.00000e+00,  0.00000e+00}
   simulated-tempering            = false
   swapcoords                     = no
   userint1                       = 0
   userint2                       = 0
   userint3                       = 0
   userint4                       = 0
   userreal1                      = 0
   userreal2                      = 0
   userreal3                      = 0
   userreal4                      = 0
   applied-forces:
     electric-field:
       x:
         E0                       = 0
         omega                    = 0
         t0                       = 0
         sigma                    = 0
       y:
         E0                       = 0
         omega                    = 0
         t0                       = 0
         sigma                    = 0
       z:
         E0                       = 0
         omega                    = 0
         t0                       = 0
         sigma                    = 0
grpopts:
   nrdf:     41470.9     75007.1
   ref-t:         300         300
   tau-t:           1           1
annealing:          No          No
annealing-npoints:           0           0
   acc:	           0           0           0
   nfreeze:           N           N           N
   energygrp-flags[  0]: 0

Changing nstlist from 20 to 25, rlist from 1.21 to 1.257


Initializing Domain Decomposition on 4 ranks
Dynamic load balancing: auto
Minimum cell size due to atom displacement: 0.692 nm
Initial maximum distances in bonded interactions:
    two-body bonded interactions: 0.749 nm, Bond, atoms 38813 38819
  multi-body bonded interactions: 1.152 nm, G96Angle, atoms 11535 11538
Minimum cell size due to bonded interactions: 1.257 nm
Scaling the initial minimum size with 1/0.8 (option -dds) = 1.25
Optimizing the DD grid for 4 cells with a minimum initial size of 1.571 nm
The maximum allowed number of cells is: X 12 Y 12 Z 7
Domain decomposition grid 4 x 1 x 1, separate PME ranks 0
Domain decomposition rank 0, coordinates 0 0 0

The initial number of communication pulses is: X 1
The initial domain decomposition cell size is: X 4.91 nm

The maximum allowed distance for atoms involved in interactions is:
                 non-bonded interactions           1.257 nm
(the following are initial values, they could change due to box deformation)
            two-body bonded interactions  (-rdd)   1.257 nm
          multi-body bonded interactions  (-rdd)   1.257 nm

When dynamic load balancing gets turned on, these settings will change to:
The maximum number of communication pulses is: X 1
The minimum size for domain decomposition cells is 1.257 nm
The requested allowed shrink of DD cells (option -dds) is: 0.80
The allowed shrink of domain decomposition cells is: X 0.26
The maximum allowed distance for atoms involved in interactions is:
                 non-bonded interactions           1.257 nm
            two-body bonded interactions  (-rdd)   1.257 nm
          multi-body bonded interactions  (-rdd)   1.257 nm

On host md1 2 GPUs selected for this run.
Mapping of GPU IDs to the 4 GPU tasks in the 4 ranks on this node:
  PP:0,PP:0,PP:1,PP:1
PP tasks will do (non-perturbed) short-ranged interactions on the GPU
PP task will update and constrain coordinates on the CPU
Using 4 MPI threads
Using 12 OpenMP threads per tMPI thread


NOTE: Your choice of number of MPI ranks and amount of resources results in using 12 OpenMP threads per rank, which is most likely inefficient. The optimum is usually between 2 and 6 threads per rank.

Pinning threads with an auto-selected logical core stride of 1
System total charge: 0.000
Reaction-Field:
epsRF = 0, rc = 1.1, krf = 0.375657, crf = 1.36364, epsfac = 9.26236
The electrostatics potential has its minimum at r = 1.1
Potential shift: LJ r^-12: -3.186e-01 r^-6: -5.645e-01

Using GPU 8x8 nonbonded short-range kernels

Using a dual 8x8 pair-list setup updated with dynamic, rolling pruning:
  outer list: updated every 25 steps, buffer 0.157 nm, rlist 1.257 nm
  inner list: updated every  4 steps, buffer 0.005 nm, rlist 1.105 nm
At tolerance 0.005 kJ/mol/ps per atom, equivalent classical 1x1 list would be:
  outer list: updated every 25 steps, buffer 0.261 nm, rlist 1.361 nm
  inner list: updated every  4 steps, buffer 0.026 nm, rlist 1.126 nm

Using full Lennard-Jones parameter combination matrix

Removing pbc first time

Will apply potential COM pulling
with 1 pull coordinate and 2 groups
Pull group 1:    16 atoms, mass   720.000
Pull group 2: 13824 atoms, mass 995328.000

Linking all bonded interactions to atoms


Intra-simulation communication will occur every 5 steps.

++++ PLEASE READ AND CITE THE FOLLOWING REFERENCE ++++
G. Bussi, D. Donadio and M. Parrinello
Canonical sampling through velocity rescaling
J. Chem. Phys. 126 (2007) pp. 014101
-------- -------- --- Thank You --- -------- --------

There are: 38827 Atoms
Atom distribution over 4 domains: av 9706 stddev 123 min 9688 max 9744
Center of mass motion removal mode is Linear
We have the following groups for center of mass motion removal:
  0:  rest
Initial temperature: 301.917 K

Started mdrun on rank 0 Sun May 21 09:48:48 2023

           Step           Time
              0        0.00000

   Energies (kJ/mol)
           Bond       G96Angle        LJ (SR)   Coulomb (SR)   COM Pull En.
    2.07469e+04    9.46041e+03   -9.44574e+05   -1.04893e+04    1.73955e-17
      Potential    Kinetic En.   Total Energy  Conserved En.    Temperature
   -9.24856e+05    1.43940e+05   -7.80916e+05   -7.80650e+05    2.97257e+02
 Pressure (bar)
    5.35044e+00


DD  step 24 load imb.: force  1.0%

DD  step 999 load imb.: force  2.0%
           Step           Time
           1000       20.00000

   Energies (kJ/mol)
           Bond       G96Angle        LJ (SR)   Coulomb (SR)   COM Pull En.
    2.11428e+04    9.51935e+03   -9.44569e+05   -1.03135e+04    4.41597e+00
      Potential    Kinetic En.   Total Energy  Conserved En.    Temperature
   -9.24216e+05    1.45876e+05   -7.78340e+05   -7.83264e+05    3.01255e+02
 Pressure (bar)
    6.12296e+00


DD  step 1999 load imb.: force  1.5%
           Step           Time
           2000       40.00000

   Energies (kJ/mol)
           Bond       G96Angle        LJ (SR)   Coulomb (SR)   COM Pull En.
    2.07188e+04    9.47493e+03   -9.44210e+05   -1.05022e+04    2.08141e+01
      Potential    Kinetic En.   Total Energy  Conserved En.    Temperature
   -9.24497e+05    1.44672e+05   -7.79826e+05   -7.85826e+05    2.98769e+02
 Pressure (bar)
   -1.64672e+01


DD  step 2999 load imb.: force  2.5%
           Step           Time
           3000       60.00000

   Energies (kJ/mol)
           Bond       G96Angle        LJ (SR)   Coulomb (SR)   COM Pull En.
    2.04294e+04    9.86687e+03   -9.42518e+05   -1.04669e+04    2.25643e+01
      Potential    Kinetic En.   Total Energy  Conserved En.    Temperature
   -9.22666e+05    1.45555e+05   -7.77110e+05   -7.88359e+05    3.00594e+02
 Pressure (bar)
   -1.08983e+01


DD  step 3999 load imb.: force  1.9%
           Step           Time
           4000       80.00000

   Energies (kJ/mol)
           Bond       G96Angle        LJ (SR)   Coulomb (SR)   COM Pull En.
    2.07000e+04    9.39634e+03   -9.45391e+05   -1.04978e+04    1.38277e+01
      Potential    Kinetic En.   Total Energy  Conserved En.    Temperature
   -9.25779e+05    1.44023e+05   -7.81755e+05   -7.90830e+05    2.97430e+02
 Pressure (bar)
   -4.59525e+01


DD  step 4999 load imb.: force  3.3%
           Step           Time
           5000      100.00000

   Energies (kJ/mol)
           Bond       G96Angle        LJ (SR)   Coulomb (SR)   COM Pull En.
    2.04446e+04    9.50955e+03   -9.42937e+05   -1.02374e+04    3.02394e+01
      Potential    Kinetic En.   Total Energy  Conserved En.    Temperature
   -9.23190e+05    1.45792e+05   -7.77398e+05   -7.93386e+05    3.01082e+02
 Pressure (bar)
    1.05329e+01


DD  step 5999 load imb.: force  3.1%
           Step           Time
           6000      120.00000

   Energies (kJ/mol)
           Bond       G96Angle        LJ (SR)   Coulomb (SR)   COM Pull En.
    2.01674e+04    9.55507e+03   -9.43861e+05   -1.03529e+04    2.36400e+01
      Potential    Kinetic En.   Total Energy  Conserved En.    Temperature
   -9.24468e+05    1.45367e+05   -7.79101e+05   -7.95918e+05    3.00205e+02
 Pressure (bar)
    1.10075e+01


DD  step 6999 load imb.: force  2.3%
           Step           Time
           7000      140.00000

   Energies (kJ/mol)
           Bond       G96Angle        LJ (SR)   Coulomb (SR)   COM Pull En.
    2.08900e+04    9.57164e+03   -9.44089e+05   -1.03989e+04    2.15722e+01
      Potential    Kinetic En.   Total Energy  Conserved En.    Temperature
   -9.24004e+05    1.45125e+05   -7.78880e+05   -7.98429e+05    2.99705e+02
 Pressure (bar)
   -1.43993e+01


DD  step 7999 load imb.: force  2.2%
           Step           Time
           8000      160.00000

   Energies (kJ/mol)
           Bond       G96Angle        LJ (SR)   Coulomb (SR)   COM Pull En.
    2.09208e+04    9.64834e+03   -9.43323e+05   -1.05085e+04    2.42115e+01
      Potential    Kinetic En.   Total Energy  Conserved En.    Temperature
   -9.23239e+05    1.44296e+05   -7.78942e+05   -8.00936e+05    2.97993e+02
 Pressure (bar)
    7.80036e-01


DD  step 8999 load imb.: force  1.6%
           Step           Time
           9000      180.00000

   Energies (kJ/mol)
           Bond       G96Angle        LJ (SR)   Coulomb (SR)   COM Pull En.
    2.01623e+04    9.53873e+03   -9.41945e+05   -1.04818e+04    5.16572e+01
      Potential    Kinetic En.   Total Energy  Conserved En.    Temperature
   -9.22674e+05    1.44316e+05   -7.78358e+05   -8.03402e+05    2.98034e+02
 Pressure (bar)
   -1.35362e+01


DD  step 9999 load imb.: force  2.4%
           Step           Time
          10000      200.00000

   Energies (kJ/mol)
           Bond       G96Angle        LJ (SR)   Coulomb (SR)   COM Pull En.
    2.06067e+04    9.57818e+03   -9.42808e+05   -1.03553e+04    1.70711e+01
      Potential    Kinetic En.   Total Energy  Conserved En.    Temperature
   -9.22962e+05    1.43676e+05   -7.79286e+05   -8.05946e+05    2.96712e+02
 Pressure (bar)
    1.11182e+01


DD  step 10999 load imb.: force  3.9%
           Step           Time
          11000      220.00000

   Energies (kJ/mol)
           Bond       G96Angle        LJ (SR)   Coulomb (SR)   COM Pull En.
    2.03148e+04    9.37021e+03   -9.41655e+05   -1.03349e+04    4.97852e+00
      Potential    Kinetic En.   Total Energy  Conserved En.    Temperature
   -9.22300e+05    1.46011e+05   -7.76289e+05   -8.08512e+05    3.01535e+02
 Pressure (bar)
    1.75827e+01


DD  step 11999 load imb.: force  1.7%
           Step           Time
          12000      240.00000

   Energies (kJ/mol)
           Bond       G96Angle        LJ (SR)   Coulomb (SR)   COM Pull En.
    2.05044e+04    9.47079e+03   -9.42965e+05   -1.03772e+04    1.70483e+01
      Potential    Kinetic En.   Total Energy  Conserved En.    Temperature
   -9.23350e+05    1.44612e+05   -7.78738e+05   -8.11024e+05    2.98645e+02
 Pressure (bar)
    2.90550e+01


DD  step 12999 load imb.: force  1.7%
           Step           Time
          13000      260.00000

   Energies (kJ/mol)
           Bond       G96Angle        LJ (SR)   Coulomb (SR)   COM Pull En.
    2.07712e+04    9.54006e+03   -9.43886e+05   -1.04375e+04    1.04067e+01
      Potential    Kinetic En.   Total Energy  Conserved En.    Temperature
   -9.24001e+05    1.46580e+05   -7.77421e+05   -8.13604e+05    3.02710e+02
 Pressure (bar)
    3.84636e-02


DD  step 13999 load imb.: force  1.6%
           Step           Time
          14000      280.00000

   Energies (kJ/mol)
           Bond       G96Angle        LJ (SR)   Coulomb (SR)   COM Pull En.
    2.05930e+04    9.52945e+03   -9.43360e+05   -1.04466e+04    1.70165e+01
      Potential    Kinetic En.   Total Energy  Conserved En.    Temperature
   -9.23667e+05    1.43397e+05   -7.80270e+05   -8.16130e+05    2.96136e+02
 Pressure (bar)
   -4.36540e+01


DD  step 14999 load imb.: force  2.6%
           Step           Time
          15000      300.00000

   Energies (kJ/mol)
           Bond       G96Angle        LJ (SR)   Coulomb (SR)   COM Pull En.
    2.05307e+04    9.59937e+03   -9.42732e+05   -1.04440e+04    2.19911e+01
      Potential    Kinetic En.   Total Energy  Conserved En.    Temperature
   -9.23024e+05    1.45893e+05   -7.77131e+05   -8.18655e+05    3.01292e+02
 Pressure (bar)
   -1.10963e+01


DD  step 15999 load imb.: force  1.6%
           Step           Time
          16000      320.00000

   Energies (kJ/mol)
           Bond       G96Angle        LJ (SR)   Coulomb (SR)   COM Pull En.
    2.02488e+04    9.68821e+03   -9.43197e+05   -1.03361e+04    2.75238e+01
      Potential    Kinetic En.   Total Energy  Conserved En.    Temperature
   -9.23569e+05    1.44305e+05   -7.79264e+05   -8.21201e+05    2.98012e+02
 Pressure (bar)
    1.78703e+01


DD  step 16999 load imb.: force  2.2%
           Step           Time
          17000      340.00000

   Energies (kJ/mol)
           Bond       G96Angle        LJ (SR)   Coulomb (SR)   COM Pull En.
    2.06567e+04    9.31795e+03   -9.43401e+05   -1.03823e+04    6.89295e+00
      Potential    Kinetic En.   Total Energy  Conserved En.    Temperature
   -9.23802e+05    1.44950e+05   -7.78852e+05   -8.23768e+05    2.99344e+02
 Pressure (bar)
   -1.61549e+01


DD  step 17999 load imb.: force  2.8%
           Step           Time
          18000      360.00000

   Energies (kJ/mol)
           Bond       G96Angle        LJ (SR)   Coulomb (SR)   COM Pull En.
    2.01573e+04    9.62460e+03   -9.43869e+05   -1.06060e+04    1.47329e+01
      Potential    Kinetic En.   Total Energy  Conserved En.    Temperature
   -9.24678e+05    1.44808e+05   -7.79870e+05   -8.26266e+05    2.99051e+02
 Pressure (bar)
    2.23469e+01


DD  step 18999 load imb.: force  1.4%
           Step           Time
          19000      380.00000

   Energies (kJ/mol)
           Bond       G96Angle        LJ (SR)   Coulomb (SR)   COM Pull En.
    2.05766e+04    9.47180e+03   -9.42590e+05   -1.04666e+04    8.59284e+00
      Potential    Kinetic En.   Total Energy  Conserved En.    Temperature
   -9.23000e+05    1.45870e+05   -7.77130e+05   -8.28790e+05    3.01244e+02
 Pressure (bar)
    6.48215e+00


DD  step 19999 load imb.: force  2.8%
           Step           Time
          20000      400.00000

   Energies (kJ/mol)
           Bond       G96Angle        LJ (SR)   Coulomb (SR)   COM Pull En.
    2.04224e+04    9.47159e+03   -9.42539e+05   -1.02823e+04    1.52662e+01
      Potential    Kinetic En.   Total Energy  Conserved En.    Temperature
   -9.22912e+05    1.44922e+05   -7.77991e+05   -8.31315e+05    2.99285e+02
 Pressure (bar)
   -4.15860e+00


DD  step 20999 load imb.: force  1.6%
           Step           Time
          21000      420.00000

   Energies (kJ/mol)
           Bond       G96Angle        LJ (SR)   Coulomb (SR)   COM Pull En.
    2.05572e+04    9.53318e+03   -9.44384e+05   -1.03024e+04    4.69615e+00
      Potential    Kinetic En.   Total Energy  Conserved En.    Temperature
   -9.24591e+05    1.44598e+05   -7.79993e+05   -8.33847e+05    2.98617e+02
 Pressure (bar)
    3.58523e+00


DD  step 21999 load imb.: force  2.0%
           Step           Time
          22000      440.00000

   Energies (kJ/mol)
           Bond       G96Angle        LJ (SR)   Coulomb (SR)   COM Pull En.
    2.01857e+04    9.68712e+03   -9.43766e+05   -1.03190e+04    6.82204e+00
      Potential    Kinetic En.   Total Energy  Conserved En.    Temperature
   -9.24206e+05    1.44346e+05   -7.79860e+05   -8.36376e+05    2.98096e+02
 Pressure (bar)
    9.19756e+00


DD  step 22999 load imb.: force  1.4%
           Step           Time
          23000      460.00000

   Energies (kJ/mol)
           Bond       G96Angle        LJ (SR)   Coulomb (SR)   COM Pull En.
    2.07711e+04    9.43629e+03   -9.43636e+05   -1.02931e+04    3.11437e+00
      Potential    Kinetic En.   Total Energy  Conserved En.    Temperature
   -9.23719e+05    1.46183e+05   -7.77536e+05   -8.38871e+05    3.01889e+02
 Pressure (bar)
   -2.44979e+00


DD  step 23999 load imb.: force  2.4%
           Step           Time
          24000      480.00000

   Energies (kJ/mol)
           Bond       G96Angle        LJ (SR)   Coulomb (SR)   COM Pull En.
    2.02067e+04    9.56608e+03   -9.42804e+05   -1.01664e+04    2.23255e+00
      Potential    Kinetic En.   Total Energy  Conserved En.    Temperature
   -9.23196e+05    1.44766e+05   -7.78430e+05   -8.41410e+05    2.98963e+02
 Pressure (bar)
    5.23551e+00


DD  step 24999 load imb.: force  3.1%
           Step           Time
          25000      500.00000

   Energies (kJ/mol)
           Bond       G96Angle        LJ (SR)   Coulomb (SR)   COM Pull En.
    2.04092e+04    9.61546e+03   -9.42247e+05   -1.02417e+04    1.18314e-03
      Potential    Kinetic En.   Total Energy  Conserved En.    Temperature
   -9.22464e+05    1.45638e+05   -7.76826e+05   -8.44003e+05    3.00764e+02
 Pressure (bar)
   -1.34736e+01


DD  step 25999 load imb.: force  3.1%
           Step           Time
          26000      520.00000

   Energies (kJ/mol)
           Bond       G96Angle        LJ (SR)   Coulomb (SR)   COM Pull En.
    2.08049e+04    9.44458e+03   -9.44926e+05   -1.03218e+04    1.06641e+00
      Potential    Kinetic En.   Total Energy  Conserved En.    Temperature
   -9.24997e+05    1.44192e+05   -7.80805e+05   -8.46584e+05    2.97778e+02
 Pressure (bar)
   -4.02652e+01


DD  step 26999 load imb.: force  2.5%
           Step           Time
          27000      540.00000

   Energies (kJ/mol)
           Bond       G96Angle        LJ (SR)   Coulomb (SR)   COM Pull En.
    2.05770e+04    9.52973e+03   -9.44222e+05   -1.03530e+04    7.14914e-02
      Potential    Kinetic En.   Total Energy  Conserved En.    Temperature
   -9.24468e+05    1.45402e+05   -7.79066e+05   -8.49140e+05    3.00277e+02
 Pressure (bar)
    1.43296e+01


-------------------------------------------------------
Program:     gmx mdrun, version 2020.4
Source file: src/gromacs/pulling/pull.cpp (line 497)
MPI rank:    1 (out of 4)

Fatal error:
Distance between pull groups 1 and 2 (5.710041 nm) is larger than 0.49 times
the box size (5.709199).
You might want to consider using "pull-geometry = direction-periodic" instead.

For more information and tips for troubleshooting, please check the GROMACS
website at http://www.gromacs.org/Documentation/Errors
-------------------------------------------------------
